#2026 06 15 10:15:43.330#Z#DEBUG#085a00a9-68a3-11f1-a1bc-eeee0a9cb8c4.Leave_SAP#flowable-async-job-executor-thread-119#
[PollStartAppStatusExecution] c1e2aabd-8a9e-4b0d-a9f0-599b3c07b6c7 [2026-06-15T10:15:05.617265] Updated app with guid c1e2aabd-8a9e-4b0d-a9f0-599b3c07b6c7 ({"lifecycle"=>{"data"=>{"buildpacks"=>[]}, "type"=>"buildpack"}}) (STDOUT, API)#
#2026 06 15 10:15:43.330#Z#DEBUG#085a00a9-68a3-11f1-a1bc-eeee0a9cb8c4.Leave_SAP#flowable-async-job-executor-thread-119#
[PollStartAppStatusExecution] c1e2aabd-8a9e-4b0d-a9f0-599b3c07b6c7 [2026-06-15T10:15:05.713690] Updating process: "web" (STDOUT, API)#
#2026 06 15 10:15:43.330#Z#DEBUG#085a00a9-68a3-11f1-a1bc-eeee0a9cb8c4.Leave_SAP#flowable-async-job-executor-thread-119#
[PollStartAppStatusExecution] c1e2aabd-8a9e-4b0d-a9f0-599b3c07b6c7 [2026-06-15T10:15:34.233134] Stopping app with guid c1e2aabd-8a9e-4b0d-a9f0-599b3c07b6c7 (STDOUT, API)#
#2026 06 15 10:15:43.330#Z#DEBUG#085a00a9-68a3-11f1-a1bc-eeee0a9cb8c4.Leave_SAP#flowable-async-job-executor-thread-119#
[PollStartAppStatusExecution] c1e2aabd-8a9e-4b0d-a9f0-599b3c07b6c7 [2026-06-15T10:15:34.271786] Cell 684caff8-89cd-492b-be01-b3d0835f1763 stopping instance 33a30b4a-5b45-4c84-6ab4-6933 (STDOUT, CELL)#
#2026 06 15 10:15:43.330#Z#DEBUG#085a00a9-68a3-11f1-a1bc-eeee0a9cb8c4.Leave_SAP#flowable-async-job-executor-thread-119#
[PollStartAppStatusExecution] c1e2aabd-8a9e-4b0d-a9f0-599b3c07b6c7 [2026-06-15T10:15:34.587567] Starting app with guid c1e2aabd-8a9e-4b0d-a9f0-599b3c07b6c7 (STDOUT, API)#
#2026 06 15 10:15:43.330#Z#DEBUG#085a00a9-68a3-11f1-a1bc-eeee0a9cb8c4.Leave_SAP#flowable-async-job-executor-thread-119#
[PollStartAppStatusExecution] c1e2aabd-8a9e-4b0d-a9f0-599b3c07b6c7 [2026-06-15T10:15:34.835272] Cell d1cc041a-d5a1-41d6-b9f6-6cda736ce3f0 creating container for instance d06d3aa5-f9a5-4ea5-63d2-7216 (STDOUT, CELL)#
#2026 06 15 10:15:43.330#Z#DEBUG#085a00a9-68a3-11f1-a1bc-eeee0a9cb8c4.Leave_SAP#flowable-async-job-executor-thread-119#
[PollStartAppStatusExecution] c1e2aabd-8a9e-4b0d-a9f0-599b3c07b6c7 [2026-06-15T10:15:35.685129] Security group rules were updated (STDOUT, CELL)#
#2026 06 15 10:15:43.330#Z#DEBUG#085a00a9-68a3-11f1-a1bc-eeee0a9cb8c4.Leave_SAP#flowable-async-job-executor-thread-119#
[PollStartAppStatusExecution] c1e2aabd-8a9e-4b0d-a9f0-599b3c07b6c7 [2026-06-15T10:15:35.976751] Cell d1cc041a-d5a1-41d6-b9f6-6cda736ce3f0 successfully created container for instance d06d3aa5-f9a5-4ea5-63d2-7216 (STDOUT, CELL)#
#2026 06 15 10:15:43.330#Z#DEBUG#085a00a9-68a3-11f1-a1bc-eeee0a9cb8c4.Leave_SAP#flowable-async-job-executor-thread-119#
[PollStartAppStatusExecution] c1e2aabd-8a9e-4b0d-a9f0-599b3c07b6c7 [2026-06-15T10:15:36.978103] Downloading droplet... (STDOUT, CELL)#
#2026 06 15 10:15:53.334#Z#DEBUG#085a00a9-68a3-11f1-a1bc-eeee0a9cb8c4.Leave_SAP#flowable-async-job-executor-thread-144#
[PollStartAppStatusExecution] c1e2aabd-8a9e-4b0d-a9f0-599b3c07b6c7 [2026-06-15T10:15:44.510671] Downloaded droplet (62.2M) (STDOUT, CELL)#
#2026 06 15 10:15:53.334#Z#DEBUG#085a00a9-68a3-11f1-a1bc-eeee0a9cb8c4.Leave_SAP#flowable-async-job-executor-thread-144#
[PollStartAppStatusExecution] c1e2aabd-8a9e-4b0d-a9f0-599b3c07b6c7 [2026-06-15T10:15:44.510841] Starting health monitoring of container (STDOUT, CELL)#
#2026 06 15 10:15:53.334#Z#DEBUG#085a00a9-68a3-11f1-a1bc-eeee0a9cb8c4.Leave_SAP#flowable-async-job-executor-thread-144#
[PollStartAppStatusExecution] c1e2aabd-8a9e-4b0d-a9f0-599b3c07b6c7 [2026-06-15T10:15:44.787539] Invoking pre-start scripts. (STDOUT, APP/PROC/WEB)#
#2026 06 15 10:15:53.334#Z#DEBUG#085a00a9-68a3-11f1-a1bc-eeee0a9cb8c4.Leave_SAP#flowable-async-job-executor-thread-144#
[PollStartAppStatusExecution] c1e2aabd-8a9e-4b0d-a9f0-599b3c07b6c7 [2026-06-15T10:15:45.044364] Invoking start command. (STDOUT, APP/PROC/WEB)#
#2026 06 15 10:15:53.334#Z#DEBUG#085a00a9-68a3-11f1-a1bc-eeee0a9cb8c4.Leave_SAP#flowable-async-job-executor-thread-144#
[PollStartAppStatusExecution] c1e2aabd-8a9e-4b0d-a9f0-599b3c07b6c7 [2026-06-15T10:15:45.677169] > start (STDOUT, APP/PROC/WEB)#
#2026 06 15 10:15:53.334#Z#DEBUG#085a00a9-68a3-11f1-a1bc-eeee0a9cb8c4.Leave_SAP#flowable-async-job-executor-thread-144#
[PollStartAppStatusExecution] c1e2aabd-8a9e-4b0d-a9f0-599b3c07b6c7 [2026-06-15T10:15:45.677203] > node node_modules/@sap/approuter/approuter.js (STDOUT, APP/PROC/WEB)#
#2026 06 15 10:15:53.334#Z#DEBUG#085a00a9-68a3-11f1-a1bc-eeee0a9cb8c4.Leave_SAP#flowable-async-job-executor-thread-144#
[PollStartAppStatusExecution] c1e2aabd-8a9e-4b0d-a9f0-599b3c07b6c7 [2026-06-15T10:15:45.911098] {"written_at":"2026-06-15T10:15:45.909Z","written_ts":1781518545909000000,"csn_component":"-","correlation_id":"-","type":"log","logger":"nodejs-logger","layer":"/LoggingLibrary","level":"warning","container_id":"10.32.1.5","component_type":"application","component_id":"c1e2aabd-8a9e-4b0d-a9f0-599b3c07b6c7","component_name":"Leave_SAP","component_instance":-1,"source_instance":-1,"organization_id":"8242d63d-2242-4502-9b05-27e72fb11bfc","organization_name":"6babf1f9trial","space_id":"a09ec884-7189-4afe-8c0e-0921f8f96abc","space_name":"dev","context_id":"","msg":"Dynamic log level switching not available"} (STDOUT, APP/PROC/WEB)#
#2026 06 15 10:15:53.334#Z#DEBUG#085a00a9-68a3-11f1-a1bc-eeee0a9cb8c4.Leave_SAP#flowable-async-job-executor-thread-144#
[PollStartAppStatusExecution] c1e2aabd-8a9e-4b0d-a9f0-599b3c07b6c7 [2026-06-15T10:15:46.628310] {"written_at":"2026-06-15T10:15:46.627Z","written_ts":1781518546627000000,"csn_component":"-","correlation_id":"mqf25877","type":"log","logger":"nodejs-logger","layer":"/approuter","level":"info","container_id":"10.32.1.5","component_type":"application","component_id":"c1e2aabd-8a9e-4b0d-a9f0-599b3c07b6c7","component_name":"Leave_SAP","component_instance":-1,"source_instance":-1,"organization_id":"8242d63d-2242-4502-9b05-27e72fb11bfc","organization_name":"6babf1f9trial","space_id":"a09ec884-7189-4afe-8c0e-0921f8f96abc","space_name":"dev","context_id":"mqf25877","msg":"Application router version 21.5.0"} (STDOUT, APP/PROC/WEB)#
#2026 06 15 10:15:53.334#Z#DEBUG#085a00a9-68a3-11f1-a1bc-eeee0a9cb8c4.Leave_SAP#flowable-async-job-executor-thread-144#
[PollStartAppStatusExecution] c1e2aabd-8a9e-4b0d-a9f0-599b3c07b6c7 [2026-06-15T10:15:46.634545] {"written_at":"2026-06-15T10:15:46.634Z","written_ts":1781518546634000000,"csn_component":"-","correlation_id":"mqf2587e","type":"log","logger":"nodejs-logger","layer":"/Configuration","level":"info","container_id":"10.32.1.5","component_type":"application","component_id":"c1e2aabd-8a9e-4b0d-a9f0-599b3c07b6c7","component_name":"Leave_SAP","component_instance":-1,"source_instance":-1,"organization_id":"8242d63d-2242-4502-9b05-27e72fb11bfc","organization_name":"6babf1f9trial","space_id":"a09ec884-7189-4afe-8c0e-0921f8f96abc","space_name":"dev","context_id":"mqf2587e","msg":"No COOKIES environment variable"} (STDOUT, APP/PROC/WEB)#
#2026 06 15 10:15:53.334#Z#DEBUG#085a00a9-68a3-11f1-a1bc-eeee0a9cb8c4.Leave_SAP#flowable-async-job-executor-thread-144#
[PollStartAppStatusExecution] c1e2aabd-8a9e-4b0d-a9f0-599b3c07b6c7 [2026-06-15T10:15:46.641622] {"written_at":"2026-06-15T10:15:46.641Z","written_ts":1781518546641000000,"csn_component":"-","correlation_id":"mqf2587l","type":"log","logger":"nodejs-logger","layer":"/Configuration","level":"info","container_id":"10.32.1.5","component_type":"application","component_id":"c1e2aabd-8a9e-4b0d-a9f0-599b3c07b6c7","component_name":"Leave_SAP","component_instance":-1,"source_instance":-1,"organization_id":"8242d63d-2242-4502-9b05-27e72fb11bfc","organization_name":"6babf1f9trial","space_id":"a09ec884-7189-4afe-8c0e-0921f8f96abc","space_name":"dev","context_id":"mqf2587l","msg":"xs-app.json: Application does not have directory for static resources!"} (STDOUT, APP/PROC/WEB)#
#2026 06 15 10:15:53.334#Z#DEBUG#085a00a9-68a3-11f1-a1bc-eeee0a9cb8c4.Leave_SAP#flowable-async-job-executor-thread-144#
[PollStartAppStatusExecution] c1e2aabd-8a9e-4b0d-a9f0-599b3c07b6c7 [2026-06-15T10:15:46.693563] {"written_at":"2026-06-15T10:15:46.693Z","written_ts":1781518546693000000,"csn_component":"-","correlation_id":"mqf25877","type":"log","logger":"nodejs-logger","layer":"/approuter","level":"info","container_id":"10.32.1.5","component_type":"application","component_id":"c1e2aabd-8a9e-4b0d-a9f0-599b3c07b6c7","component_name":"Leave_SAP","component_instance":-1,"source_instance":-1,"organization_id":"8242d63d-2242-4502-9b05-27e72fb11bfc","organization_name":"6babf1f9trial","space_id":"a09ec884-7189-4afe-8c0e-0921f8f96abc","space_name":"dev","context_id":"mqf25877","msg":"Application router is listening on port: 8080"} (STDOUT, APP/PROC/WEB)#
#2026 06 15 10:15:53.334#Z#DEBUG#085a00a9-68a3-11f1-a1bc-eeee0a9cb8c4.Leave_SAP#flowable-async-job-executor-thread-144#
[PollStartAppStatusExecution] c1e2aabd-8a9e-4b0d-a9f0-599b3c07b6c7 [2026-06-15T10:15:47.363385] Container became healthy (STDOUT, CELL)#
#2026 06 15 10:15:53.334#Z#DEBUG#085a00a9-68a3-11f1-a1bc-eeee0a9cb8c4.Leave_SAP#flowable-async-job-executor-thread-144#
[PollStartAppStatusExecution] c1e2aabd-8a9e-4b0d-a9f0-599b3c07b6c7 [2026-06-15T10:15:47.394570] Process became ready with guid c1e2aabd-8a9e-4b0d-a9f0-599b3c07b6c7 payload: {"instance"=>"d06d3aa5-f9a5-4ea5-63d2-7216", "index"=>0, "cell_id"=>"d1cc041a-d5a1-41d6-b9f6-6cda736ce3f0", "ready"=>true, "version"=>"cc2d7aa8-f819-4ecc-96be-e9f7b0908632"} (STDOUT, API)#
