#2026 06 15 10:15:33.081#Z#DEBUG#085a00a9-68a3-11f1-a1bc-eeee0a9cb8c4.Leave_SAP-db-deployer#flowable-async-job-executor-thread-174#
[PollStageAppStatusExecution] 34a6a01a-8300-4b82-9c1e-ff6752a8bf21 [2026-06-15T10:15:06.075576] Updated app with guid 34a6a01a-8300-4b82-9c1e-ff6752a8bf21 ({"lifecycle"=>{"data"=>{"buildpacks"=>["nodejs_buildpack"]}, "type"=>"buildpack"}}) (STDOUT, API)#
#2026 06 15 10:15:33.081#Z#DEBUG#085a00a9-68a3-11f1-a1bc-eeee0a9cb8c4.Leave_SAP-db-deployer#flowable-async-job-executor-thread-174#
[PollStageAppStatusExecution] 34a6a01a-8300-4b82-9c1e-ff6752a8bf21 [2026-06-15T10:15:06.179958] Updating process: "web" (STDOUT, API)#
#2026 06 15 10:15:33.081#Z#DEBUG#085a00a9-68a3-11f1-a1bc-eeee0a9cb8c4.Leave_SAP-db-deployer#flowable-async-job-executor-thread-174#
[PollStageAppStatusExecution] 34a6a01a-8300-4b82-9c1e-ff6752a8bf21 [2026-06-15T10:15:13.051781] Uploading app package for app with guid 34a6a01a-8300-4b82-9c1e-ff6752a8bf21 (STDOUT, API)#
#2026 06 15 10:15:33.081#Z#DEBUG#085a00a9-68a3-11f1-a1bc-eeee0a9cb8c4.Leave_SAP-db-deployer#flowable-async-job-executor-thread-174#
[PollStageAppStatusExecution] 34a6a01a-8300-4b82-9c1e-ff6752a8bf21 [2026-06-15T10:15:13.268783] Updated app with guid 34a6a01a-8300-4b82-9c1e-ff6752a8bf21 ({"environment_variables"=>"[PRIVATE DATA HIDDEN]"}) (STDOUT, API)#
#2026 06 15 10:15:33.081#Z#DEBUG#085a00a9-68a3-11f1-a1bc-eeee0a9cb8c4.Leave_SAP-db-deployer#flowable-async-job-executor-thread-174#
[PollStageAppStatusExecution] 34a6a01a-8300-4b82-9c1e-ff6752a8bf21 [2026-06-15T10:15:23.360734] Creating build for app with guid 34a6a01a-8300-4b82-9c1e-ff6752a8bf21 (STDOUT, API)#
#2026 06 15 10:15:33.081#Z#DEBUG#085a00a9-68a3-11f1-a1bc-eeee0a9cb8c4.Leave_SAP-db-deployer#flowable-async-job-executor-thread-174#
[PollStageAppStatusExecution] 34a6a01a-8300-4b82-9c1e-ff6752a8bf21 [2026-06-15T10:15:23.775370] Downloading nodejs_buildpack... (STDOUT, STG)#
#2026 06 15 10:15:33.081#Z#DEBUG#085a00a9-68a3-11f1-a1bc-eeee0a9cb8c4.Leave_SAP-db-deployer#flowable-async-job-executor-thread-174#
[PollStageAppStatusExecution] 34a6a01a-8300-4b82-9c1e-ff6752a8bf21 [2026-06-15T10:15:23.822566] Downloaded nodejs_buildpack (STDOUT, STG)#
#2026 06 15 10:15:33.081#Z#DEBUG#085a00a9-68a3-11f1-a1bc-eeee0a9cb8c4.Leave_SAP-db-deployer#flowable-async-job-executor-thread-174#
[PollStageAppStatusExecution] 34a6a01a-8300-4b82-9c1e-ff6752a8bf21 [2026-06-15T10:15:23.822682] Cell 77283d80-dfa7-40ba-ba4e-265aef112085 creating container for instance 5741bf83-6684-444d-9639-2c959e1552a0 (STDOUT, STG)#
#2026 06 15 10:15:33.081#Z#DEBUG#085a00a9-68a3-11f1-a1bc-eeee0a9cb8c4.Leave_SAP-db-deployer#flowable-async-job-executor-thread-174#
[PollStageAppStatusExecution] 34a6a01a-8300-4b82-9c1e-ff6752a8bf21 [2026-06-15T10:15:24.682992] Security group rules were updated (STDOUT, STG)#
#2026 06 15 10:15:33.081#Z#DEBUG#085a00a9-68a3-11f1-a1bc-eeee0a9cb8c4.Leave_SAP-db-deployer#flowable-async-job-executor-thread-174#
[PollStageAppStatusExecution] 34a6a01a-8300-4b82-9c1e-ff6752a8bf21 [2026-06-15T10:15:24.775026] Cell 77283d80-dfa7-40ba-ba4e-265aef112085 successfully created container for instance 5741bf83-6684-444d-9639-2c959e1552a0 (STDOUT, STG)#
#2026 06 15 10:15:33.081#Z#DEBUG#085a00a9-68a3-11f1-a1bc-eeee0a9cb8c4.Leave_SAP-db-deployer#flowable-async-job-executor-thread-174#
[PollStageAppStatusExecution] 34a6a01a-8300-4b82-9c1e-ff6752a8bf21 [2026-06-15T10:15:25.915386] Downloading app package... (STDOUT, STG)#
#2026 06 15 10:15:33.081#Z#DEBUG#085a00a9-68a3-11f1-a1bc-eeee0a9cb8c4.Leave_SAP-db-deployer#flowable-async-job-executor-thread-174#
[PollStageAppStatusExecution] 34a6a01a-8300-4b82-9c1e-ff6752a8bf21 [2026-06-15T10:15:25.915440] Downloading build artifacts cache... (STDOUT, STG)#
#2026 06 15 10:15:33.081#Z#DEBUG#085a00a9-68a3-11f1-a1bc-eeee0a9cb8c4.Leave_SAP-db-deployer#flowable-async-job-executor-thread-174#
[PollStageAppStatusExecution] 34a6a01a-8300-4b82-9c1e-ff6752a8bf21 [2026-06-15T10:15:26.036858] Downloaded build artifacts cache (227B) (STDOUT, STG)#
#2026 06 15 10:15:33.081#Z#DEBUG#085a00a9-68a3-11f1-a1bc-eeee0a9cb8c4.Leave_SAP-db-deployer#flowable-async-job-executor-thread-174#
[PollStageAppStatusExecution] 34a6a01a-8300-4b82-9c1e-ff6752a8bf21 [2026-06-15T10:15:26.436828] Downloaded app package (2.3M) (STDOUT, STG)#
#2026 06 15 10:15:33.081#Z#DEBUG#085a00a9-68a3-11f1-a1bc-eeee0a9cb8c4.Leave_SAP-db-deployer#flowable-async-job-executor-thread-174#
[PollStageAppStatusExecution] 34a6a01a-8300-4b82-9c1e-ff6752a8bf21 [2026-06-15T10:15:26.564700] -----> Nodejs Buildpack version 1.9.1 (STDOUT, STG)#
#2026 06 15 10:15:33.081#Z#DEBUG#085a00a9-68a3-11f1-a1bc-eeee0a9cb8c4.Leave_SAP-db-deployer#flowable-async-job-executor-thread-174#
[PollStageAppStatusExecution] 34a6a01a-8300-4b82-9c1e-ff6752a8bf21 [2026-06-15T10:15:26.783465] -----> Bootstrapping python (STDOUT, STG)#
#2026 06 15 10:15:33.081#Z#DEBUG#085a00a9-68a3-11f1-a1bc-eeee0a9cb8c4.Leave_SAP-db-deployer#flowable-async-job-executor-thread-174#
[PollStageAppStatusExecution] 34a6a01a-8300-4b82-9c1e-ff6752a8bf21 [2026-06-15T10:15:26.783493] -----> Installing python 3.13.13 (STDOUT, STG)#
#2026 06 15 10:15:33.081#Z#DEBUG#085a00a9-68a3-11f1-a1bc-eeee0a9cb8c4.Leave_SAP-db-deployer#flowable-async-job-executor-thread-174#
[PollStageAppStatusExecution] 34a6a01a-8300-4b82-9c1e-ff6752a8bf21 [2026-06-15T10:15:26.783512] Copy [/tmp/buildpacks/ac648aa71a7866ca/dependencies/268a5e3743d51a14b86ea9da64439307/python_3.13.13_linux_x64_cflinuxfs4_8311abbf.tgz] (STDOUT, STG)#
#2026 06 15 10:15:33.081#Z#DEBUG#085a00a9-68a3-11f1-a1bc-eeee0a9cb8c4.Leave_SAP-db-deployer#flowable-async-job-executor-thread-174#
[PollStageAppStatusExecution] 34a6a01a-8300-4b82-9c1e-ff6752a8bf21 [2026-06-15T10:15:31.319371] -----> Installing binaries (STDOUT, STG)#
#2026 06 15 10:15:33.081#Z#DEBUG#085a00a9-68a3-11f1-a1bc-eeee0a9cb8c4.Leave_SAP-db-deployer#flowable-async-job-executor-thread-174#
[PollStageAppStatusExecution] 34a6a01a-8300-4b82-9c1e-ff6752a8bf21 [2026-06-15T10:15:31.319497] engines.node (package.json): >=18 (STDOUT, STG)#
#2026 06 15 10:15:33.081#Z#DEBUG#085a00a9-68a3-11f1-a1bc-eeee0a9cb8c4.Leave_SAP-db-deployer#flowable-async-job-executor-thread-174#
[PollStageAppStatusExecution] 34a6a01a-8300-4b82-9c1e-ff6752a8bf21 [2026-06-15T10:15:31.319519] engines.npm (package.json): unspecified (use default) (STDOUT, STG)#
#2026 06 15 10:15:33.081#Z#DEBUG#085a00a9-68a3-11f1-a1bc-eeee0a9cb8c4.Leave_SAP-db-deployer#flowable-async-job-executor-thread-174#
[PollStageAppStatusExecution] 34a6a01a-8300-4b82-9c1e-ff6752a8bf21 [2026-06-15T10:15:31.319523] [31;1m**WARNING**[0m Dangerous semver range (>) in engines.node. See: http://docs.cloudfoundry.org/buildpacks/node/node-tips.html (STDOUT, STG)#
#2026 06 15 10:15:33.081#Z#DEBUG#085a00a9-68a3-11f1-a1bc-eeee0a9cb8c4.Leave_SAP-db-deployer#flowable-async-job-executor-thread-174#
[PollStageAppStatusExecution] 34a6a01a-8300-4b82-9c1e-ff6752a8bf21 [2026-06-15T10:15:31.319600] -----> Installing node 24.15.0 (STDOUT, STG)#
#2026 06 15 10:15:33.081#Z#DEBUG#085a00a9-68a3-11f1-a1bc-eeee0a9cb8c4.Leave_SAP-db-deployer#flowable-async-job-executor-thread-174#
[PollStageAppStatusExecution] 34a6a01a-8300-4b82-9c1e-ff6752a8bf21 [2026-06-15T10:15:31.319811] Copy [/tmp/buildpacks/ac648aa71a7866ca/dependencies/6441e97e6386f47ec4c16cfdf8db0a17/node_24.15.0_linux_x64_cflinuxfs4_1a62d98b.tgz] (STDOUT, STG)#
#2026 06 15 10:15:43.421#Z#DEBUG#085a00a9-68a3-11f1-a1bc-eeee0a9cb8c4.Leave_SAP-db-deployer#flowable-async-job-executor-thread-143#
[PollStageAppStatusExecution] 34a6a01a-8300-4b82-9c1e-ff6752a8bf21 [2026-06-15T10:15:33.820964] Using default npm version: 11.12.1 (STDOUT, STG)#
#2026 06 15 10:15:43.421#Z#DEBUG#085a00a9-68a3-11f1-a1bc-eeee0a9cb8c4.Leave_SAP-db-deployer#flowable-async-job-executor-thread-143#
[PollStageAppStatusExecution] 34a6a01a-8300-4b82-9c1e-ff6752a8bf21 [2026-06-15T10:15:33.821] -----> Installing yarn 1.22.22 (STDOUT, STG)#
#2026 06 15 10:15:43.421#Z#DEBUG#085a00a9-68a3-11f1-a1bc-eeee0a9cb8c4.Leave_SAP-db-deployer#flowable-async-job-executor-thread-143#
[PollStageAppStatusExecution] 34a6a01a-8300-4b82-9c1e-ff6752a8bf21 [2026-06-15T10:15:33.821204] Copy [/tmp/buildpacks/ac648aa71a7866ca/dependencies/e4fe26756e9984a665478d350474fa2e/yarn_1.22.22_linux_noarch_any-stack_b6132b86.tgz] (STDOUT, STG)#
#2026 06 15 10:15:43.421#Z#DEBUG#085a00a9-68a3-11f1-a1bc-eeee0a9cb8c4.Leave_SAP-db-deployer#flowable-async-job-executor-thread-143#
[PollStageAppStatusExecution] 34a6a01a-8300-4b82-9c1e-ff6752a8bf21 [2026-06-15T10:15:34.205232] Installed yarn 1.22.22 (STDOUT, STG)#
#2026 06 15 10:15:43.421#Z#DEBUG#085a00a9-68a3-11f1-a1bc-eeee0a9cb8c4.Leave_SAP-db-deployer#flowable-async-job-executor-thread-143#
[PollStageAppStatusExecution] 34a6a01a-8300-4b82-9c1e-ff6752a8bf21 [2026-06-15T10:15:34.205272] -----> Creating runtime environment (STDOUT, STG)#
#2026 06 15 10:15:43.421#Z#DEBUG#085a00a9-68a3-11f1-a1bc-eeee0a9cb8c4.Leave_SAP-db-deployer#flowable-async-job-executor-thread-143#
[PollStageAppStatusExecution] 34a6a01a-8300-4b82-9c1e-ff6752a8bf21 [2026-06-15T10:15:34.207111] NODE_ENV=production (STDOUT, STG)#
#2026 06 15 10:15:43.421#Z#DEBUG#085a00a9-68a3-11f1-a1bc-eeee0a9cb8c4.Leave_SAP-db-deployer#flowable-async-job-executor-thread-143#
[PollStageAppStatusExecution] 34a6a01a-8300-4b82-9c1e-ff6752a8bf21 [2026-06-15T10:15:34.207129] NODE_HOME=/tmp/contents3377439255/deps/0/node (STDOUT, STG)#
#2026 06 15 10:15:43.421#Z#DEBUG#085a00a9-68a3-11f1-a1bc-eeee0a9cb8c4.Leave_SAP-db-deployer#flowable-async-job-executor-thread-143#
[PollStageAppStatusExecution] 34a6a01a-8300-4b82-9c1e-ff6752a8bf21 [2026-06-15T10:15:34.207136] NODE_MODULES_CACHE=true (STDOUT, STG)#
#2026 06 15 10:15:43.421#Z#DEBUG#085a00a9-68a3-11f1-a1bc-eeee0a9cb8c4.Leave_SAP-db-deployer#flowable-async-job-executor-thread-143#
[PollStageAppStatusExecution] 34a6a01a-8300-4b82-9c1e-ff6752a8bf21 [2026-06-15T10:15:34.207203] NODE_VERBOSE=false (STDOUT, STG)#
#2026 06 15 10:15:43.421#Z#DEBUG#085a00a9-68a3-11f1-a1bc-eeee0a9cb8c4.Leave_SAP-db-deployer#flowable-async-job-executor-thread-143#
[PollStageAppStatusExecution] 34a6a01a-8300-4b82-9c1e-ff6752a8bf21 [2026-06-15T10:15:34.207366] NPM_CONFIG_LOGLEVEL=error (STDOUT, STG)#
#2026 06 15 10:15:43.421#Z#DEBUG#085a00a9-68a3-11f1-a1bc-eeee0a9cb8c4.Leave_SAP-db-deployer#flowable-async-job-executor-thread-143#
[PollStageAppStatusExecution] 34a6a01a-8300-4b82-9c1e-ff6752a8bf21 [2026-06-15T10:15:34.207379] NPM_CONFIG_PRODUCTION=true (STDOUT, STG)#
#2026 06 15 10:15:43.421#Z#DEBUG#085a00a9-68a3-11f1-a1bc-eeee0a9cb8c4.Leave_SAP-db-deployer#flowable-async-job-executor-thread-143#
[PollStageAppStatusExecution] 34a6a01a-8300-4b82-9c1e-ff6752a8bf21 [2026-06-15T10:15:34.207490] -----> Building dependencies (STDOUT, STG)#
#2026 06 15 10:15:43.421#Z#DEBUG#085a00a9-68a3-11f1-a1bc-eeee0a9cb8c4.Leave_SAP-db-deployer#flowable-async-job-executor-thread-143#
[PollStageAppStatusExecution] 34a6a01a-8300-4b82-9c1e-ff6752a8bf21 [2026-06-15T10:15:34.207502] Prebuild detected (node_modules already exists) (STDOUT, STG)#
#2026 06 15 10:15:43.421#Z#DEBUG#085a00a9-68a3-11f1-a1bc-eeee0a9cb8c4.Leave_SAP-db-deployer#flowable-async-job-executor-thread-143#
[PollStageAppStatusExecution] 34a6a01a-8300-4b82-9c1e-ff6752a8bf21 [2026-06-15T10:15:34.207574] Rebuilding any native modules (STDOUT, STG)#
#2026 06 15 10:15:43.421#Z#DEBUG#085a00a9-68a3-11f1-a1bc-eeee0a9cb8c4.Leave_SAP-db-deployer#flowable-async-job-executor-thread-143#
[PollStageAppStatusExecution] 34a6a01a-8300-4b82-9c1e-ff6752a8bf21 [2026-06-15T10:15:34.793630] rebuilt dependencies successfully (STDOUT, STG)#
#2026 06 15 10:15:43.421#Z#DEBUG#085a00a9-68a3-11f1-a1bc-eeee0a9cb8c4.Leave_SAP-db-deployer#flowable-async-job-executor-thread-143#
[PollStageAppStatusExecution] 34a6a01a-8300-4b82-9c1e-ff6752a8bf21 [2026-06-15T10:15:34.856070] Installing any new modules (package.json + package-lock.json) (STDOUT, STG)#
#2026 06 15 10:15:43.421#Z#DEBUG#085a00a9-68a3-11f1-a1bc-eeee0a9cb8c4.Leave_SAP-db-deployer#flowable-async-job-executor-thread-143#
[PollStageAppStatusExecution] 34a6a01a-8300-4b82-9c1e-ff6752a8bf21 [2026-06-15T10:15:35.318158] up to date in 377ms (STDOUT, STG)#
#2026 06 15 10:15:43.421#Z#DEBUG#085a00a9-68a3-11f1-a1bc-eeee0a9cb8c4.Leave_SAP-db-deployer#flowable-async-job-executor-thread-143#
[PollStageAppStatusExecution] 34a6a01a-8300-4b82-9c1e-ff6752a8bf21 [2026-06-15T10:15:35.318674] 4 packages are looking for funding (STDOUT, STG)#
#2026 06 15 10:15:43.421#Z#DEBUG#085a00a9-68a3-11f1-a1bc-eeee0a9cb8c4.Leave_SAP-db-deployer#flowable-async-job-executor-thread-143#
[PollStageAppStatusExecution] 34a6a01a-8300-4b82-9c1e-ff6752a8bf21 [2026-06-15T10:15:35.318818] run `npm fund` for details (STDOUT, STG)#
#2026 06 15 10:15:43.421#Z#DEBUG#085a00a9-68a3-11f1-a1bc-eeee0a9cb8c4.Leave_SAP-db-deployer#flowable-async-job-executor-thread-143#
[PollStageAppStatusExecution] 34a6a01a-8300-4b82-9c1e-ff6752a8bf21 [2026-06-15T10:15:35.987107] Contrast Security no credentials found. Will not write environment files. (STDOUT, STG)#
#2026 06 15 10:15:53.441#Z#DEBUG#085a00a9-68a3-11f1-a1bc-eeee0a9cb8c4.Leave_SAP-db-deployer#flowable-async-job-executor-thread-187#
[PollStageAppStatusExecution] 34a6a01a-8300-4b82-9c1e-ff6752a8bf21 [2026-06-15T10:15:45.322384] Exit status 0 (STDOUT, STG)#
#2026 06 15 10:15:53.441#Z#DEBUG#085a00a9-68a3-11f1-a1bc-eeee0a9cb8c4.Leave_SAP-db-deployer#flowable-async-job-executor-thread-187#
[PollStageAppStatusExecution] 34a6a01a-8300-4b82-9c1e-ff6752a8bf21 [2026-06-15T10:15:45.322461] Uploading droplet, build artifacts cache... (STDOUT, STG)#
#2026 06 15 10:15:53.441#Z#DEBUG#085a00a9-68a3-11f1-a1bc-eeee0a9cb8c4.Leave_SAP-db-deployer#flowable-async-job-executor-thread-187#
[PollStageAppStatusExecution] 34a6a01a-8300-4b82-9c1e-ff6752a8bf21 [2026-06-15T10:15:45.322510] Uploading build artifacts cache... (STDOUT, STG)#
#2026 06 15 10:15:53.441#Z#DEBUG#085a00a9-68a3-11f1-a1bc-eeee0a9cb8c4.Leave_SAP-db-deployer#flowable-async-job-executor-thread-187#
[PollStageAppStatusExecution] 34a6a01a-8300-4b82-9c1e-ff6752a8bf21 [2026-06-15T10:15:45.322559] Uploading droplet... (STDOUT, STG)#
#2026 06 15 10:15:53.441#Z#DEBUG#085a00a9-68a3-11f1-a1bc-eeee0a9cb8c4.Leave_SAP-db-deployer#flowable-async-job-executor-thread-187#
[PollStageAppStatusExecution] 34a6a01a-8300-4b82-9c1e-ff6752a8bf21 [2026-06-15T10:15:45.349328] Uploaded build artifacts cache (227B) (STDOUT, STG)#
#2026 06 15 10:15:53.441#Z#DEBUG#085a00a9-68a3-11f1-a1bc-eeee0a9cb8c4.Leave_SAP-db-deployer#flowable-async-job-executor-thread-187#
[PollStageAppStatusExecution] 34a6a01a-8300-4b82-9c1e-ff6752a8bf21 [2026-06-15T10:15:45.993951] Creating droplet for app with guid 34a6a01a-8300-4b82-9c1e-ff6752a8bf21 (STDOUT, API)#
#2026 06 15 10:15:53.441#Z#DEBUG#085a00a9-68a3-11f1-a1bc-eeee0a9cb8c4.Leave_SAP-db-deployer#flowable-async-job-executor-thread-187#
[PollStageAppStatusExecution] 34a6a01a-8300-4b82-9c1e-ff6752a8bf21 [2026-06-15T10:15:48.061160] Uploaded droplet (58.5M) (STDOUT, STG)#
#2026 06 15 10:15:53.441#Z#DEBUG#085a00a9-68a3-11f1-a1bc-eeee0a9cb8c4.Leave_SAP-db-deployer#flowable-async-job-executor-thread-187#
[PollStageAppStatusExecution] 34a6a01a-8300-4b82-9c1e-ff6752a8bf21 [2026-06-15T10:15:48.083350] Uploading complete (STDOUT, STG)#
#2026 06 15 10:15:53.441#Z#DEBUG#085a00a9-68a3-11f1-a1bc-eeee0a9cb8c4.Leave_SAP-db-deployer#flowable-async-job-executor-thread-187#
[PollStageAppStatusExecution] 34a6a01a-8300-4b82-9c1e-ff6752a8bf21 [2026-06-15T10:15:48.994697] Cell 77283d80-dfa7-40ba-ba4e-265aef112085 stopping instance 5741bf83-6684-444d-9639-2c959e1552a0 (STDOUT, STG)#
#2026 06 15 10:15:53.441#Z#DEBUG#085a00a9-68a3-11f1-a1bc-eeee0a9cb8c4.Leave_SAP-db-deployer#flowable-async-job-executor-thread-187#
[PollStageAppStatusExecution] 34a6a01a-8300-4b82-9c1e-ff6752a8bf21 [2026-06-15T10:15:48.994755] Cell 77283d80-dfa7-40ba-ba4e-265aef112085 destroying container for instance 5741bf83-6684-444d-9639-2c959e1552a0 (STDOUT, STG)#
#2026 06 15 10:15:53.441#Z#DEBUG#085a00a9-68a3-11f1-a1bc-eeee0a9cb8c4.Leave_SAP-db-deployer#flowable-async-job-executor-thread-187#
[PollStageAppStatusExecution] 34a6a01a-8300-4b82-9c1e-ff6752a8bf21 [2026-06-15T10:15:49.057213] Staging complete for build 5741bf83-6684-444d-9639-2c959e1552a0 (STDOUT, API)#
#2026 06 15 10:15:53.441#Z#DEBUG#085a00a9-68a3-11f1-a1bc-eeee0a9cb8c4.Leave_SAP-db-deployer#flowable-async-job-executor-thread-187#
[PollStageAppStatusExecution] 34a6a01a-8300-4b82-9c1e-ff6752a8bf21 [2026-06-15T10:15:51.992458] Cell 77283d80-dfa7-40ba-ba4e-265aef112085 successfully destroyed container for instance 5741bf83-6684-444d-9639-2c959e1552a0 (STDOUT, STG)#
