#2026 06 11 07:24:58.427#Z#DEBUG#5b06605e-6566-11f1-bbb5-eeee0a95761a.Leave_SAP-srv#flowable-async-job-executor-thread-5321#
[PollStageAppStatusExecution] c597429e-0f09-492a-81ef-7e583a9372b7 [2026-06-11T07:23:37.474094] Updated app with guid c597429e-0f09-492a-81ef-7e583a9372b7 ({"lifecycle"=>{"data"=>{"buildpacks"=>["nodejs_buildpack"]}, "type"=>"buildpack"}}) (STDOUT, API)#
#2026 06 11 07:24:58.427#Z#DEBUG#5b06605e-6566-11f1-bbb5-eeee0a95761a.Leave_SAP-srv#flowable-async-job-executor-thread-5321#
[PollStageAppStatusExecution] c597429e-0f09-492a-81ef-7e583a9372b7 [2026-06-11T07:23:37.671183] Updating process: "web" (STDOUT, API)#
#2026 06 11 07:24:58.427#Z#DEBUG#5b06605e-6566-11f1-bbb5-eeee0a95761a.Leave_SAP-srv#flowable-async-job-executor-thread-5321#
[PollStageAppStatusExecution] c597429e-0f09-492a-81ef-7e583a9372b7 [2026-06-11T07:24:29.850335] Uploading app package for app with guid c597429e-0f09-492a-81ef-7e583a9372b7 (STDOUT, API)#
#2026 06 11 07:24:58.427#Z#DEBUG#5b06605e-6566-11f1-bbb5-eeee0a95761a.Leave_SAP-srv#flowable-async-job-executor-thread-5321#
[PollStageAppStatusExecution] c597429e-0f09-492a-81ef-7e583a9372b7 [2026-06-11T07:24:31.990891] Updated app with guid c597429e-0f09-492a-81ef-7e583a9372b7 ({"environment_variables"=>"[PRIVATE DATA HIDDEN]"}) (STDOUT, API)#
#2026 06 11 07:24:58.427#Z#DEBUG#5b06605e-6566-11f1-bbb5-eeee0a95761a.Leave_SAP-srv#flowable-async-job-executor-thread-5321#
[PollStageAppStatusExecution] c597429e-0f09-492a-81ef-7e583a9372b7 [2026-06-11T07:24:45.118315] Stopping app with guid c597429e-0f09-492a-81ef-7e583a9372b7 (STDOUT, API)#
#2026 06 11 07:24:58.427#Z#DEBUG#5b06605e-6566-11f1-bbb5-eeee0a95761a.Leave_SAP-srv#flowable-async-job-executor-thread-5321#
[PollStageAppStatusExecution] c597429e-0f09-492a-81ef-7e583a9372b7 [2026-06-11T07:24:45.140201] Cell d1cc041a-d5a1-41d6-b9f6-6cda736ce3f0 stopping instance 427244ab-07f3-4d70-418c-ca50 (STDOUT, CELL)#
#2026 06 11 07:24:58.427#Z#DEBUG#5b06605e-6566-11f1-bbb5-eeee0a95761a.Leave_SAP-srv#flowable-async-job-executor-thread-5321#
[PollStageAppStatusExecution] c597429e-0f09-492a-81ef-7e583a9372b7 [2026-06-11T07:24:45.545410] Creating build for app with guid c597429e-0f09-492a-81ef-7e583a9372b7 (STDOUT, API)#
#2026 06 11 07:24:58.427#Z#DEBUG#5b06605e-6566-11f1-bbb5-eeee0a95761a.Leave_SAP-srv#flowable-async-job-executor-thread-5321#
[PollStageAppStatusExecution] c597429e-0f09-492a-81ef-7e583a9372b7 [2026-06-11T07:24:46.022744] Downloading nodejs_buildpack... (STDOUT, STG)#
#2026 06 11 07:24:58.427#Z#DEBUG#5b06605e-6566-11f1-bbb5-eeee0a95761a.Leave_SAP-srv#flowable-async-job-executor-thread-5321#
[PollStageAppStatusExecution] c597429e-0f09-492a-81ef-7e583a9372b7 [2026-06-11T07:24:46.068103] Downloaded nodejs_buildpack (STDOUT, STG)#
#2026 06 11 07:24:58.427#Z#DEBUG#5b06605e-6566-11f1-bbb5-eeee0a95761a.Leave_SAP-srv#flowable-async-job-executor-thread-5321#
[PollStageAppStatusExecution] c597429e-0f09-492a-81ef-7e583a9372b7 [2026-06-11T07:24:46.068199] Cell 684caff8-89cd-492b-be01-b3d0835f1763 creating container for instance cb0f8c82-2ce2-41dc-a2a8-48e2d61cb62f (STDOUT, STG)#
#2026 06 11 07:24:58.427#Z#DEBUG#5b06605e-6566-11f1-bbb5-eeee0a95761a.Leave_SAP-srv#flowable-async-job-executor-thread-5321#
[PollStageAppStatusExecution] c597429e-0f09-492a-81ef-7e583a9372b7 [2026-06-11T07:24:46.888114] Security group rules were updated (STDOUT, STG)#
#2026 06 11 07:24:58.427#Z#DEBUG#5b06605e-6566-11f1-bbb5-eeee0a95761a.Leave_SAP-srv#flowable-async-job-executor-thread-5321#
[PollStageAppStatusExecution] c597429e-0f09-492a-81ef-7e583a9372b7 [2026-06-11T07:24:47.051548] Cell 684caff8-89cd-492b-be01-b3d0835f1763 successfully created container for instance cb0f8c82-2ce2-41dc-a2a8-48e2d61cb62f (STDOUT, STG)#
#2026 06 11 07:24:58.427#Z#DEBUG#5b06605e-6566-11f1-bbb5-eeee0a95761a.Leave_SAP-srv#flowable-async-job-executor-thread-5321#
[PollStageAppStatusExecution] c597429e-0f09-492a-81ef-7e583a9372b7 [2026-06-11T07:24:47.749692] Downloading app package... (STDOUT, STG)#
#2026 06 11 07:24:58.427#Z#DEBUG#5b06605e-6566-11f1-bbb5-eeee0a95761a.Leave_SAP-srv#flowable-async-job-executor-thread-5321#
[PollStageAppStatusExecution] c597429e-0f09-492a-81ef-7e583a9372b7 [2026-06-11T07:24:47.749854] Downloading build artifacts cache... (STDOUT, STG)#
#2026 06 11 07:24:58.427#Z#DEBUG#5b06605e-6566-11f1-bbb5-eeee0a95761a.Leave_SAP-srv#flowable-async-job-executor-thread-5321#
[PollStageAppStatusExecution] c597429e-0f09-492a-81ef-7e583a9372b7 [2026-06-11T07:24:47.923257] Downloaded build artifacts cache (226B) (STDOUT, STG)#
#2026 06 11 07:24:58.427#Z#DEBUG#5b06605e-6566-11f1-bbb5-eeee0a95761a.Leave_SAP-srv#flowable-async-job-executor-thread-5321#
[PollStageAppStatusExecution] c597429e-0f09-492a-81ef-7e583a9372b7 [2026-06-11T07:24:48.803162] Downloaded app package (6.9M) (STDOUT, STG)#
#2026 06 11 07:24:58.427#Z#DEBUG#5b06605e-6566-11f1-bbb5-eeee0a95761a.Leave_SAP-srv#flowable-async-job-executor-thread-5321#
[PollStageAppStatusExecution] c597429e-0f09-492a-81ef-7e583a9372b7 [2026-06-11T07:24:48.932603] -----> Nodejs Buildpack version 1.9.1 (STDOUT, STG)#
#2026 06 11 07:24:58.427#Z#DEBUG#5b06605e-6566-11f1-bbb5-eeee0a95761a.Leave_SAP-srv#flowable-async-job-executor-thread-5321#
[PollStageAppStatusExecution] c597429e-0f09-492a-81ef-7e583a9372b7 [2026-06-11T07:24:48.932627] [31;1m**WARNING**[0m buildpack version changed from 1.8.44 to 1.9.1 (STDOUT, STG)#
#2026 06 11 07:24:58.427#Z#DEBUG#5b06605e-6566-11f1-bbb5-eeee0a95761a.Leave_SAP-srv#flowable-async-job-executor-thread-5321#
[PollStageAppStatusExecution] c597429e-0f09-492a-81ef-7e583a9372b7 [2026-06-11T07:24:49.355948] -----> Bootstrapping python (STDOUT, STG)#
#2026 06 11 07:24:58.427#Z#DEBUG#5b06605e-6566-11f1-bbb5-eeee0a95761a.Leave_SAP-srv#flowable-async-job-executor-thread-5321#
[PollStageAppStatusExecution] c597429e-0f09-492a-81ef-7e583a9372b7 [2026-06-11T07:24:49.355975] -----> Installing python 3.13.13 (STDOUT, STG)#
#2026 06 11 07:24:58.427#Z#DEBUG#5b06605e-6566-11f1-bbb5-eeee0a95761a.Leave_SAP-srv#flowable-async-job-executor-thread-5321#
[PollStageAppStatusExecution] c597429e-0f09-492a-81ef-7e583a9372b7 [2026-06-11T07:24:49.356126] Copy [/tmp/buildpacks/ac648aa71a7866ca/dependencies/268a5e3743d51a14b86ea9da64439307/python_3.13.13_linux_x64_cflinuxfs4_8311abbf.tgz] (STDOUT, STG)#
#2026 06 11 07:24:58.427#Z#DEBUG#5b06605e-6566-11f1-bbb5-eeee0a95761a.Leave_SAP-srv#flowable-async-job-executor-thread-5321#
[PollStageAppStatusExecution] c597429e-0f09-492a-81ef-7e583a9372b7 [2026-06-11T07:24:53.895224] -----> Installing binaries (STDOUT, STG)#
#2026 06 11 07:24:58.427#Z#DEBUG#5b06605e-6566-11f1-bbb5-eeee0a95761a.Leave_SAP-srv#flowable-async-job-executor-thread-5321#
[PollStageAppStatusExecution] c597429e-0f09-492a-81ef-7e583a9372b7 [2026-06-11T07:24:53.895373] engines.node (package.json): >=20 (STDOUT, STG)#
#2026 06 11 07:24:58.427#Z#DEBUG#5b06605e-6566-11f1-bbb5-eeee0a95761a.Leave_SAP-srv#flowable-async-job-executor-thread-5321#
[PollStageAppStatusExecution] c597429e-0f09-492a-81ef-7e583a9372b7 [2026-06-11T07:24:53.895393] engines.npm (package.json): unspecified (use default) (STDOUT, STG)#
#2026 06 11 07:24:58.427#Z#DEBUG#5b06605e-6566-11f1-bbb5-eeee0a95761a.Leave_SAP-srv#flowable-async-job-executor-thread-5321#
[PollStageAppStatusExecution] c597429e-0f09-492a-81ef-7e583a9372b7 [2026-06-11T07:24:53.895487] [31;1m**WARNING**[0m Dangerous semver range (>) in engines.node. See: http://docs.cloudfoundry.org/buildpacks/node/node-tips.html (STDOUT, STG)#
#2026 06 11 07:24:58.427#Z#DEBUG#5b06605e-6566-11f1-bbb5-eeee0a95761a.Leave_SAP-srv#flowable-async-job-executor-thread-5321#
[PollStageAppStatusExecution] c597429e-0f09-492a-81ef-7e583a9372b7 [2026-06-11T07:24:53.895498] -----> Installing node 24.15.0 (STDOUT, STG)#
#2026 06 11 07:24:58.427#Z#DEBUG#5b06605e-6566-11f1-bbb5-eeee0a95761a.Leave_SAP-srv#flowable-async-job-executor-thread-5321#
[PollStageAppStatusExecution] c597429e-0f09-492a-81ef-7e583a9372b7 [2026-06-11T07:24:53.895770] Copy [/tmp/buildpacks/ac648aa71a7866ca/dependencies/6441e97e6386f47ec4c16cfdf8db0a17/node_24.15.0_linux_x64_cflinuxfs4_1a62d98b.tgz] (STDOUT, STG)#
#2026 06 11 07:24:58.427#Z#DEBUG#5b06605e-6566-11f1-bbb5-eeee0a95761a.Leave_SAP-srv#flowable-async-job-executor-thread-5321#
[PollStageAppStatusExecution] c597429e-0f09-492a-81ef-7e583a9372b7 [2026-06-11T07:24:56.620716] Using default npm version: 11.12.1 (STDOUT, STG)#
#2026 06 11 07:24:58.427#Z#DEBUG#5b06605e-6566-11f1-bbb5-eeee0a95761a.Leave_SAP-srv#flowable-async-job-executor-thread-5321#
[PollStageAppStatusExecution] c597429e-0f09-492a-81ef-7e583a9372b7 [2026-06-11T07:24:56.620795] -----> Installing yarn 1.22.22 (STDOUT, STG)#
#2026 06 11 07:24:58.427#Z#DEBUG#5b06605e-6566-11f1-bbb5-eeee0a95761a.Leave_SAP-srv#flowable-async-job-executor-thread-5321#
[PollStageAppStatusExecution] c597429e-0f09-492a-81ef-7e583a9372b7 [2026-06-11T07:24:56.620857] Copy [/tmp/buildpacks/ac648aa71a7866ca/dependencies/e4fe26756e9984a665478d350474fa2e/yarn_1.22.22_linux_noarch_any-stack_b6132b86.tgz] (STDOUT, STG)#
#2026 06 11 07:24:58.427#Z#DEBUG#5b06605e-6566-11f1-bbb5-eeee0a95761a.Leave_SAP-srv#flowable-async-job-executor-thread-5321#
[PollStageAppStatusExecution] c597429e-0f09-492a-81ef-7e583a9372b7 [2026-06-11T07:24:57.001741] Installed yarn 1.22.22 (STDOUT, STG)#
#2026 06 11 07:24:58.427#Z#DEBUG#5b06605e-6566-11f1-bbb5-eeee0a95761a.Leave_SAP-srv#flowable-async-job-executor-thread-5321#
[PollStageAppStatusExecution] c597429e-0f09-492a-81ef-7e583a9372b7 [2026-06-11T07:24:57.001774] -----> Creating runtime environment (STDOUT, STG)#
#2026 06 11 07:24:58.427#Z#DEBUG#5b06605e-6566-11f1-bbb5-eeee0a95761a.Leave_SAP-srv#flowable-async-job-executor-thread-5321#
[PollStageAppStatusExecution] c597429e-0f09-492a-81ef-7e583a9372b7 [2026-06-11T07:24:57.003429] NODE_ENV=production (STDOUT, STG)#
#2026 06 11 07:24:58.427#Z#DEBUG#5b06605e-6566-11f1-bbb5-eeee0a95761a.Leave_SAP-srv#flowable-async-job-executor-thread-5321#
[PollStageAppStatusExecution] c597429e-0f09-492a-81ef-7e583a9372b7 [2026-06-11T07:24:57.003448] NODE_HOME=/tmp/contents3015195037/deps/0/node (STDOUT, STG)#
#2026 06 11 07:24:58.427#Z#DEBUG#5b06605e-6566-11f1-bbb5-eeee0a95761a.Leave_SAP-srv#flowable-async-job-executor-thread-5321#
[PollStageAppStatusExecution] c597429e-0f09-492a-81ef-7e583a9372b7 [2026-06-11T07:24:57.003451] NODE_MODULES_CACHE=true (STDOUT, STG)#
#2026 06 11 07:24:58.427#Z#DEBUG#5b06605e-6566-11f1-bbb5-eeee0a95761a.Leave_SAP-srv#flowable-async-job-executor-thread-5321#
[PollStageAppStatusExecution] c597429e-0f09-492a-81ef-7e583a9372b7 [2026-06-11T07:24:57.003454] NODE_VERBOSE=false (STDOUT, STG)#
#2026 06 11 07:24:58.427#Z#DEBUG#5b06605e-6566-11f1-bbb5-eeee0a95761a.Leave_SAP-srv#flowable-async-job-executor-thread-5321#
[PollStageAppStatusExecution] c597429e-0f09-492a-81ef-7e583a9372b7 [2026-06-11T07:24:57.003459] NPM_CONFIG_LOGLEVEL=error (STDOUT, STG)#
#2026 06 11 07:24:58.427#Z#DEBUG#5b06605e-6566-11f1-bbb5-eeee0a95761a.Leave_SAP-srv#flowable-async-job-executor-thread-5321#
[PollStageAppStatusExecution] c597429e-0f09-492a-81ef-7e583a9372b7 [2026-06-11T07:24:57.003476] NPM_CONFIG_PRODUCTION=true (STDOUT, STG)#
#2026 06 11 07:24:58.427#Z#DEBUG#5b06605e-6566-11f1-bbb5-eeee0a95761a.Leave_SAP-srv#flowable-async-job-executor-thread-5321#
[PollStageAppStatusExecution] c597429e-0f09-492a-81ef-7e583a9372b7 [2026-06-11T07:24:57.003591] -----> Building dependencies (STDOUT, STG)#
#2026 06 11 07:24:58.427#Z#DEBUG#5b06605e-6566-11f1-bbb5-eeee0a95761a.Leave_SAP-srv#flowable-async-job-executor-thread-5321#
[PollStageAppStatusExecution] c597429e-0f09-492a-81ef-7e583a9372b7 [2026-06-11T07:24:57.003603] Prebuild detected (node_modules already exists) (STDOUT, STG)#
#2026 06 11 07:24:58.427#Z#DEBUG#5b06605e-6566-11f1-bbb5-eeee0a95761a.Leave_SAP-srv#flowable-async-job-executor-thread-5321#
[PollStageAppStatusExecution] c597429e-0f09-492a-81ef-7e583a9372b7 [2026-06-11T07:24:57.003607] Rebuilding any native modules (STDOUT, STG)#
#2026 06 11 07:24:58.427#Z#DEBUG#5b06605e-6566-11f1-bbb5-eeee0a95761a.Leave_SAP-srv#flowable-async-job-executor-thread-5321#
[PollStageAppStatusExecution] c597429e-0f09-492a-81ef-7e583a9372b7 [2026-06-11T07:24:57.734814] rebuilt dependencies successfully (STDOUT, STG)#
#2026 06 11 07:24:58.427#Z#DEBUG#5b06605e-6566-11f1-bbb5-eeee0a95761a.Leave_SAP-srv#flowable-async-job-executor-thread-5321#
[PollStageAppStatusExecution] c597429e-0f09-492a-81ef-7e583a9372b7 [2026-06-11T07:24:57.736836] npm notice (STDOUT, STG)#
#2026 06 11 07:24:58.427#Z#DEBUG#5b06605e-6566-11f1-bbb5-eeee0a95761a.Leave_SAP-srv#flowable-async-job-executor-thread-5321#
[PollStageAppStatusExecution] c597429e-0f09-492a-81ef-7e583a9372b7 [2026-06-11T07:24:57.736873] npm notice New minor version of npm available! 11.12.1 -> 11.16.0 (STDOUT, STG)#
#2026 06 11 07:24:58.427#Z#DEBUG#5b06605e-6566-11f1-bbb5-eeee0a95761a.Leave_SAP-srv#flowable-async-job-executor-thread-5321#
[PollStageAppStatusExecution] c597429e-0f09-492a-81ef-7e583a9372b7 [2026-06-11T07:24:57.736877] npm notice Changelog: https://github.com/npm/cli/releases/tag/v11.16.0 (STDOUT, STG)#
#2026 06 11 07:24:58.427#Z#DEBUG#5b06605e-6566-11f1-bbb5-eeee0a95761a.Leave_SAP-srv#flowable-async-job-executor-thread-5321#
[PollStageAppStatusExecution] c597429e-0f09-492a-81ef-7e583a9372b7 [2026-06-11T07:24:57.736880] npm notice To update run: npm install -g npm@11.16.0 (STDOUT, STG)#
#2026 06 11 07:24:58.427#Z#DEBUG#5b06605e-6566-11f1-bbb5-eeee0a95761a.Leave_SAP-srv#flowable-async-job-executor-thread-5321#
[PollStageAppStatusExecution] c597429e-0f09-492a-81ef-7e583a9372b7 [2026-06-11T07:24:57.736887] npm notice (STDOUT, STG)#
#2026 06 11 07:24:58.427#Z#DEBUG#5b06605e-6566-11f1-bbb5-eeee0a95761a.Leave_SAP-srv#flowable-async-job-executor-thread-5321#
[PollStageAppStatusExecution] c597429e-0f09-492a-81ef-7e583a9372b7 [2026-06-11T07:24:57.795062] Installing any new modules (package.json + package-lock.json) (STDOUT, STG)#
#2026 06 11 07:25:11.771#Z#DEBUG#5b06605e-6566-11f1-bbb5-eeee0a95761a.Leave_SAP-srv#flowable-async-job-executor-thread-4993#
[PollStageAppStatusExecution] c597429e-0f09-492a-81ef-7e583a9372b7 [2026-06-11T07:24:58.715714] removed 63 packages in 835ms (STDOUT, STG)#
#2026 06 11 07:25:11.771#Z#DEBUG#5b06605e-6566-11f1-bbb5-eeee0a95761a.Leave_SAP-srv#flowable-async-job-executor-thread-4993#
[PollStageAppStatusExecution] c597429e-0f09-492a-81ef-7e583a9372b7 [2026-06-11T07:24:58.715955] 27 packages are looking for funding (STDOUT, STG)#
#2026 06 11 07:25:11.771#Z#DEBUG#5b06605e-6566-11f1-bbb5-eeee0a95761a.Leave_SAP-srv#flowable-async-job-executor-thread-4993#
[PollStageAppStatusExecution] c597429e-0f09-492a-81ef-7e583a9372b7 [2026-06-11T07:24:58.716056] run `npm fund` for details (STDOUT, STG)#
#2026 06 11 07:25:11.771#Z#DEBUG#5b06605e-6566-11f1-bbb5-eeee0a95761a.Leave_SAP-srv#flowable-async-job-executor-thread-4993#
[PollStageAppStatusExecution] c597429e-0f09-492a-81ef-7e583a9372b7 [2026-06-11T07:24:59.621899] Contrast Security no credentials found. Will not write environment files. (STDOUT, STG)#
#2026 06 11 07:25:11.771#Z#DEBUG#5b06605e-6566-11f1-bbb5-eeee0a95761a.Leave_SAP-srv#flowable-async-job-executor-thread-4993#
[PollStageAppStatusExecution] c597429e-0f09-492a-81ef-7e583a9372b7 [2026-06-11T07:25:09.795214] Exit status 0 (STDOUT, STG)#
#2026 06 11 07:25:11.771#Z#DEBUG#5b06605e-6566-11f1-bbb5-eeee0a95761a.Leave_SAP-srv#flowable-async-job-executor-thread-4993#
[PollStageAppStatusExecution] c597429e-0f09-492a-81ef-7e583a9372b7 [2026-06-11T07:25:09.795270] Uploading droplet, build artifacts cache... (STDOUT, STG)#
#2026 06 11 07:25:11.771#Z#DEBUG#5b06605e-6566-11f1-bbb5-eeee0a95761a.Leave_SAP-srv#flowable-async-job-executor-thread-4993#
[PollStageAppStatusExecution] c597429e-0f09-492a-81ef-7e583a9372b7 [2026-06-11T07:25:09.795314] Uploading build artifacts cache... (STDOUT, STG)#
#2026 06 11 07:25:11.771#Z#DEBUG#5b06605e-6566-11f1-bbb5-eeee0a95761a.Leave_SAP-srv#flowable-async-job-executor-thread-4993#
[PollStageAppStatusExecution] c597429e-0f09-492a-81ef-7e583a9372b7 [2026-06-11T07:25:09.795344] Uploading droplet... (STDOUT, STG)#
#2026 06 11 07:25:11.771#Z#DEBUG#5b06605e-6566-11f1-bbb5-eeee0a95761a.Leave_SAP-srv#flowable-async-job-executor-thread-4993#
[PollStageAppStatusExecution] c597429e-0f09-492a-81ef-7e583a9372b7 [2026-06-11T07:25:09.832606] Uploaded build artifacts cache (222B) (STDOUT, STG)#
#2026 06 11 07:25:11.771#Z#DEBUG#5b06605e-6566-11f1-bbb5-eeee0a95761a.Leave_SAP-srv#flowable-async-job-executor-thread-4993#
[PollStageAppStatusExecution] c597429e-0f09-492a-81ef-7e583a9372b7 [2026-06-11T07:25:10.522042] Creating droplet for app with guid c597429e-0f09-492a-81ef-7e583a9372b7 (STDOUT, API)#
#2026 06 11 07:25:20.251#Z#DEBUG#5b06605e-6566-11f1-bbb5-eeee0a95761a.Leave_SAP-srv#flowable-async-job-executor-thread-4097#
[PollStageAppStatusExecution] c597429e-0f09-492a-81ef-7e583a9372b7 [2026-06-11T07:25:12.587671] Uploaded droplet (60M) (STDOUT, STG)#
#2026 06 11 07:25:20.251#Z#DEBUG#5b06605e-6566-11f1-bbb5-eeee0a95761a.Leave_SAP-srv#flowable-async-job-executor-thread-4097#
[PollStageAppStatusExecution] c597429e-0f09-492a-81ef-7e583a9372b7 [2026-06-11T07:25:12.608657] Uploading complete (STDOUT, STG)#
#2026 06 11 07:25:20.251#Z#DEBUG#5b06605e-6566-11f1-bbb5-eeee0a95761a.Leave_SAP-srv#flowable-async-job-executor-thread-4097#
[PollStageAppStatusExecution] c597429e-0f09-492a-81ef-7e583a9372b7 [2026-06-11T07:25:14.092796] Cell 684caff8-89cd-492b-be01-b3d0835f1763 stopping instance cb0f8c82-2ce2-41dc-a2a8-48e2d61cb62f (STDOUT, STG)#
#2026 06 11 07:25:20.251#Z#DEBUG#5b06605e-6566-11f1-bbb5-eeee0a95761a.Leave_SAP-srv#flowable-async-job-executor-thread-4097#
[PollStageAppStatusExecution] c597429e-0f09-492a-81ef-7e583a9372b7 [2026-06-11T07:25:14.092844] Cell 684caff8-89cd-492b-be01-b3d0835f1763 destroying container for instance cb0f8c82-2ce2-41dc-a2a8-48e2d61cb62f (STDOUT, STG)#
#2026 06 11 07:25:20.251#Z#DEBUG#5b06605e-6566-11f1-bbb5-eeee0a95761a.Leave_SAP-srv#flowable-async-job-executor-thread-4097#
[PollStageAppStatusExecution] c597429e-0f09-492a-81ef-7e583a9372b7 [2026-06-11T07:25:14.151270] Staging complete for build cb0f8c82-2ce2-41dc-a2a8-48e2d61cb62f (STDOUT, API)#
#2026 06 11 07:25:20.251#Z#DEBUG#5b06605e-6566-11f1-bbb5-eeee0a95761a.Leave_SAP-srv#flowable-async-job-executor-thread-4097#
[PollStageAppStatusExecution] c597429e-0f09-492a-81ef-7e583a9372b7 [2026-06-11T07:25:16.626755] Cell 684caff8-89cd-492b-be01-b3d0835f1763 successfully destroyed container for instance cb0f8c82-2ce2-41dc-a2a8-48e2d61cb62f (STDOUT, STG)#
#2026 06 11 07:25:31.807#Z#DEBUG#5b06605e-6566-11f1-bbb5-eeee0a95761a.Leave_SAP-srv#flowable-async-job-executor-thread-5357#
[PollStartAppStatusExecution] c597429e-0f09-492a-81ef-7e583a9372b7 [2026-06-11T07:25:20.321191] Updated app with guid c597429e-0f09-492a-81ef-7e583a9372b7 ({:droplet_guid=>"661998ed-dfb8-4b53-b022-478c8dfd6142"}) (STDOUT, API)#
#2026 06 11 07:25:31.807#Z#DEBUG#5b06605e-6566-11f1-bbb5-eeee0a95761a.Leave_SAP-srv#flowable-async-job-executor-thread-5357#
[PollStartAppStatusExecution] c597429e-0f09-492a-81ef-7e583a9372b7 [2026-06-11T07:25:20.700866] Creating revision for app with guid c597429e-0f09-492a-81ef-7e583a9372b7 (STDOUT, API)#
#2026 06 11 07:25:31.807#Z#DEBUG#5b06605e-6566-11f1-bbb5-eeee0a95761a.Leave_SAP-srv#flowable-async-job-executor-thread-5357#
[PollStartAppStatusExecution] c597429e-0f09-492a-81ef-7e583a9372b7 [2026-06-11T07:25:20.752888] Starting app with guid c597429e-0f09-492a-81ef-7e583a9372b7 (STDOUT, API)#
#2026 06 11 07:25:31.807#Z#DEBUG#5b06605e-6566-11f1-bbb5-eeee0a95761a.Leave_SAP-srv#flowable-async-job-executor-thread-5357#
[PollStartAppStatusExecution] c597429e-0f09-492a-81ef-7e583a9372b7 [2026-06-11T07:25:20.965553] Cell 684caff8-89cd-492b-be01-b3d0835f1763 creating container for instance 3f82335b-3839-42a6-4cf0-7873 (STDOUT, CELL)#
#2026 06 11 07:25:31.807#Z#DEBUG#5b06605e-6566-11f1-bbb5-eeee0a95761a.Leave_SAP-srv#flowable-async-job-executor-thread-5357#
[PollStartAppStatusExecution] c597429e-0f09-492a-81ef-7e583a9372b7 [2026-06-11T07:25:21.805612] Security group rules were updated (STDOUT, CELL)#
#2026 06 11 07:25:31.807#Z#DEBUG#5b06605e-6566-11f1-bbb5-eeee0a95761a.Leave_SAP-srv#flowable-async-job-executor-thread-5357#
[PollStartAppStatusExecution] c597429e-0f09-492a-81ef-7e583a9372b7 [2026-06-11T07:25:21.892621] Cell 684caff8-89cd-492b-be01-b3d0835f1763 successfully created container for instance 3f82335b-3839-42a6-4cf0-7873 (STDOUT, CELL)#
#2026 06 11 07:25:31.807#Z#DEBUG#5b06605e-6566-11f1-bbb5-eeee0a95761a.Leave_SAP-srv#flowable-async-job-executor-thread-5357#
[PollStartAppStatusExecution] c597429e-0f09-492a-81ef-7e583a9372b7 [2026-06-11T07:25:23.723692] Downloading droplet... (STDOUT, CELL)#
#2026 06 11 07:25:31.807#Z#DEBUG#5b06605e-6566-11f1-bbb5-eeee0a95761a.Leave_SAP-srv#flowable-async-job-executor-thread-5357#
[PollStartAppStatusExecution] c597429e-0f09-492a-81ef-7e583a9372b7 [2026-06-11T07:25:28.545606] Downloaded droplet (60M) (STDOUT, CELL)#
#2026 06 11 07:25:31.807#Z#DEBUG#5b06605e-6566-11f1-bbb5-eeee0a95761a.Leave_SAP-srv#flowable-async-job-executor-thread-5357#
[PollStartAppStatusExecution] c597429e-0f09-492a-81ef-7e583a9372b7 [2026-06-11T07:25:28.545732] Starting health monitoring of container (STDOUT, CELL)#
#2026 06 11 07:25:31.807#Z#DEBUG#5b06605e-6566-11f1-bbb5-eeee0a95761a.Leave_SAP-srv#flowable-async-job-executor-thread-5357#
[PollStartAppStatusExecution] c597429e-0f09-492a-81ef-7e583a9372b7 [2026-06-11T07:25:28.684389] Invoking pre-start scripts. (STDOUT, APP/PROC/WEB)#
#2026 06 11 07:25:31.807#Z#DEBUG#5b06605e-6566-11f1-bbb5-eeee0a95761a.Leave_SAP-srv#flowable-async-job-executor-thread-5357#
[PollStartAppStatusExecution] c597429e-0f09-492a-81ef-7e583a9372b7 [2026-06-11T07:25:28.912904] Invoking start command. (STDOUT, APP/PROC/WEB)#
#2026 06 11 07:25:31.807#Z#DEBUG#5b06605e-6566-11f1-bbb5-eeee0a95761a.Leave_SAP-srv#flowable-async-job-executor-thread-5357#
[PollStartAppStatusExecution] c597429e-0f09-492a-81ef-7e583a9372b7 [2026-06-11T07:25:29.363135] > Leave_SAP@1.0.0 start (STDOUT, APP/PROC/WEB)#
#2026 06 11 07:25:31.807#Z#DEBUG#5b06605e-6566-11f1-bbb5-eeee0a95761a.Leave_SAP-srv#flowable-async-job-executor-thread-5357#
[PollStartAppStatusExecution] c597429e-0f09-492a-81ef-7e583a9372b7 [2026-06-11T07:25:29.363178] > cds-serve (STDOUT, APP/PROC/WEB)#
#2026 06 11 07:25:31.807#Z#DEBUG#5b06605e-6566-11f1-bbb5-eeee0a95761a.Leave_SAP-srv#flowable-async-job-executor-thread-5357#
[PollStartAppStatusExecution] c597429e-0f09-492a-81ef-7e583a9372b7 [2026-06-11T07:25:29.679606] {"level":"info","logger":"cds","timestamp":"2026-06-11T07:25:29.678Z","layer":"cds","component_type":"application","container_id":"10.32.1.6","component_id":"c597429e-0f09-492a-81ef-7e583a9372b7","component_name":"Leave_SAP-srv","component_instance":0,"source_instance":0,"organization_name":"6babf1f9trial","organization_id":"8242d63d-2242-4502-9b05-27e72fb11bfc","space_name":"dev","space_id":"a09ec884-7189-4afe-8c0e-0921f8f96abc","msg":"loaded model from 1 file(s):\n ","type":"log"} (STDOUT, APP/PROC/WEB)#
#2026 06 11 07:25:31.807#Z#DEBUG#5b06605e-6566-11f1-bbb5-eeee0a95761a.Leave_SAP-srv#flowable-async-job-executor-thread-5357#
[PollStartAppStatusExecution] c597429e-0f09-492a-81ef-7e583a9372b7 [2026-06-11T07:25:29.680041] srv/csn.json (STDOUT, APP/PROC/WEB)#
#2026 06 11 07:25:31.807#Z#DEBUG#5b06605e-6566-11f1-bbb5-eeee0a95761a.Leave_SAP-srv#flowable-async-job-executor-thread-5357#
[PollStartAppStatusExecution] c597429e-0f09-492a-81ef-7e583a9372b7 [2026-06-11T07:25:29.874834] {"level":"info","logger":"cds","timestamp":"2026-06-11T07:25:29.874Z","layer":"cds","component_type":"application","container_id":"10.32.1.6","component_id":"c597429e-0f09-492a-81ef-7e583a9372b7","component_name":"Leave_SAP-srv","component_instance":0,"source_instance":0,"organization_name":"6babf1f9trial","organization_id":"8242d63d-2242-4502-9b05-27e72fb11bfc","space_name":"dev","space_id":"a09ec884-7189-4afe-8c0e-0921f8f96abc","msg":"connect to db > hana {\n  database_id: '6ab8cb38-a0ef-491e-a531-35829eb66583',\n  host: '6ab8cb38-a0ef-491e-a531-35829eb66583.hna1.prod-us10.hanacloud.ondemand.com',\n  port: '443',\n  driver: 'com.sap.db.jdbc.Driver',\n  url: 'jdbc:sap://6ab8cb38-a0ef-491e-a531-35829eb66583.hna1.prod-us10.hanacloud.ondemand.com:443?encrypt=true&validateCertificate=true&currentschema=FA5858CF9BE64AE6905E02DD83499BCC',\n  schema: 'FA5858CF9BE64AE6905E02DD83499BCC',\n  certificate: '...',\n  hdi_user: 'FA5858CF9BE64AE6905E02DD83499BCC_1JUA8D6GSRTD8CE4Q2KTTY7KM_DT',\n  hdi_password: '...',\n  user: 'FA5858CF9BE64AE6905E02DD83499BCC_1JUA8D6GSRTD8CE4Q2KTTY7KM_RT',\n  password: '...'\n}","type":"log"} (STDOUT, APP/PROC/WEB)#
#2026 06 11 07:25:31.807#Z#DEBUG#5b06605e-6566-11f1-bbb5-eeee0a95761a.Leave_SAP-srv#flowable-async-job-executor-thread-5357#
[PollStartAppStatusExecution] c597429e-0f09-492a-81ef-7e583a9372b7 [2026-06-11T07:25:29.877648] SERVICE JS LOADED (STDOUT, APP/PROC/WEB)#
#2026 06 11 07:25:31.807#Z#DEBUG#5b06605e-6566-11f1-bbb5-eeee0a95761a.Leave_SAP-srv#flowable-async-job-executor-thread-5357#
[PollStartAppStatusExecution] c597429e-0f09-492a-81ef-7e583a9372b7 [2026-06-11T07:25:29.905860] {"level":"info","logger":"cds","timestamp":"2026-06-11T07:25:29.905Z","layer":"cds","component_type":"application","container_id":"10.32.1.6","component_id":"c597429e-0f09-492a-81ef-7e583a9372b7","component_name":"Leave_SAP-srv","component_instance":0,"source_instance":0,"organization_name":"6babf1f9trial","organization_id":"8242d63d-2242-4502-9b05-27e72fb11bfc","space_name":"dev","space_id":"a09ec884-7189-4afe-8c0e-0921f8f96abc","msg":"using auth strategy { kind: 'xsuaa' }","type":"log"} (STDOUT, APP/PROC/WEB)#
#2026 06 11 07:25:31.807#Z#DEBUG#5b06605e-6566-11f1-bbb5-eeee0a95761a.Leave_SAP-srv#flowable-async-job-executor-thread-5357#
[PollStartAppStatusExecution] c597429e-0f09-492a-81ef-7e583a9372b7 [2026-06-11T07:25:29.953902] {"level":"info","logger":"cds","timestamp":"2026-06-11T07:25:29.953Z","layer":"cds","component_type":"application","container_id":"10.32.1.6","component_id":"c597429e-0f09-492a-81ef-7e583a9372b7","component_name":"Leave_SAP-srv","component_instance":0,"source_instance":0,"organization_name":"6babf1f9trial","organization_id":"8242d63d-2242-4502-9b05-27e72fb11bfc","space_name":"dev","space_id":"a09ec884-7189-4afe-8c0e-0921f8f96abc","msg":"serving LeaveService {\n  at: [ '/odata/v4/leave' ],\n  decl: 'srv/csn.json:131',\n  impl: 'srv/service.js'\n}","type":"log"} (STDOUT, APP/PROC/WEB)#
#2026 06 11 07:25:31.807#Z#DEBUG#5b06605e-6566-11f1-bbb5-eeee0a95761a.Leave_SAP-srv#flowable-async-job-executor-thread-5357#
[PollStartAppStatusExecution] c597429e-0f09-492a-81ef-7e583a9372b7 [2026-06-11T07:25:29.960945] {"level":"info","logger":"cds","timestamp":"2026-06-11T07:25:29.960Z","layer":"cds","component_type":"application","container_id":"10.32.1.6","component_id":"c597429e-0f09-492a-81ef-7e583a9372b7","component_name":"Leave_SAP-srv","component_instance":0,"source_instance":0,"organization_name":"6babf1f9trial","organization_id":"8242d63d-2242-4502-9b05-27e72fb11bfc","space_name":"dev","space_id":"a09ec884-7189-4afe-8c0e-0921f8f96abc","msg":"server listening on { url: 'http://localhost:8080' }","type":"log"} (STDOUT, APP/PROC/WEB)#
#2026 06 11 07:25:31.807#Z#DEBUG#5b06605e-6566-11f1-bbb5-eeee0a95761a.Leave_SAP-srv#flowable-async-job-executor-thread-5357#
[PollStartAppStatusExecution] c597429e-0f09-492a-81ef-7e583a9372b7 [2026-06-11T07:25:29.962521] {"level":"info","logger":"cds","timestamp":"2026-06-11T07:25:29.962Z","layer":"cds","component_type":"application","container_id":"10.32.1.6","component_id":"c597429e-0f09-492a-81ef-7e583a9372b7","component_name":"Leave_SAP-srv","component_instance":0,"source_instance":0,"organization_name":"6babf1f9trial","organization_id":"8242d63d-2242-4502-9b05-27e72fb11bfc","space_name":"dev","space_id":"a09ec884-7189-4afe-8c0e-0921f8f96abc","msg":"server v9.9.1 launched in 588 ms","type":"log"} (STDOUT, APP/PROC/WEB)#
#2026 06 11 07:25:31.807#Z#DEBUG#5b06605e-6566-11f1-bbb5-eeee0a95761a.Leave_SAP-srv#flowable-async-job-executor-thread-5357#
[PollStartAppStatusExecution] c597429e-0f09-492a-81ef-7e583a9372b7 [2026-06-11T07:25:31.000893] Container became healthy (STDOUT, CELL)#
#2026 06 11 07:25:31.807#Z#DEBUG#5b06605e-6566-11f1-bbb5-eeee0a95761a.Leave_SAP-srv#flowable-async-job-executor-thread-5357#
[PollStartAppStatusExecution] c597429e-0f09-492a-81ef-7e583a9372b7 [2026-06-11T07:25:31.025515] Process became ready with guid c597429e-0f09-492a-81ef-7e583a9372b7 payload: {"instance"=>"3f82335b-3839-42a6-4cf0-7873", "index"=>0, "cell_id"=>"684caff8-89cd-492b-be01-b3d0835f1763", "ready"=>true, "version"=>"4f039976-e02e-456e-9436-83dbb0a126e9"} (STDOUT, API)#
