#2026 06 11 07:24:28.142#Z#DEBUG#5b06605e-6566-11f1-bbb5-eeee0a95761a.Leave_SAP#flowable-async-job-executor-thread-4072#
[PollStartAppStatusExecution] c1e2aabd-8a9e-4b0d-a9f0-599b3c07b6c7 [2026-06-11T07:17:41.590785] Cell 77283d80-dfa7-40ba-ba4e-265aef112085 requesting replacement for instance 00ddcfd4-313e-4163-6e8c-ffc3 (STDOUT, CELL)#
#2026 06 11 07:24:28.142#Z#DEBUG#5b06605e-6566-11f1-bbb5-eeee0a95761a.Leave_SAP#flowable-async-job-executor-thread-4072#
[PollStartAppStatusExecution] c1e2aabd-8a9e-4b0d-a9f0-599b3c07b6c7 [2026-06-11T07:17:42.933890] Cell 684caff8-89cd-492b-be01-b3d0835f1763 creating container for instance 3a8e36d1-d59b-4627-5b67-6483 (STDOUT, CELL)#
#2026 06 11 07:24:28.142#Z#DEBUG#5b06605e-6566-11f1-bbb5-eeee0a95761a.Leave_SAP#flowable-async-job-executor-thread-4072#
[PollStartAppStatusExecution] c1e2aabd-8a9e-4b0d-a9f0-599b3c07b6c7 [2026-06-11T07:17:44.059396] Security group rules were updated (STDOUT, CELL)#
#2026 06 11 07:24:28.142#Z#DEBUG#5b06605e-6566-11f1-bbb5-eeee0a95761a.Leave_SAP#flowable-async-job-executor-thread-4072#
[PollStartAppStatusExecution] c1e2aabd-8a9e-4b0d-a9f0-599b3c07b6c7 [2026-06-11T07:17:44.286350] Cell 684caff8-89cd-492b-be01-b3d0835f1763 successfully created container for instance 3a8e36d1-d59b-4627-5b67-6483 (STDOUT, CELL)#
#2026 06 11 07:24:28.142#Z#DEBUG#5b06605e-6566-11f1-bbb5-eeee0a95761a.Leave_SAP#flowable-async-job-executor-thread-4072#
[PollStartAppStatusExecution] c1e2aabd-8a9e-4b0d-a9f0-599b3c07b6c7 [2026-06-11T07:17:44.888845] Downloading droplet... (STDOUT, CELL)#
#2026 06 11 07:24:28.142#Z#DEBUG#5b06605e-6566-11f1-bbb5-eeee0a95761a.Leave_SAP#flowable-async-job-executor-thread-4072#
[PollStartAppStatusExecution] c1e2aabd-8a9e-4b0d-a9f0-599b3c07b6c7 [2026-06-11T07:17:54.613669] Downloaded droplet (62.1M) (STDOUT, CELL)#
#2026 06 11 07:24:28.142#Z#DEBUG#5b06605e-6566-11f1-bbb5-eeee0a95761a.Leave_SAP#flowable-async-job-executor-thread-4072#
[PollStartAppStatusExecution] c1e2aabd-8a9e-4b0d-a9f0-599b3c07b6c7 [2026-06-11T07:17:54.614323] Starting health monitoring of container (STDOUT, CELL)#
#2026 06 11 07:24:28.142#Z#DEBUG#5b06605e-6566-11f1-bbb5-eeee0a95761a.Leave_SAP#flowable-async-job-executor-thread-4072#
[PollStartAppStatusExecution] c1e2aabd-8a9e-4b0d-a9f0-599b3c07b6c7 [2026-06-11T07:17:54.781585] Invoking pre-start scripts. (STDOUT, APP/PROC/WEB)#
#2026 06 11 07:24:28.142#Z#DEBUG#5b06605e-6566-11f1-bbb5-eeee0a95761a.Leave_SAP#flowable-async-job-executor-thread-4072#
[PollStartAppStatusExecution] c1e2aabd-8a9e-4b0d-a9f0-599b3c07b6c7 [2026-06-11T07:17:55.029560] Invoking start command. (STDOUT, APP/PROC/WEB)#
#2026 06 11 07:24:28.142#Z#DEBUG#5b06605e-6566-11f1-bbb5-eeee0a95761a.Leave_SAP#flowable-async-job-executor-thread-4072#
[PollStartAppStatusExecution] c1e2aabd-8a9e-4b0d-a9f0-599b3c07b6c7 [2026-06-11T07:17:55.733565] > start (STDOUT, APP/PROC/WEB)#
#2026 06 11 07:24:28.142#Z#DEBUG#5b06605e-6566-11f1-bbb5-eeee0a95761a.Leave_SAP#flowable-async-job-executor-thread-4072#
[PollStartAppStatusExecution] c1e2aabd-8a9e-4b0d-a9f0-599b3c07b6c7 [2026-06-11T07:17:55.733588] > node node_modules/@sap/approuter/approuter.js (STDOUT, APP/PROC/WEB)#
#2026 06 11 07:24:28.142#Z#DEBUG#5b06605e-6566-11f1-bbb5-eeee0a95761a.Leave_SAP#flowable-async-job-executor-thread-4072#
[PollStartAppStatusExecution] c1e2aabd-8a9e-4b0d-a9f0-599b3c07b6c7 [2026-06-11T07:17:55.933941] {"written_at":"2026-06-11T07:17:55.926Z","written_ts":1781162275926000000,"csn_component":"-","correlation_id":"-","type":"log","logger":"nodejs-logger","layer":"/LoggingLibrary","level":"warning","container_id":"10.32.1.6","component_type":"application","component_id":"c1e2aabd-8a9e-4b0d-a9f0-599b3c07b6c7","component_name":"Leave_SAP","component_instance":-1,"source_instance":-1,"organization_id":"8242d63d-2242-4502-9b05-27e72fb11bfc","organization_name":"6babf1f9trial","space_id":"a09ec884-7189-4afe-8c0e-0921f8f96abc","space_name":"dev","context_id":"","msg":"Dynamic log level switching not available"} (STDOUT, APP/PROC/WEB)#
#2026 06 11 07:24:28.142#Z#DEBUG#5b06605e-6566-11f1-bbb5-eeee0a95761a.Leave_SAP#flowable-async-job-executor-thread-4072#
[PollStartAppStatusExecution] c1e2aabd-8a9e-4b0d-a9f0-599b3c07b6c7 [2026-06-11T07:17:56.529550] {"written_at":"2026-06-11T07:17:56.527Z","written_ts":1781162276527000000,"csn_component":"-","correlation_id":"mq9614fk","type":"log","logger":"nodejs-logger","layer":"/approuter","level":"info","container_id":"10.32.1.6","component_type":"application","component_id":"c1e2aabd-8a9e-4b0d-a9f0-599b3c07b6c7","component_name":"Leave_SAP","component_instance":-1,"source_instance":-1,"organization_id":"8242d63d-2242-4502-9b05-27e72fb11bfc","organization_name":"6babf1f9trial","space_id":"a09ec884-7189-4afe-8c0e-0921f8f96abc","space_name":"dev","context_id":"mq9614fk","msg":"Application router version 21.5.0"} (STDOUT, APP/PROC/WEB)#
#2026 06 11 07:24:28.142#Z#DEBUG#5b06605e-6566-11f1-bbb5-eeee0a95761a.Leave_SAP#flowable-async-job-executor-thread-4072#
[PollStartAppStatusExecution] c1e2aabd-8a9e-4b0d-a9f0-599b3c07b6c7 [2026-06-11T07:17:56.537575] {"written_at":"2026-06-11T07:17:56.534Z","written_ts":1781162276534000000,"csn_component":"-","correlation_id":"mq9614fq","type":"log","logger":"nodejs-logger","layer":"/Configuration","level":"info","container_id":"10.32.1.6","component_type":"application","component_id":"c1e2aabd-8a9e-4b0d-a9f0-599b3c07b6c7","component_name":"Leave_SAP","component_instance":-1,"source_instance":-1,"organization_id":"8242d63d-2242-4502-9b05-27e72fb11bfc","organization_name":"6babf1f9trial","space_id":"a09ec884-7189-4afe-8c0e-0921f8f96abc","space_name":"dev","context_id":"mq9614fq","msg":"No COOKIES environment variable"} (STDOUT, APP/PROC/WEB)#
#2026 06 11 07:24:28.142#Z#DEBUG#5b06605e-6566-11f1-bbb5-eeee0a95761a.Leave_SAP#flowable-async-job-executor-thread-4072#
[PollStartAppStatusExecution] c1e2aabd-8a9e-4b0d-a9f0-599b3c07b6c7 [2026-06-11T07:17:56.541992] {"written_at":"2026-06-11T07:17:56.540Z","written_ts":1781162276540000000,"csn_component":"-","correlation_id":"mq9614fw","type":"log","logger":"nodejs-logger","layer":"/Configuration","level":"info","container_id":"10.32.1.6","component_type":"application","component_id":"c1e2aabd-8a9e-4b0d-a9f0-599b3c07b6c7","component_name":"Leave_SAP","component_instance":-1,"source_instance":-1,"organization_id":"8242d63d-2242-4502-9b05-27e72fb11bfc","organization_name":"6babf1f9trial","space_id":"a09ec884-7189-4afe-8c0e-0921f8f96abc","space_name":"dev","context_id":"mq9614fw","msg":"xs-app.json: Application does not have directory for static resources!"} (STDOUT, APP/PROC/WEB)#
#2026 06 11 07:24:28.142#Z#DEBUG#5b06605e-6566-11f1-bbb5-eeee0a95761a.Leave_SAP#flowable-async-job-executor-thread-4072#
[PollStartAppStatusExecution] c1e2aabd-8a9e-4b0d-a9f0-599b3c07b6c7 [2026-06-11T07:17:56.585546] {"written_at":"2026-06-11T07:17:56.584Z","written_ts":1781162276584000000,"csn_component":"-","correlation_id":"mq9614fk","type":"log","logger":"nodejs-logger","layer":"/approuter","level":"info","container_id":"10.32.1.6","component_type":"application","component_id":"c1e2aabd-8a9e-4b0d-a9f0-599b3c07b6c7","component_name":"Leave_SAP","component_instance":-1,"source_instance":-1,"organization_id":"8242d63d-2242-4502-9b05-27e72fb11bfc","organization_name":"6babf1f9trial","space_id":"a09ec884-7189-4afe-8c0e-0921f8f96abc","space_name":"dev","context_id":"mq9614fk","msg":"Application router is listening on port: 8080"} (STDOUT, APP/PROC/WEB)#
#2026 06 11 07:24:28.142#Z#DEBUG#5b06605e-6566-11f1-bbb5-eeee0a95761a.Leave_SAP#flowable-async-job-executor-thread-4072#
[PollStartAppStatusExecution] c1e2aabd-8a9e-4b0d-a9f0-599b3c07b6c7 [2026-06-11T07:17:59.678662] Container became healthy (STDOUT, CELL)#
#2026 06 11 07:24:28.142#Z#DEBUG#5b06605e-6566-11f1-bbb5-eeee0a95761a.Leave_SAP#flowable-async-job-executor-thread-4072#
[PollStartAppStatusExecution] c1e2aabd-8a9e-4b0d-a9f0-599b3c07b6c7 [2026-06-11T07:17:59.710860] Process is being rescheduled (STDOUT, API)#
#2026 06 11 07:24:28.142#Z#DEBUG#5b06605e-6566-11f1-bbb5-eeee0a95761a.Leave_SAP#flowable-async-job-executor-thread-4072#
[PollStartAppStatusExecution] c1e2aabd-8a9e-4b0d-a9f0-599b3c07b6c7 [2026-06-11T07:18:01.650762] Cell 77283d80-dfa7-40ba-ba4e-265aef112085 stopping instance 00ddcfd4-313e-4163-6e8c-ffc3 (STDOUT, CELL)#
#2026 06 11 07:24:28.142#Z#DEBUG#5b06605e-6566-11f1-bbb5-eeee0a95761a.Leave_SAP#flowable-async-job-executor-thread-4072#
[PollStartAppStatusExecution] c1e2aabd-8a9e-4b0d-a9f0-599b3c07b6c7 [2026-06-11T07:19:08.713011] Cell 77283d80-dfa7-40ba-ba4e-265aef112085 destroying container for instance 00ddcfd4-313e-4163-6e8c-ffc3 (STDOUT, CELL)#
#2026 06 11 07:24:28.142#Z#DEBUG#5b06605e-6566-11f1-bbb5-eeee0a95761a.Leave_SAP#flowable-async-job-executor-thread-4072#
[PollStartAppStatusExecution] c1e2aabd-8a9e-4b0d-a9f0-599b3c07b6c7 [2026-06-11T07:19:09.069062] Exit status 137 (STDOUT, PROXY)#
#2026 06 11 07:24:28.142#Z#DEBUG#5b06605e-6566-11f1-bbb5-eeee0a95761a.Leave_SAP#flowable-async-job-executor-thread-4072#
[PollStartAppStatusExecution] c1e2aabd-8a9e-4b0d-a9f0-599b3c07b6c7 [2026-06-11T07:20:58.899503] Cell 77283d80-dfa7-40ba-ba4e-265aef112085 successfully destroyed container for instance 00ddcfd4-313e-4163-6e8c-ffc3 (STDOUT, CELL)#
#2026 06 11 07:24:28.142#Z#DEBUG#5b06605e-6566-11f1-bbb5-eeee0a95761a.Leave_SAP#flowable-async-job-executor-thread-4072#
[PollStartAppStatusExecution] c1e2aabd-8a9e-4b0d-a9f0-599b3c07b6c7 [2026-06-11T07:23:41.093503] Updated app with guid c1e2aabd-8a9e-4b0d-a9f0-599b3c07b6c7 ({"lifecycle"=>{"data"=>{"buildpacks"=>[]}, "type"=>"buildpack"}}) (STDOUT, API)#
#2026 06 11 07:24:28.142#Z#DEBUG#5b06605e-6566-11f1-bbb5-eeee0a95761a.Leave_SAP#flowable-async-job-executor-thread-4072#
[PollStartAppStatusExecution] c1e2aabd-8a9e-4b0d-a9f0-599b3c07b6c7 [2026-06-11T07:23:41.342978] Updating process: "web" (STDOUT, API)#
#2026 06 11 07:24:28.142#Z#DEBUG#5b06605e-6566-11f1-bbb5-eeee0a95761a.Leave_SAP#flowable-async-job-executor-thread-4072#
[PollStartAppStatusExecution] c1e2aabd-8a9e-4b0d-a9f0-599b3c07b6c7 [2026-06-11T07:24:19.703854] Stopping app with guid c1e2aabd-8a9e-4b0d-a9f0-599b3c07b6c7 (STDOUT, API)#
#2026 06 11 07:24:28.142#Z#DEBUG#5b06605e-6566-11f1-bbb5-eeee0a95761a.Leave_SAP#flowable-async-job-executor-thread-4072#
[PollStartAppStatusExecution] c1e2aabd-8a9e-4b0d-a9f0-599b3c07b6c7 [2026-06-11T07:24:19.737497] Cell 684caff8-89cd-492b-be01-b3d0835f1763 stopping instance 3a8e36d1-d59b-4627-5b67-6483 (STDOUT, CELL)#
#2026 06 11 07:24:28.142#Z#DEBUG#5b06605e-6566-11f1-bbb5-eeee0a95761a.Leave_SAP#flowable-async-job-executor-thread-4072#
[PollStartAppStatusExecution] c1e2aabd-8a9e-4b0d-a9f0-599b3c07b6c7 [2026-06-11T07:24:20.202404] Starting app with guid c1e2aabd-8a9e-4b0d-a9f0-599b3c07b6c7 (STDOUT, API)#
#2026 06 11 07:24:28.142#Z#DEBUG#5b06605e-6566-11f1-bbb5-eeee0a95761a.Leave_SAP#flowable-async-job-executor-thread-4072#
[PollStartAppStatusExecution] c1e2aabd-8a9e-4b0d-a9f0-599b3c07b6c7 [2026-06-11T07:24:20.577088] Cell c839c7b1-088e-41af-b9b7-66256aacd457 creating container for instance 346a61db-2622-4ffe-6f89-e5e9 (STDOUT, CELL)#
#2026 06 11 07:24:28.142#Z#DEBUG#5b06605e-6566-11f1-bbb5-eeee0a95761a.Leave_SAP#flowable-async-job-executor-thread-4072#
[PollStartAppStatusExecution] c1e2aabd-8a9e-4b0d-a9f0-599b3c07b6c7 [2026-06-11T07:24:21.387593] Security group rules were updated (STDOUT, CELL)#
#2026 06 11 07:24:28.142#Z#DEBUG#5b06605e-6566-11f1-bbb5-eeee0a95761a.Leave_SAP#flowable-async-job-executor-thread-4072#
[PollStartAppStatusExecution] c1e2aabd-8a9e-4b0d-a9f0-599b3c07b6c7 [2026-06-11T07:24:21.477671] Cell c839c7b1-088e-41af-b9b7-66256aacd457 successfully created container for instance 346a61db-2622-4ffe-6f89-e5e9 (STDOUT, CELL)#
#2026 06 11 07:24:28.142#Z#DEBUG#5b06605e-6566-11f1-bbb5-eeee0a95761a.Leave_SAP#flowable-async-job-executor-thread-4072#
[PollStartAppStatusExecution] c1e2aabd-8a9e-4b0d-a9f0-599b3c07b6c7 [2026-06-11T07:24:21.851313] Downloading droplet... (STDOUT, CELL)#
#2026 06 11 07:24:42.509#Z#DEBUG#5b06605e-6566-11f1-bbb5-eeee0a95761a.Leave_SAP#flowable-async-job-executor-thread-5316#
[PollStartAppStatusExecution] c1e2aabd-8a9e-4b0d-a9f0-599b3c07b6c7 [2026-06-11T07:24:30.467330] Downloaded droplet (62.1M) (STDOUT, CELL)#
#2026 06 11 07:24:42.509#Z#DEBUG#5b06605e-6566-11f1-bbb5-eeee0a95761a.Leave_SAP#flowable-async-job-executor-thread-5316#
[PollStartAppStatusExecution] c1e2aabd-8a9e-4b0d-a9f0-599b3c07b6c7 [2026-06-11T07:24:30.467487] Starting health monitoring of container (STDOUT, CELL)#
#2026 06 11 07:24:42.509#Z#DEBUG#5b06605e-6566-11f1-bbb5-eeee0a95761a.Leave_SAP#flowable-async-job-executor-thread-5316#
[PollStartAppStatusExecution] c1e2aabd-8a9e-4b0d-a9f0-599b3c07b6c7 [2026-06-11T07:24:30.615433] Invoking pre-start scripts. (STDOUT, APP/PROC/WEB)#
#2026 06 11 07:24:42.509#Z#DEBUG#5b06605e-6566-11f1-bbb5-eeee0a95761a.Leave_SAP#flowable-async-job-executor-thread-5316#
[PollStartAppStatusExecution] c1e2aabd-8a9e-4b0d-a9f0-599b3c07b6c7 [2026-06-11T07:24:30.868424] Invoking start command. (STDOUT, APP/PROC/WEB)#
#2026 06 11 07:24:42.509#Z#DEBUG#5b06605e-6566-11f1-bbb5-eeee0a95761a.Leave_SAP#flowable-async-job-executor-thread-5316#
[PollStartAppStatusExecution] c1e2aabd-8a9e-4b0d-a9f0-599b3c07b6c7 [2026-06-11T07:24:31.334748] > start (STDOUT, APP/PROC/WEB)#
#2026 06 11 07:24:42.509#Z#DEBUG#5b06605e-6566-11f1-bbb5-eeee0a95761a.Leave_SAP#flowable-async-job-executor-thread-5316#
[PollStartAppStatusExecution] c1e2aabd-8a9e-4b0d-a9f0-599b3c07b6c7 [2026-06-11T07:24:31.334776] > node node_modules/@sap/approuter/approuter.js (STDOUT, APP/PROC/WEB)#
#2026 06 11 07:24:42.509#Z#DEBUG#5b06605e-6566-11f1-bbb5-eeee0a95761a.Leave_SAP#flowable-async-job-executor-thread-5316#
[PollStartAppStatusExecution] c1e2aabd-8a9e-4b0d-a9f0-599b3c07b6c7 [2026-06-11T07:24:31.541547] {"written_at":"2026-06-11T07:24:31.539Z","written_ts":1781162671539000000,"csn_component":"-","correlation_id":"-","type":"log","logger":"nodejs-logger","layer":"/LoggingLibrary","level":"warning","container_id":"10.32.2.6","component_type":"application","component_id":"c1e2aabd-8a9e-4b0d-a9f0-599b3c07b6c7","component_name":"Leave_SAP","component_instance":-1,"source_instance":-1,"organization_id":"8242d63d-2242-4502-9b05-27e72fb11bfc","organization_name":"6babf1f9trial","space_id":"a09ec884-7189-4afe-8c0e-0921f8f96abc","space_name":"dev","context_id":"","msg":"Dynamic log level switching not available"} (STDOUT, APP/PROC/WEB)#
#2026 06 11 07:24:42.509#Z#DEBUG#5b06605e-6566-11f1-bbb5-eeee0a95761a.Leave_SAP#flowable-async-job-executor-thread-5316#
[PollStartAppStatusExecution] c1e2aabd-8a9e-4b0d-a9f0-599b3c07b6c7 [2026-06-11T07:24:32.155707] {"written_at":"2026-06-11T07:24:32.155Z","written_ts":1781162672155000000,"csn_component":"-","correlation_id":"mq969lp7","type":"log","logger":"nodejs-logger","layer":"/approuter","level":"info","container_id":"10.32.2.6","component_type":"application","component_id":"c1e2aabd-8a9e-4b0d-a9f0-599b3c07b6c7","component_name":"Leave_SAP","component_instance":-1,"source_instance":-1,"organization_id":"8242d63d-2242-4502-9b05-27e72fb11bfc","organization_name":"6babf1f9trial","space_id":"a09ec884-7189-4afe-8c0e-0921f8f96abc","space_name":"dev","context_id":"mq969lp7","msg":"Application router version 21.5.0"} (STDOUT, APP/PROC/WEB)#
#2026 06 11 07:24:42.509#Z#DEBUG#5b06605e-6566-11f1-bbb5-eeee0a95761a.Leave_SAP#flowable-async-job-executor-thread-5316#
[PollStartAppStatusExecution] c1e2aabd-8a9e-4b0d-a9f0-599b3c07b6c7 [2026-06-11T07:24:32.161829] {"written_at":"2026-06-11T07:24:32.161Z","written_ts":1781162672161000000,"csn_component":"-","correlation_id":"mq969lpd","type":"log","logger":"nodejs-logger","layer":"/Configuration","level":"info","container_id":"10.32.2.6","component_type":"application","component_id":"c1e2aabd-8a9e-4b0d-a9f0-599b3c07b6c7","component_name":"Leave_SAP","component_instance":-1,"source_instance":-1,"organization_id":"8242d63d-2242-4502-9b05-27e72fb11bfc","organization_name":"6babf1f9trial","space_id":"a09ec884-7189-4afe-8c0e-0921f8f96abc","space_name":"dev","context_id":"mq969lpd","msg":"No COOKIES environment variable"} (STDOUT, APP/PROC/WEB)#
#2026 06 11 07:24:42.509#Z#DEBUG#5b06605e-6566-11f1-bbb5-eeee0a95761a.Leave_SAP#flowable-async-job-executor-thread-5316#
[PollStartAppStatusExecution] c1e2aabd-8a9e-4b0d-a9f0-599b3c07b6c7 [2026-06-11T07:24:32.168524] {"written_at":"2026-06-11T07:24:32.168Z","written_ts":1781162672168000000,"csn_component":"-","correlation_id":"mq969lpk","type":"log","logger":"nodejs-logger","layer":"/Configuration","level":"info","container_id":"10.32.2.6","component_type":"application","component_id":"c1e2aabd-8a9e-4b0d-a9f0-599b3c07b6c7","component_name":"Leave_SAP","component_instance":-1,"source_instance":-1,"organization_id":"8242d63d-2242-4502-9b05-27e72fb11bfc","organization_name":"6babf1f9trial","space_id":"a09ec884-7189-4afe-8c0e-0921f8f96abc","space_name":"dev","context_id":"mq969lpk","msg":"xs-app.json: Application does not have directory for static resources!"} (STDOUT, APP/PROC/WEB)#
#2026 06 11 07:24:42.509#Z#DEBUG#5b06605e-6566-11f1-bbb5-eeee0a95761a.Leave_SAP#flowable-async-job-executor-thread-5316#
[PollStartAppStatusExecution] c1e2aabd-8a9e-4b0d-a9f0-599b3c07b6c7 [2026-06-11T07:24:32.203702] {"written_at":"2026-06-11T07:24:32.203Z","written_ts":1781162672203000000,"csn_component":"-","correlation_id":"mq969lp7","type":"log","logger":"nodejs-logger","layer":"/approuter","level":"info","container_id":"10.32.2.6","component_type":"application","component_id":"c1e2aabd-8a9e-4b0d-a9f0-599b3c07b6c7","component_name":"Leave_SAP","component_instance":-1,"source_instance":-1,"organization_id":"8242d63d-2242-4502-9b05-27e72fb11bfc","organization_name":"6babf1f9trial","space_id":"a09ec884-7189-4afe-8c0e-0921f8f96abc","space_name":"dev","context_id":"mq969lp7","msg":"Application router is listening on port: 8080"} (STDOUT, APP/PROC/WEB)#
#2026 06 11 07:24:42.509#Z#DEBUG#5b06605e-6566-11f1-bbb5-eeee0a95761a.Leave_SAP#flowable-async-job-executor-thread-5316#
[PollStartAppStatusExecution] c1e2aabd-8a9e-4b0d-a9f0-599b3c07b6c7 [2026-06-11T07:24:34.804468] Container became healthy (STDOUT, CELL)#
#2026 06 11 07:24:42.509#Z#DEBUG#5b06605e-6566-11f1-bbb5-eeee0a95761a.Leave_SAP#flowable-async-job-executor-thread-5316#
[PollStartAppStatusExecution] c1e2aabd-8a9e-4b0d-a9f0-599b3c07b6c7 [2026-06-11T07:24:34.833724] Process became ready with guid c1e2aabd-8a9e-4b0d-a9f0-599b3c07b6c7 payload: {"instance"=>"346a61db-2622-4ffe-6f89-e5e9", "index"=>0, "cell_id"=>"c839c7b1-088e-41af-b9b7-66256aacd457", "ready"=>true, "version"=>"b9cc222a-c9d5-4f87-a397-cf4b8e6c2f72"} (STDOUT, API)#
