#2026 06 11 07:25:11.947#Z#DEBUG#5b06605e-6566-11f1-bbb5-eeee0a95761a.Leave_SAP-db-deployer#flowable-async-job-executor-thread-5003#
[PollStageAppStatusExecution] 34a6a01a-8300-4b82-9c1e-ff6752a8bf21 [2026-06-11T07:23:46.462580] Updated app with guid 34a6a01a-8300-4b82-9c1e-ff6752a8bf21 ({"lifecycle"=>{"data"=>{"buildpacks"=>["nodejs_buildpack"]}, "type"=>"buildpack"}}) (STDOUT, API)#
#2026 06 11 07:25:11.947#Z#DEBUG#5b06605e-6566-11f1-bbb5-eeee0a95761a.Leave_SAP-db-deployer#flowable-async-job-executor-thread-5003#
[PollStageAppStatusExecution] 34a6a01a-8300-4b82-9c1e-ff6752a8bf21 [2026-06-11T07:23:46.743268] Updating process: "web" (STDOUT, API)#
#2026 06 11 07:25:11.947#Z#DEBUG#5b06605e-6566-11f1-bbb5-eeee0a95761a.Leave_SAP-db-deployer#flowable-async-job-executor-thread-5003#
[PollStageAppStatusExecution] 34a6a01a-8300-4b82-9c1e-ff6752a8bf21 [2026-06-11T07:24:41.159620] Uploading app package for app with guid 34a6a01a-8300-4b82-9c1e-ff6752a8bf21 (STDOUT, API)#
#2026 06 11 07:25:11.947#Z#DEBUG#5b06605e-6566-11f1-bbb5-eeee0a95761a.Leave_SAP-db-deployer#flowable-async-job-executor-thread-5003#
[PollStageAppStatusExecution] 34a6a01a-8300-4b82-9c1e-ff6752a8bf21 [2026-06-11T07:24:41.672001] Updated app with guid 34a6a01a-8300-4b82-9c1e-ff6752a8bf21 ({"environment_variables"=>"[PRIVATE DATA HIDDEN]"}) (STDOUT, API)#
#2026 06 11 07:25:11.947#Z#DEBUG#5b06605e-6566-11f1-bbb5-eeee0a95761a.Leave_SAP-db-deployer#flowable-async-job-executor-thread-5003#
[PollStageAppStatusExecution] 34a6a01a-8300-4b82-9c1e-ff6752a8bf21 [2026-06-11T07:24:59.165273] Creating build for app with guid 34a6a01a-8300-4b82-9c1e-ff6752a8bf21 (STDOUT, API)#
#2026 06 11 07:25:11.947#Z#DEBUG#5b06605e-6566-11f1-bbb5-eeee0a95761a.Leave_SAP-db-deployer#flowable-async-job-executor-thread-5003#
[PollStageAppStatusExecution] 34a6a01a-8300-4b82-9c1e-ff6752a8bf21 [2026-06-11T07:24:59.654088] Downloading nodejs_buildpack... (STDOUT, STG)#
#2026 06 11 07:25:11.947#Z#DEBUG#5b06605e-6566-11f1-bbb5-eeee0a95761a.Leave_SAP-db-deployer#flowable-async-job-executor-thread-5003#
[PollStageAppStatusExecution] 34a6a01a-8300-4b82-9c1e-ff6752a8bf21 [2026-06-11T07:24:59.694613] Downloaded nodejs_buildpack (STDOUT, STG)#
#2026 06 11 07:25:11.947#Z#DEBUG#5b06605e-6566-11f1-bbb5-eeee0a95761a.Leave_SAP-db-deployer#flowable-async-job-executor-thread-5003#
[PollStageAppStatusExecution] 34a6a01a-8300-4b82-9c1e-ff6752a8bf21 [2026-06-11T07:24:59.694761] Cell d1cc041a-d5a1-41d6-b9f6-6cda736ce3f0 creating container for instance 80b82261-23ea-4224-bf0c-fb197a216817 (STDOUT, STG)#
#2026 06 11 07:25:11.947#Z#DEBUG#5b06605e-6566-11f1-bbb5-eeee0a95761a.Leave_SAP-db-deployer#flowable-async-job-executor-thread-5003#
[PollStageAppStatusExecution] 34a6a01a-8300-4b82-9c1e-ff6752a8bf21 [2026-06-11T07:25:00.583377] Security group rules were updated (STDOUT, STG)#
#2026 06 11 07:25:11.947#Z#DEBUG#5b06605e-6566-11f1-bbb5-eeee0a95761a.Leave_SAP-db-deployer#flowable-async-job-executor-thread-5003#
[PollStageAppStatusExecution] 34a6a01a-8300-4b82-9c1e-ff6752a8bf21 [2026-06-11T07:25:00.861292] Cell d1cc041a-d5a1-41d6-b9f6-6cda736ce3f0 successfully created container for instance 80b82261-23ea-4224-bf0c-fb197a216817 (STDOUT, STG)#
#2026 06 11 07:25:11.947#Z#DEBUG#5b06605e-6566-11f1-bbb5-eeee0a95761a.Leave_SAP-db-deployer#flowable-async-job-executor-thread-5003#
[PollStageAppStatusExecution] 34a6a01a-8300-4b82-9c1e-ff6752a8bf21 [2026-06-11T07:25:01.563292] Downloading app package... (STDOUT, STG)#
#2026 06 11 07:25:11.947#Z#DEBUG#5b06605e-6566-11f1-bbb5-eeee0a95761a.Leave_SAP-db-deployer#flowable-async-job-executor-thread-5003#
[PollStageAppStatusExecution] 34a6a01a-8300-4b82-9c1e-ff6752a8bf21 [2026-06-11T07:25:01.563358] Downloading build artifacts cache... (STDOUT, STG)#
#2026 06 11 07:25:11.947#Z#DEBUG#5b06605e-6566-11f1-bbb5-eeee0a95761a.Leave_SAP-db-deployer#flowable-async-job-executor-thread-5003#
[PollStageAppStatusExecution] 34a6a01a-8300-4b82-9c1e-ff6752a8bf21 [2026-06-11T07:25:01.770957] Downloaded build artifacts cache (225B) (STDOUT, STG)#
#2026 06 11 07:25:11.947#Z#DEBUG#5b06605e-6566-11f1-bbb5-eeee0a95761a.Leave_SAP-db-deployer#flowable-async-job-executor-thread-5003#
[PollStageAppStatusExecution] 34a6a01a-8300-4b82-9c1e-ff6752a8bf21 [2026-06-11T07:25:01.940642] Downloaded app package (2.3M) (STDOUT, STG)#
#2026 06 11 07:25:11.947#Z#DEBUG#5b06605e-6566-11f1-bbb5-eeee0a95761a.Leave_SAP-db-deployer#flowable-async-job-executor-thread-5003#
[PollStageAppStatusExecution] 34a6a01a-8300-4b82-9c1e-ff6752a8bf21 [2026-06-11T07:25:02.080218] -----> Nodejs Buildpack version 1.9.1 (STDOUT, STG)#
#2026 06 11 07:25:11.947#Z#DEBUG#5b06605e-6566-11f1-bbb5-eeee0a95761a.Leave_SAP-db-deployer#flowable-async-job-executor-thread-5003#
[PollStageAppStatusExecution] 34a6a01a-8300-4b82-9c1e-ff6752a8bf21 [2026-06-11T07:25:02.080254] [31;1m**WARNING**[0m buildpack version changed from 1.8.44 to 1.9.1 (STDOUT, STG)#
#2026 06 11 07:25:11.947#Z#DEBUG#5b06605e-6566-11f1-bbb5-eeee0a95761a.Leave_SAP-db-deployer#flowable-async-job-executor-thread-5003#
[PollStageAppStatusExecution] 34a6a01a-8300-4b82-9c1e-ff6752a8bf21 [2026-06-11T07:25:02.308329] -----> Bootstrapping python (STDOUT, STG)#
#2026 06 11 07:25:11.947#Z#DEBUG#5b06605e-6566-11f1-bbb5-eeee0a95761a.Leave_SAP-db-deployer#flowable-async-job-executor-thread-5003#
[PollStageAppStatusExecution] 34a6a01a-8300-4b82-9c1e-ff6752a8bf21 [2026-06-11T07:25:02.308355] -----> Installing python 3.13.13 (STDOUT, STG)#
#2026 06 11 07:25:11.947#Z#DEBUG#5b06605e-6566-11f1-bbb5-eeee0a95761a.Leave_SAP-db-deployer#flowable-async-job-executor-thread-5003#
[PollStageAppStatusExecution] 34a6a01a-8300-4b82-9c1e-ff6752a8bf21 [2026-06-11T07:25:02.308360] Copy [/tmp/buildpacks/ac648aa71a7866ca/dependencies/268a5e3743d51a14b86ea9da64439307/python_3.13.13_linux_x64_cflinuxfs4_8311abbf.tgz] (STDOUT, STG)#
#2026 06 11 07:25:11.947#Z#DEBUG#5b06605e-6566-11f1-bbb5-eeee0a95761a.Leave_SAP-db-deployer#flowable-async-job-executor-thread-5003#
[PollStageAppStatusExecution] 34a6a01a-8300-4b82-9c1e-ff6752a8bf21 [2026-06-11T07:25:06.924681] -----> Installing binaries (STDOUT, STG)#
#2026 06 11 07:25:11.947#Z#DEBUG#5b06605e-6566-11f1-bbb5-eeee0a95761a.Leave_SAP-db-deployer#flowable-async-job-executor-thread-5003#
[PollStageAppStatusExecution] 34a6a01a-8300-4b82-9c1e-ff6752a8bf21 [2026-06-11T07:25:06.924937] engines.node (package.json): >=18 (STDOUT, STG)#
#2026 06 11 07:25:11.947#Z#DEBUG#5b06605e-6566-11f1-bbb5-eeee0a95761a.Leave_SAP-db-deployer#flowable-async-job-executor-thread-5003#
[PollStageAppStatusExecution] 34a6a01a-8300-4b82-9c1e-ff6752a8bf21 [2026-06-11T07:25:06.924962] engines.npm (package.json): unspecified (use default) (STDOUT, STG)#
#2026 06 11 07:25:11.947#Z#DEBUG#5b06605e-6566-11f1-bbb5-eeee0a95761a.Leave_SAP-db-deployer#flowable-async-job-executor-thread-5003#
[PollStageAppStatusExecution] 34a6a01a-8300-4b82-9c1e-ff6752a8bf21 [2026-06-11T07:25:06.925102] [31;1m**WARNING**[0m Dangerous semver range (>) in engines.node. See: http://docs.cloudfoundry.org/buildpacks/node/node-tips.html (STDOUT, STG)#
#2026 06 11 07:25:11.947#Z#DEBUG#5b06605e-6566-11f1-bbb5-eeee0a95761a.Leave_SAP-db-deployer#flowable-async-job-executor-thread-5003#
[PollStageAppStatusExecution] 34a6a01a-8300-4b82-9c1e-ff6752a8bf21 [2026-06-11T07:25:06.925271] -----> Installing node 24.15.0 (STDOUT, STG)#
#2026 06 11 07:25:11.947#Z#DEBUG#5b06605e-6566-11f1-bbb5-eeee0a95761a.Leave_SAP-db-deployer#flowable-async-job-executor-thread-5003#
[PollStageAppStatusExecution] 34a6a01a-8300-4b82-9c1e-ff6752a8bf21 [2026-06-11T07:25:06.925488] Copy [/tmp/buildpacks/ac648aa71a7866ca/dependencies/6441e97e6386f47ec4c16cfdf8db0a17/node_24.15.0_linux_x64_cflinuxfs4_1a62d98b.tgz] (STDOUT, STG)#
#2026 06 11 07:25:11.947#Z#DEBUG#5b06605e-6566-11f1-bbb5-eeee0a95761a.Leave_SAP-db-deployer#flowable-async-job-executor-thread-5003#
[PollStageAppStatusExecution] 34a6a01a-8300-4b82-9c1e-ff6752a8bf21 [2026-06-11T07:25:09.393508] Using default npm version: 11.12.1 (STDOUT, STG)#
#2026 06 11 07:25:11.947#Z#DEBUG#5b06605e-6566-11f1-bbb5-eeee0a95761a.Leave_SAP-db-deployer#flowable-async-job-executor-thread-5003#
[PollStageAppStatusExecution] 34a6a01a-8300-4b82-9c1e-ff6752a8bf21 [2026-06-11T07:25:09.393704] -----> Installing yarn 1.22.22 (STDOUT, STG)#
#2026 06 11 07:25:11.947#Z#DEBUG#5b06605e-6566-11f1-bbb5-eeee0a95761a.Leave_SAP-db-deployer#flowable-async-job-executor-thread-5003#
[PollStageAppStatusExecution] 34a6a01a-8300-4b82-9c1e-ff6752a8bf21 [2026-06-11T07:25:09.393933] Copy [/tmp/buildpacks/ac648aa71a7866ca/dependencies/e4fe26756e9984a665478d350474fa2e/yarn_1.22.22_linux_noarch_any-stack_b6132b86.tgz] (STDOUT, STG)#
#2026 06 11 07:25:11.947#Z#DEBUG#5b06605e-6566-11f1-bbb5-eeee0a95761a.Leave_SAP-db-deployer#flowable-async-job-executor-thread-5003#
[PollStageAppStatusExecution] 34a6a01a-8300-4b82-9c1e-ff6752a8bf21 [2026-06-11T07:25:09.790520] Installed yarn 1.22.22 (STDOUT, STG)#
#2026 06 11 07:25:11.947#Z#DEBUG#5b06605e-6566-11f1-bbb5-eeee0a95761a.Leave_SAP-db-deployer#flowable-async-job-executor-thread-5003#
[PollStageAppStatusExecution] 34a6a01a-8300-4b82-9c1e-ff6752a8bf21 [2026-06-11T07:25:09.790563] -----> Creating runtime environment (STDOUT, STG)#
#2026 06 11 07:25:11.947#Z#DEBUG#5b06605e-6566-11f1-bbb5-eeee0a95761a.Leave_SAP-db-deployer#flowable-async-job-executor-thread-5003#
[PollStageAppStatusExecution] 34a6a01a-8300-4b82-9c1e-ff6752a8bf21 [2026-06-11T07:25:09.792359] NODE_ENV=production (STDOUT, STG)#
#2026 06 11 07:25:11.947#Z#DEBUG#5b06605e-6566-11f1-bbb5-eeee0a95761a.Leave_SAP-db-deployer#flowable-async-job-executor-thread-5003#
[PollStageAppStatusExecution] 34a6a01a-8300-4b82-9c1e-ff6752a8bf21 [2026-06-11T07:25:09.792378] NODE_HOME=/tmp/contents91832436/deps/0/node (STDOUT, STG)#
#2026 06 11 07:25:11.947#Z#DEBUG#5b06605e-6566-11f1-bbb5-eeee0a95761a.Leave_SAP-db-deployer#flowable-async-job-executor-thread-5003#
[PollStageAppStatusExecution] 34a6a01a-8300-4b82-9c1e-ff6752a8bf21 [2026-06-11T07:25:09.792382] NODE_MODULES_CACHE=true (STDOUT, STG)#
#2026 06 11 07:25:11.947#Z#DEBUG#5b06605e-6566-11f1-bbb5-eeee0a95761a.Leave_SAP-db-deployer#flowable-async-job-executor-thread-5003#
[PollStageAppStatusExecution] 34a6a01a-8300-4b82-9c1e-ff6752a8bf21 [2026-06-11T07:25:09.792385] NODE_VERBOSE=false (STDOUT, STG)#
#2026 06 11 07:25:11.947#Z#DEBUG#5b06605e-6566-11f1-bbb5-eeee0a95761a.Leave_SAP-db-deployer#flowable-async-job-executor-thread-5003#
[PollStageAppStatusExecution] 34a6a01a-8300-4b82-9c1e-ff6752a8bf21 [2026-06-11T07:25:09.792395] NPM_CONFIG_LOGLEVEL=error (STDOUT, STG)#
#2026 06 11 07:25:11.947#Z#DEBUG#5b06605e-6566-11f1-bbb5-eeee0a95761a.Leave_SAP-db-deployer#flowable-async-job-executor-thread-5003#
[PollStageAppStatusExecution] 34a6a01a-8300-4b82-9c1e-ff6752a8bf21 [2026-06-11T07:25:09.792397] NPM_CONFIG_PRODUCTION=true (STDOUT, STG)#
#2026 06 11 07:25:11.947#Z#DEBUG#5b06605e-6566-11f1-bbb5-eeee0a95761a.Leave_SAP-db-deployer#flowable-async-job-executor-thread-5003#
[PollStageAppStatusExecution] 34a6a01a-8300-4b82-9c1e-ff6752a8bf21 [2026-06-11T07:25:09.792400] -----> Building dependencies (STDOUT, STG)#
#2026 06 11 07:25:11.947#Z#DEBUG#5b06605e-6566-11f1-bbb5-eeee0a95761a.Leave_SAP-db-deployer#flowable-async-job-executor-thread-5003#
[PollStageAppStatusExecution] 34a6a01a-8300-4b82-9c1e-ff6752a8bf21 [2026-06-11T07:25:09.792402] Prebuild detected (node_modules already exists) (STDOUT, STG)#
#2026 06 11 07:25:11.947#Z#DEBUG#5b06605e-6566-11f1-bbb5-eeee0a95761a.Leave_SAP-db-deployer#flowable-async-job-executor-thread-5003#
[PollStageAppStatusExecution] 34a6a01a-8300-4b82-9c1e-ff6752a8bf21 [2026-06-11T07:25:09.792414] Rebuilding any native modules (STDOUT, STG)#
#2026 06 11 07:25:11.947#Z#DEBUG#5b06605e-6566-11f1-bbb5-eeee0a95761a.Leave_SAP-db-deployer#flowable-async-job-executor-thread-5003#
[PollStageAppStatusExecution] 34a6a01a-8300-4b82-9c1e-ff6752a8bf21 [2026-06-11T07:25:10.400764] rebuilt dependencies successfully (STDOUT, STG)#
#2026 06 11 07:25:11.947#Z#DEBUG#5b06605e-6566-11f1-bbb5-eeee0a95761a.Leave_SAP-db-deployer#flowable-async-job-executor-thread-5003#
[PollStageAppStatusExecution] 34a6a01a-8300-4b82-9c1e-ff6752a8bf21 [2026-06-11T07:25:10.464970] Installing any new modules (package.json + package-lock.json) (STDOUT, STG)#
#2026 06 11 07:25:11.947#Z#DEBUG#5b06605e-6566-11f1-bbb5-eeee0a95761a.Leave_SAP-db-deployer#flowable-async-job-executor-thread-5003#
[PollStageAppStatusExecution] 34a6a01a-8300-4b82-9c1e-ff6752a8bf21 [2026-06-11T07:25:10.951578] up to date in 398ms (STDOUT, STG)#
#2026 06 11 07:25:11.947#Z#DEBUG#5b06605e-6566-11f1-bbb5-eeee0a95761a.Leave_SAP-db-deployer#flowable-async-job-executor-thread-5003#
[PollStageAppStatusExecution] 34a6a01a-8300-4b82-9c1e-ff6752a8bf21 [2026-06-11T07:25:10.951910] 4 packages are looking for funding (STDOUT, STG)#
#2026 06 11 07:25:11.947#Z#DEBUG#5b06605e-6566-11f1-bbb5-eeee0a95761a.Leave_SAP-db-deployer#flowable-async-job-executor-thread-5003#
[PollStageAppStatusExecution] 34a6a01a-8300-4b82-9c1e-ff6752a8bf21 [2026-06-11T07:25:10.952085] run `npm fund` for details (STDOUT, STG)#
#2026 06 11 07:25:11.947#Z#DEBUG#5b06605e-6566-11f1-bbb5-eeee0a95761a.Leave_SAP-db-deployer#flowable-async-job-executor-thread-5003#
[PollStageAppStatusExecution] 34a6a01a-8300-4b82-9c1e-ff6752a8bf21 [2026-06-11T07:25:11.559825] Contrast Security no credentials found. Will not write environment files. (STDOUT, STG)#
#2026 06 11 07:25:31.024#Z#DEBUG#5b06605e-6566-11f1-bbb5-eeee0a95761a.Leave_SAP-db-deployer#flowable-async-job-executor-thread-5345#
[PollStageAppStatusExecution] 34a6a01a-8300-4b82-9c1e-ff6752a8bf21 [2026-06-11T07:25:21.506809] Exit status 0 (STDOUT, STG)#
#2026 06 11 07:25:31.024#Z#DEBUG#5b06605e-6566-11f1-bbb5-eeee0a95761a.Leave_SAP-db-deployer#flowable-async-job-executor-thread-5345#
[PollStageAppStatusExecution] 34a6a01a-8300-4b82-9c1e-ff6752a8bf21 [2026-06-11T07:25:21.506875] Uploading droplet, build artifacts cache... (STDOUT, STG)#
#2026 06 11 07:25:31.024#Z#DEBUG#5b06605e-6566-11f1-bbb5-eeee0a95761a.Leave_SAP-db-deployer#flowable-async-job-executor-thread-5345#
[PollStageAppStatusExecution] 34a6a01a-8300-4b82-9c1e-ff6752a8bf21 [2026-06-11T07:25:21.506919] Uploading droplet... (STDOUT, STG)#
#2026 06 11 07:25:31.024#Z#DEBUG#5b06605e-6566-11f1-bbb5-eeee0a95761a.Leave_SAP-db-deployer#flowable-async-job-executor-thread-5345#
[PollStageAppStatusExecution] 34a6a01a-8300-4b82-9c1e-ff6752a8bf21 [2026-06-11T07:25:21.506954] Uploading build artifacts cache... (STDOUT, STG)#
#2026 06 11 07:25:31.024#Z#DEBUG#5b06605e-6566-11f1-bbb5-eeee0a95761a.Leave_SAP-db-deployer#flowable-async-job-executor-thread-5345#
[PollStageAppStatusExecution] 34a6a01a-8300-4b82-9c1e-ff6752a8bf21 [2026-06-11T07:25:21.535680] Uploaded build artifacts cache (226B) (STDOUT, STG)#
#2026 06 11 07:25:31.024#Z#DEBUG#5b06605e-6566-11f1-bbb5-eeee0a95761a.Leave_SAP-db-deployer#flowable-async-job-executor-thread-5345#
[PollStageAppStatusExecution] 34a6a01a-8300-4b82-9c1e-ff6752a8bf21 [2026-06-11T07:25:22.238777] Creating droplet for app with guid 34a6a01a-8300-4b82-9c1e-ff6752a8bf21 (STDOUT, API)#
#2026 06 11 07:25:31.024#Z#DEBUG#5b06605e-6566-11f1-bbb5-eeee0a95761a.Leave_SAP-db-deployer#flowable-async-job-executor-thread-5345#
[PollStageAppStatusExecution] 34a6a01a-8300-4b82-9c1e-ff6752a8bf21 [2026-06-11T07:25:24.307895] Uploaded droplet (58.5M) (STDOUT, STG)#
#2026 06 11 07:25:31.024#Z#DEBUG#5b06605e-6566-11f1-bbb5-eeee0a95761a.Leave_SAP-db-deployer#flowable-async-job-executor-thread-5345#
[PollStageAppStatusExecution] 34a6a01a-8300-4b82-9c1e-ff6752a8bf21 [2026-06-11T07:25:24.328626] Uploading complete (STDOUT, STG)#
#2026 06 11 07:25:31.024#Z#DEBUG#5b06605e-6566-11f1-bbb5-eeee0a95761a.Leave_SAP-db-deployer#flowable-async-job-executor-thread-5345#
[PollStageAppStatusExecution] 34a6a01a-8300-4b82-9c1e-ff6752a8bf21 [2026-06-11T07:25:25.475731] Cell d1cc041a-d5a1-41d6-b9f6-6cda736ce3f0 stopping instance 80b82261-23ea-4224-bf0c-fb197a216817 (STDOUT, STG)#
#2026 06 11 07:25:31.024#Z#DEBUG#5b06605e-6566-11f1-bbb5-eeee0a95761a.Leave_SAP-db-deployer#flowable-async-job-executor-thread-5345#
[PollStageAppStatusExecution] 34a6a01a-8300-4b82-9c1e-ff6752a8bf21 [2026-06-11T07:25:25.475765] Cell d1cc041a-d5a1-41d6-b9f6-6cda736ce3f0 destroying container for instance 80b82261-23ea-4224-bf0c-fb197a216817 (STDOUT, STG)#
#2026 06 11 07:25:31.024#Z#DEBUG#5b06605e-6566-11f1-bbb5-eeee0a95761a.Leave_SAP-db-deployer#flowable-async-job-executor-thread-5345#
[PollStageAppStatusExecution] 34a6a01a-8300-4b82-9c1e-ff6752a8bf21 [2026-06-11T07:25:25.528064] Staging complete for build 80b82261-23ea-4224-bf0c-fb197a216817 (STDOUT, API)#
#2026 06 11 07:25:31.024#Z#DEBUG#5b06605e-6566-11f1-bbb5-eeee0a95761a.Leave_SAP-db-deployer#flowable-async-job-executor-thread-5345#
[PollStageAppStatusExecution] 34a6a01a-8300-4b82-9c1e-ff6752a8bf21 [2026-06-11T07:25:28.083466] Cell d1cc041a-d5a1-41d6-b9f6-6cda736ce3f0 successfully destroyed container for instance 80b82261-23ea-4224-bf0c-fb197a216817 (STDOUT, STG)#
#2026 06 11 07:25:43.336#Z#DEBUG#5b06605e-6566-11f1-bbb5-eeee0a95761a.Leave_SAP-db-deployer#flowable-async-job-executor-thread-4141#
[PollExecuteTaskStatusExecution] 34a6a01a-8300-4b82-9c1e-ff6752a8bf21 [2026-06-11T07:23:46.462580] Updated app with guid 34a6a01a-8300-4b82-9c1e-ff6752a8bf21 ({"lifecycle"=>{"data"=>{"buildpacks"=>["nodejs_buildpack"]}, "type"=>"buildpack"}}) (STDOUT, API)#
#2026 06 11 07:25:43.336#Z#DEBUG#5b06605e-6566-11f1-bbb5-eeee0a95761a.Leave_SAP-db-deployer#flowable-async-job-executor-thread-4141#
[PollExecuteTaskStatusExecution] 34a6a01a-8300-4b82-9c1e-ff6752a8bf21 [2026-06-11T07:23:46.743268] Updating process: "web" (STDOUT, API)#
#2026 06 11 07:25:43.336#Z#DEBUG#5b06605e-6566-11f1-bbb5-eeee0a95761a.Leave_SAP-db-deployer#flowable-async-job-executor-thread-4141#
[PollExecuteTaskStatusExecution] 34a6a01a-8300-4b82-9c1e-ff6752a8bf21 [2026-06-11T07:24:41.159620] Uploading app package for app with guid 34a6a01a-8300-4b82-9c1e-ff6752a8bf21 (STDOUT, API)#
#2026 06 11 07:25:43.336#Z#DEBUG#5b06605e-6566-11f1-bbb5-eeee0a95761a.Leave_SAP-db-deployer#flowable-async-job-executor-thread-4141#
[PollExecuteTaskStatusExecution] 34a6a01a-8300-4b82-9c1e-ff6752a8bf21 [2026-06-11T07:24:41.672001] Updated app with guid 34a6a01a-8300-4b82-9c1e-ff6752a8bf21 ({"environment_variables"=>"[PRIVATE DATA HIDDEN]"}) (STDOUT, API)#
#2026 06 11 07:25:43.336#Z#DEBUG#5b06605e-6566-11f1-bbb5-eeee0a95761a.Leave_SAP-db-deployer#flowable-async-job-executor-thread-4141#
[PollExecuteTaskStatusExecution] 34a6a01a-8300-4b82-9c1e-ff6752a8bf21 [2026-06-11T07:24:59.165273] Creating build for app with guid 34a6a01a-8300-4b82-9c1e-ff6752a8bf21 (STDOUT, API)#
#2026 06 11 07:25:43.336#Z#DEBUG#5b06605e-6566-11f1-bbb5-eeee0a95761a.Leave_SAP-db-deployer#flowable-async-job-executor-thread-4141#
[PollExecuteTaskStatusExecution] 34a6a01a-8300-4b82-9c1e-ff6752a8bf21 [2026-06-11T07:24:59.654088] Downloading nodejs_buildpack... (STDOUT, STG)#
#2026 06 11 07:25:43.336#Z#DEBUG#5b06605e-6566-11f1-bbb5-eeee0a95761a.Leave_SAP-db-deployer#flowable-async-job-executor-thread-4141#
[PollExecuteTaskStatusExecution] 34a6a01a-8300-4b82-9c1e-ff6752a8bf21 [2026-06-11T07:24:59.694613] Downloaded nodejs_buildpack (STDOUT, STG)#
#2026 06 11 07:25:43.336#Z#DEBUG#5b06605e-6566-11f1-bbb5-eeee0a95761a.Leave_SAP-db-deployer#flowable-async-job-executor-thread-4141#
[PollExecuteTaskStatusExecution] 34a6a01a-8300-4b82-9c1e-ff6752a8bf21 [2026-06-11T07:24:59.694761] Cell d1cc041a-d5a1-41d6-b9f6-6cda736ce3f0 creating container for instance 80b82261-23ea-4224-bf0c-fb197a216817 (STDOUT, STG)#
#2026 06 11 07:25:43.336#Z#DEBUG#5b06605e-6566-11f1-bbb5-eeee0a95761a.Leave_SAP-db-deployer#flowable-async-job-executor-thread-4141#
[PollExecuteTaskStatusExecution] 34a6a01a-8300-4b82-9c1e-ff6752a8bf21 [2026-06-11T07:25:00.583377] Security group rules were updated (STDOUT, STG)#
#2026 06 11 07:25:43.336#Z#DEBUG#5b06605e-6566-11f1-bbb5-eeee0a95761a.Leave_SAP-db-deployer#flowable-async-job-executor-thread-4141#
[PollExecuteTaskStatusExecution] 34a6a01a-8300-4b82-9c1e-ff6752a8bf21 [2026-06-11T07:25:00.861292] Cell d1cc041a-d5a1-41d6-b9f6-6cda736ce3f0 successfully created container for instance 80b82261-23ea-4224-bf0c-fb197a216817 (STDOUT, STG)#
#2026 06 11 07:25:43.336#Z#DEBUG#5b06605e-6566-11f1-bbb5-eeee0a95761a.Leave_SAP-db-deployer#flowable-async-job-executor-thread-4141#
[PollExecuteTaskStatusExecution] 34a6a01a-8300-4b82-9c1e-ff6752a8bf21 [2026-06-11T07:25:01.563292] Downloading app package... (STDOUT, STG)#
#2026 06 11 07:25:43.336#Z#DEBUG#5b06605e-6566-11f1-bbb5-eeee0a95761a.Leave_SAP-db-deployer#flowable-async-job-executor-thread-4141#
[PollExecuteTaskStatusExecution] 34a6a01a-8300-4b82-9c1e-ff6752a8bf21 [2026-06-11T07:25:01.563358] Downloading build artifacts cache... (STDOUT, STG)#
#2026 06 11 07:25:43.336#Z#DEBUG#5b06605e-6566-11f1-bbb5-eeee0a95761a.Leave_SAP-db-deployer#flowable-async-job-executor-thread-4141#
[PollExecuteTaskStatusExecution] 34a6a01a-8300-4b82-9c1e-ff6752a8bf21 [2026-06-11T07:25:01.770957] Downloaded build artifacts cache (225B) (STDOUT, STG)#
#2026 06 11 07:25:43.336#Z#DEBUG#5b06605e-6566-11f1-bbb5-eeee0a95761a.Leave_SAP-db-deployer#flowable-async-job-executor-thread-4141#
[PollExecuteTaskStatusExecution] 34a6a01a-8300-4b82-9c1e-ff6752a8bf21 [2026-06-11T07:25:01.940642] Downloaded app package (2.3M) (STDOUT, STG)#
#2026 06 11 07:25:43.336#Z#DEBUG#5b06605e-6566-11f1-bbb5-eeee0a95761a.Leave_SAP-db-deployer#flowable-async-job-executor-thread-4141#
[PollExecuteTaskStatusExecution] 34a6a01a-8300-4b82-9c1e-ff6752a8bf21 [2026-06-11T07:25:02.080218] -----> Nodejs Buildpack version 1.9.1 (STDOUT, STG)#
#2026 06 11 07:25:43.336#Z#DEBUG#5b06605e-6566-11f1-bbb5-eeee0a95761a.Leave_SAP-db-deployer#flowable-async-job-executor-thread-4141#
[PollExecuteTaskStatusExecution] 34a6a01a-8300-4b82-9c1e-ff6752a8bf21 [2026-06-11T07:25:02.080254] [31;1m**WARNING**[0m buildpack version changed from 1.8.44 to 1.9.1 (STDOUT, STG)#
#2026 06 11 07:25:43.336#Z#DEBUG#5b06605e-6566-11f1-bbb5-eeee0a95761a.Leave_SAP-db-deployer#flowable-async-job-executor-thread-4141#
[PollExecuteTaskStatusExecution] 34a6a01a-8300-4b82-9c1e-ff6752a8bf21 [2026-06-11T07:25:02.308329] -----> Bootstrapping python (STDOUT, STG)#
#2026 06 11 07:25:43.336#Z#DEBUG#5b06605e-6566-11f1-bbb5-eeee0a95761a.Leave_SAP-db-deployer#flowable-async-job-executor-thread-4141#
[PollExecuteTaskStatusExecution] 34a6a01a-8300-4b82-9c1e-ff6752a8bf21 [2026-06-11T07:25:02.308355] -----> Installing python 3.13.13 (STDOUT, STG)#
#2026 06 11 07:25:43.336#Z#DEBUG#5b06605e-6566-11f1-bbb5-eeee0a95761a.Leave_SAP-db-deployer#flowable-async-job-executor-thread-4141#
[PollExecuteTaskStatusExecution] 34a6a01a-8300-4b82-9c1e-ff6752a8bf21 [2026-06-11T07:25:02.308360] Copy [/tmp/buildpacks/ac648aa71a7866ca/dependencies/268a5e3743d51a14b86ea9da64439307/python_3.13.13_linux_x64_cflinuxfs4_8311abbf.tgz] (STDOUT, STG)#
#2026 06 11 07:25:43.336#Z#DEBUG#5b06605e-6566-11f1-bbb5-eeee0a95761a.Leave_SAP-db-deployer#flowable-async-job-executor-thread-4141#
[PollExecuteTaskStatusExecution] 34a6a01a-8300-4b82-9c1e-ff6752a8bf21 [2026-06-11T07:25:06.924681] -----> Installing binaries (STDOUT, STG)#
#2026 06 11 07:25:43.336#Z#DEBUG#5b06605e-6566-11f1-bbb5-eeee0a95761a.Leave_SAP-db-deployer#flowable-async-job-executor-thread-4141#
[PollExecuteTaskStatusExecution] 34a6a01a-8300-4b82-9c1e-ff6752a8bf21 [2026-06-11T07:25:06.924937] engines.node (package.json): >=18 (STDOUT, STG)#
#2026 06 11 07:25:43.336#Z#DEBUG#5b06605e-6566-11f1-bbb5-eeee0a95761a.Leave_SAP-db-deployer#flowable-async-job-executor-thread-4141#
[PollExecuteTaskStatusExecution] 34a6a01a-8300-4b82-9c1e-ff6752a8bf21 [2026-06-11T07:25:06.924962] engines.npm (package.json): unspecified (use default) (STDOUT, STG)#
#2026 06 11 07:25:43.336#Z#DEBUG#5b06605e-6566-11f1-bbb5-eeee0a95761a.Leave_SAP-db-deployer#flowable-async-job-executor-thread-4141#
[PollExecuteTaskStatusExecution] 34a6a01a-8300-4b82-9c1e-ff6752a8bf21 [2026-06-11T07:25:06.925102] [31;1m**WARNING**[0m Dangerous semver range (>) in engines.node. See: http://docs.cloudfoundry.org/buildpacks/node/node-tips.html (STDOUT, STG)#
#2026 06 11 07:25:43.336#Z#DEBUG#5b06605e-6566-11f1-bbb5-eeee0a95761a.Leave_SAP-db-deployer#flowable-async-job-executor-thread-4141#
[PollExecuteTaskStatusExecution] 34a6a01a-8300-4b82-9c1e-ff6752a8bf21 [2026-06-11T07:25:06.925271] -----> Installing node 24.15.0 (STDOUT, STG)#
#2026 06 11 07:25:43.336#Z#DEBUG#5b06605e-6566-11f1-bbb5-eeee0a95761a.Leave_SAP-db-deployer#flowable-async-job-executor-thread-4141#
[PollExecuteTaskStatusExecution] 34a6a01a-8300-4b82-9c1e-ff6752a8bf21 [2026-06-11T07:25:06.925488] Copy [/tmp/buildpacks/ac648aa71a7866ca/dependencies/6441e97e6386f47ec4c16cfdf8db0a17/node_24.15.0_linux_x64_cflinuxfs4_1a62d98b.tgz] (STDOUT, STG)#
#2026 06 11 07:25:43.336#Z#DEBUG#5b06605e-6566-11f1-bbb5-eeee0a95761a.Leave_SAP-db-deployer#flowable-async-job-executor-thread-4141#
[PollExecuteTaskStatusExecution] 34a6a01a-8300-4b82-9c1e-ff6752a8bf21 [2026-06-11T07:25:09.393508] Using default npm version: 11.12.1 (STDOUT, STG)#
#2026 06 11 07:25:43.336#Z#DEBUG#5b06605e-6566-11f1-bbb5-eeee0a95761a.Leave_SAP-db-deployer#flowable-async-job-executor-thread-4141#
[PollExecuteTaskStatusExecution] 34a6a01a-8300-4b82-9c1e-ff6752a8bf21 [2026-06-11T07:25:09.393704] -----> Installing yarn 1.22.22 (STDOUT, STG)#
#2026 06 11 07:25:43.336#Z#DEBUG#5b06605e-6566-11f1-bbb5-eeee0a95761a.Leave_SAP-db-deployer#flowable-async-job-executor-thread-4141#
[PollExecuteTaskStatusExecution] 34a6a01a-8300-4b82-9c1e-ff6752a8bf21 [2026-06-11T07:25:09.393933] Copy [/tmp/buildpacks/ac648aa71a7866ca/dependencies/e4fe26756e9984a665478d350474fa2e/yarn_1.22.22_linux_noarch_any-stack_b6132b86.tgz] (STDOUT, STG)#
#2026 06 11 07:25:43.336#Z#DEBUG#5b06605e-6566-11f1-bbb5-eeee0a95761a.Leave_SAP-db-deployer#flowable-async-job-executor-thread-4141#
[PollExecuteTaskStatusExecution] 34a6a01a-8300-4b82-9c1e-ff6752a8bf21 [2026-06-11T07:25:09.790520] Installed yarn 1.22.22 (STDOUT, STG)#
#2026 06 11 07:25:43.336#Z#DEBUG#5b06605e-6566-11f1-bbb5-eeee0a95761a.Leave_SAP-db-deployer#flowable-async-job-executor-thread-4141#
[PollExecuteTaskStatusExecution] 34a6a01a-8300-4b82-9c1e-ff6752a8bf21 [2026-06-11T07:25:09.790563] -----> Creating runtime environment (STDOUT, STG)#
#2026 06 11 07:25:43.336#Z#DEBUG#5b06605e-6566-11f1-bbb5-eeee0a95761a.Leave_SAP-db-deployer#flowable-async-job-executor-thread-4141#
[PollExecuteTaskStatusExecution] 34a6a01a-8300-4b82-9c1e-ff6752a8bf21 [2026-06-11T07:25:09.792359] NODE_ENV=production (STDOUT, STG)#
#2026 06 11 07:25:43.336#Z#DEBUG#5b06605e-6566-11f1-bbb5-eeee0a95761a.Leave_SAP-db-deployer#flowable-async-job-executor-thread-4141#
[PollExecuteTaskStatusExecution] 34a6a01a-8300-4b82-9c1e-ff6752a8bf21 [2026-06-11T07:25:09.792378] NODE_HOME=/tmp/contents91832436/deps/0/node (STDOUT, STG)#
#2026 06 11 07:25:43.336#Z#DEBUG#5b06605e-6566-11f1-bbb5-eeee0a95761a.Leave_SAP-db-deployer#flowable-async-job-executor-thread-4141#
[PollExecuteTaskStatusExecution] 34a6a01a-8300-4b82-9c1e-ff6752a8bf21 [2026-06-11T07:25:09.792382] NODE_MODULES_CACHE=true (STDOUT, STG)#
#2026 06 11 07:25:43.336#Z#DEBUG#5b06605e-6566-11f1-bbb5-eeee0a95761a.Leave_SAP-db-deployer#flowable-async-job-executor-thread-4141#
[PollExecuteTaskStatusExecution] 34a6a01a-8300-4b82-9c1e-ff6752a8bf21 [2026-06-11T07:25:09.792385] NODE_VERBOSE=false (STDOUT, STG)#
#2026 06 11 07:25:43.336#Z#DEBUG#5b06605e-6566-11f1-bbb5-eeee0a95761a.Leave_SAP-db-deployer#flowable-async-job-executor-thread-4141#
[PollExecuteTaskStatusExecution] 34a6a01a-8300-4b82-9c1e-ff6752a8bf21 [2026-06-11T07:25:09.792395] NPM_CONFIG_LOGLEVEL=error (STDOUT, STG)#
#2026 06 11 07:25:43.336#Z#DEBUG#5b06605e-6566-11f1-bbb5-eeee0a95761a.Leave_SAP-db-deployer#flowable-async-job-executor-thread-4141#
[PollExecuteTaskStatusExecution] 34a6a01a-8300-4b82-9c1e-ff6752a8bf21 [2026-06-11T07:25:09.792397] NPM_CONFIG_PRODUCTION=true (STDOUT, STG)#
#2026 06 11 07:25:43.336#Z#DEBUG#5b06605e-6566-11f1-bbb5-eeee0a95761a.Leave_SAP-db-deployer#flowable-async-job-executor-thread-4141#
[PollExecuteTaskStatusExecution] 34a6a01a-8300-4b82-9c1e-ff6752a8bf21 [2026-06-11T07:25:09.792400] -----> Building dependencies (STDOUT, STG)#
#2026 06 11 07:25:43.336#Z#DEBUG#5b06605e-6566-11f1-bbb5-eeee0a95761a.Leave_SAP-db-deployer#flowable-async-job-executor-thread-4141#
[PollExecuteTaskStatusExecution] 34a6a01a-8300-4b82-9c1e-ff6752a8bf21 [2026-06-11T07:25:09.792402] Prebuild detected (node_modules already exists) (STDOUT, STG)#
#2026 06 11 07:25:43.336#Z#DEBUG#5b06605e-6566-11f1-bbb5-eeee0a95761a.Leave_SAP-db-deployer#flowable-async-job-executor-thread-4141#
[PollExecuteTaskStatusExecution] 34a6a01a-8300-4b82-9c1e-ff6752a8bf21 [2026-06-11T07:25:09.792414] Rebuilding any native modules (STDOUT, STG)#
#2026 06 11 07:25:43.336#Z#DEBUG#5b06605e-6566-11f1-bbb5-eeee0a95761a.Leave_SAP-db-deployer#flowable-async-job-executor-thread-4141#
[PollExecuteTaskStatusExecution] 34a6a01a-8300-4b82-9c1e-ff6752a8bf21 [2026-06-11T07:25:10.400764] rebuilt dependencies successfully (STDOUT, STG)#
#2026 06 11 07:25:43.336#Z#DEBUG#5b06605e-6566-11f1-bbb5-eeee0a95761a.Leave_SAP-db-deployer#flowable-async-job-executor-thread-4141#
[PollExecuteTaskStatusExecution] 34a6a01a-8300-4b82-9c1e-ff6752a8bf21 [2026-06-11T07:25:10.464970] Installing any new modules (package.json + package-lock.json) (STDOUT, STG)#
#2026 06 11 07:25:43.336#Z#DEBUG#5b06605e-6566-11f1-bbb5-eeee0a95761a.Leave_SAP-db-deployer#flowable-async-job-executor-thread-4141#
[PollExecuteTaskStatusExecution] 34a6a01a-8300-4b82-9c1e-ff6752a8bf21 [2026-06-11T07:25:10.951578] up to date in 398ms (STDOUT, STG)#
#2026 06 11 07:25:43.336#Z#DEBUG#5b06605e-6566-11f1-bbb5-eeee0a95761a.Leave_SAP-db-deployer#flowable-async-job-executor-thread-4141#
[PollExecuteTaskStatusExecution] 34a6a01a-8300-4b82-9c1e-ff6752a8bf21 [2026-06-11T07:25:10.951910] 4 packages are looking for funding (STDOUT, STG)#
#2026 06 11 07:25:43.336#Z#DEBUG#5b06605e-6566-11f1-bbb5-eeee0a95761a.Leave_SAP-db-deployer#flowable-async-job-executor-thread-4141#
[PollExecuteTaskStatusExecution] 34a6a01a-8300-4b82-9c1e-ff6752a8bf21 [2026-06-11T07:25:10.952085] run `npm fund` for details (STDOUT, STG)#
#2026 06 11 07:25:43.336#Z#DEBUG#5b06605e-6566-11f1-bbb5-eeee0a95761a.Leave_SAP-db-deployer#flowable-async-job-executor-thread-4141#
[PollExecuteTaskStatusExecution] 34a6a01a-8300-4b82-9c1e-ff6752a8bf21 [2026-06-11T07:25:11.559825] Contrast Security no credentials found. Will not write environment files. (STDOUT, STG)#
#2026 06 11 07:25:43.336#Z#DEBUG#5b06605e-6566-11f1-bbb5-eeee0a95761a.Leave_SAP-db-deployer#flowable-async-job-executor-thread-4141#
[PollExecuteTaskStatusExecution] 34a6a01a-8300-4b82-9c1e-ff6752a8bf21 [2026-06-11T07:25:21.506809] Exit status 0 (STDOUT, STG)#
#2026 06 11 07:25:43.336#Z#DEBUG#5b06605e-6566-11f1-bbb5-eeee0a95761a.Leave_SAP-db-deployer#flowable-async-job-executor-thread-4141#
[PollExecuteTaskStatusExecution] 34a6a01a-8300-4b82-9c1e-ff6752a8bf21 [2026-06-11T07:25:21.506875] Uploading droplet, build artifacts cache... (STDOUT, STG)#
#2026 06 11 07:25:43.336#Z#DEBUG#5b06605e-6566-11f1-bbb5-eeee0a95761a.Leave_SAP-db-deployer#flowable-async-job-executor-thread-4141#
[PollExecuteTaskStatusExecution] 34a6a01a-8300-4b82-9c1e-ff6752a8bf21 [2026-06-11T07:25:21.506919] Uploading droplet... (STDOUT, STG)#
#2026 06 11 07:25:43.336#Z#DEBUG#5b06605e-6566-11f1-bbb5-eeee0a95761a.Leave_SAP-db-deployer#flowable-async-job-executor-thread-4141#
[PollExecuteTaskStatusExecution] 34a6a01a-8300-4b82-9c1e-ff6752a8bf21 [2026-06-11T07:25:21.506954] Uploading build artifacts cache... (STDOUT, STG)#
#2026 06 11 07:25:43.336#Z#DEBUG#5b06605e-6566-11f1-bbb5-eeee0a95761a.Leave_SAP-db-deployer#flowable-async-job-executor-thread-4141#
[PollExecuteTaskStatusExecution] 34a6a01a-8300-4b82-9c1e-ff6752a8bf21 [2026-06-11T07:25:21.535680] Uploaded build artifacts cache (226B) (STDOUT, STG)#
#2026 06 11 07:25:43.336#Z#DEBUG#5b06605e-6566-11f1-bbb5-eeee0a95761a.Leave_SAP-db-deployer#flowable-async-job-executor-thread-4141#
[PollExecuteTaskStatusExecution] 34a6a01a-8300-4b82-9c1e-ff6752a8bf21 [2026-06-11T07:25:22.238777] Creating droplet for app with guid 34a6a01a-8300-4b82-9c1e-ff6752a8bf21 (STDOUT, API)#
#2026 06 11 07:25:43.336#Z#DEBUG#5b06605e-6566-11f1-bbb5-eeee0a95761a.Leave_SAP-db-deployer#flowable-async-job-executor-thread-4141#
[PollExecuteTaskStatusExecution] 34a6a01a-8300-4b82-9c1e-ff6752a8bf21 [2026-06-11T07:25:24.307895] Uploaded droplet (58.5M) (STDOUT, STG)#
#2026 06 11 07:25:43.336#Z#DEBUG#5b06605e-6566-11f1-bbb5-eeee0a95761a.Leave_SAP-db-deployer#flowable-async-job-executor-thread-4141#
[PollExecuteTaskStatusExecution] 34a6a01a-8300-4b82-9c1e-ff6752a8bf21 [2026-06-11T07:25:24.328626] Uploading complete (STDOUT, STG)#
#2026 06 11 07:25:43.336#Z#DEBUG#5b06605e-6566-11f1-bbb5-eeee0a95761a.Leave_SAP-db-deployer#flowable-async-job-executor-thread-4141#
[PollExecuteTaskStatusExecution] 34a6a01a-8300-4b82-9c1e-ff6752a8bf21 [2026-06-11T07:25:25.475731] Cell d1cc041a-d5a1-41d6-b9f6-6cda736ce3f0 stopping instance 80b82261-23ea-4224-bf0c-fb197a216817 (STDOUT, STG)#
#2026 06 11 07:25:43.336#Z#DEBUG#5b06605e-6566-11f1-bbb5-eeee0a95761a.Leave_SAP-db-deployer#flowable-async-job-executor-thread-4141#
[PollExecuteTaskStatusExecution] 34a6a01a-8300-4b82-9c1e-ff6752a8bf21 [2026-06-11T07:25:25.475765] Cell d1cc041a-d5a1-41d6-b9f6-6cda736ce3f0 destroying container for instance 80b82261-23ea-4224-bf0c-fb197a216817 (STDOUT, STG)#
#2026 06 11 07:25:43.336#Z#DEBUG#5b06605e-6566-11f1-bbb5-eeee0a95761a.Leave_SAP-db-deployer#flowable-async-job-executor-thread-4141#
[PollExecuteTaskStatusExecution] 34a6a01a-8300-4b82-9c1e-ff6752a8bf21 [2026-06-11T07:25:25.528064] Staging complete for build 80b82261-23ea-4224-bf0c-fb197a216817 (STDOUT, API)#
#2026 06 11 07:25:43.336#Z#DEBUG#5b06605e-6566-11f1-bbb5-eeee0a95761a.Leave_SAP-db-deployer#flowable-async-job-executor-thread-4141#
[PollExecuteTaskStatusExecution] 34a6a01a-8300-4b82-9c1e-ff6752a8bf21 [2026-06-11T07:25:28.083466] Cell d1cc041a-d5a1-41d6-b9f6-6cda736ce3f0 successfully destroyed container for instance 80b82261-23ea-4224-bf0c-fb197a216817 (STDOUT, STG)#
#2026 06 11 07:25:43.336#Z#DEBUG#5b06605e-6566-11f1-bbb5-eeee0a95761a.Leave_SAP-db-deployer#flowable-async-job-executor-thread-4141#
[PollExecuteTaskStatusExecution] 34a6a01a-8300-4b82-9c1e-ff6752a8bf21 [2026-06-11T07:25:31.100204] Updated app with guid 34a6a01a-8300-4b82-9c1e-ff6752a8bf21 ({:droplet_guid=>"0649a351-bdc5-4eb1-bf0d-f01189da10ea"}) (STDOUT, API)#
#2026 06 11 07:25:43.336#Z#DEBUG#5b06605e-6566-11f1-bbb5-eeee0a95761a.Leave_SAP-db-deployer#flowable-async-job-executor-thread-4141#
[PollExecuteTaskStatusExecution] 34a6a01a-8300-4b82-9c1e-ff6752a8bf21 [2026-06-11T07:25:33.157227] Cell c839c7b1-088e-41af-b9b7-66256aacd457 creating container for instance 1aca8389-220b-42b8-ac0f-b04c52622ae5 (STDOUT, CELL)#
#2026 06 11 07:25:43.336#Z#DEBUG#5b06605e-6566-11f1-bbb5-eeee0a95761a.Leave_SAP-db-deployer#flowable-async-job-executor-thread-4141#
[PollExecuteTaskStatusExecution] 34a6a01a-8300-4b82-9c1e-ff6752a8bf21 [2026-06-11T07:25:33.977075] Security group rules were updated (STDOUT, CELL)#
#2026 06 11 07:25:43.336#Z#DEBUG#5b06605e-6566-11f1-bbb5-eeee0a95761a.Leave_SAP-db-deployer#flowable-async-job-executor-thread-4141#
[PollExecuteTaskStatusExecution] 34a6a01a-8300-4b82-9c1e-ff6752a8bf21 [2026-06-11T07:25:34.065638] Cell c839c7b1-088e-41af-b9b7-66256aacd457 successfully created container for instance 1aca8389-220b-42b8-ac0f-b04c52622ae5 (STDOUT, CELL)#
#2026 06 11 07:25:43.336#Z#DEBUG#5b06605e-6566-11f1-bbb5-eeee0a95761a.Leave_SAP-db-deployer#flowable-async-job-executor-thread-4141#
[PollExecuteTaskStatusExecution] 34a6a01a-8300-4b82-9c1e-ff6752a8bf21 [2026-06-11T07:25:39.865410] Invoking pre-start scripts. (STDOUT, APP/TASK/deploy)#
#2026 06 11 07:25:43.336#Z#DEBUG#5b06605e-6566-11f1-bbb5-eeee0a95761a.Leave_SAP-db-deployer#flowable-async-job-executor-thread-4141#
[PollExecuteTaskStatusExecution] 34a6a01a-8300-4b82-9c1e-ff6752a8bf21 [2026-06-11T07:25:40.068952] Invoking start command. (STDOUT, APP/TASK/deploy)#
#2026 06 11 07:25:43.336#Z#DEBUG#5b06605e-6566-11f1-bbb5-eeee0a95761a.Leave_SAP-db-deployer#flowable-async-job-executor-thread-4141#
[PollExecuteTaskStatusExecution] 34a6a01a-8300-4b82-9c1e-ff6752a8bf21 [2026-06-11T07:25:40.593836] > start (STDOUT, APP/TASK/deploy)#
#2026 06 11 07:25:43.336#Z#DEBUG#5b06605e-6566-11f1-bbb5-eeee0a95761a.Leave_SAP-db-deployer#flowable-async-job-executor-thread-4141#
[PollExecuteTaskStatusExecution] 34a6a01a-8300-4b82-9c1e-ff6752a8bf21 [2026-06-11T07:25:40.593867] > node node_modules/@sap/hdi-deploy/deploy.js --use-hdb --parameter com.sap.hana.di.table/try_fast_table_migration=true (STDOUT, APP/TASK/deploy)#
#2026 06 11 07:25:43.336#Z#DEBUG#5b06605e-6566-11f1-bbb5-eeee0a95761a.Leave_SAP-db-deployer#flowable-async-job-executor-thread-4141#
[PollExecuteTaskStatusExecution] 34a6a01a-8300-4b82-9c1e-ff6752a8bf21 [2026-06-11T07:25:40.766856] VCAP_SERVICES: (STDOUT, APP/TASK/deploy)#
#2026 06 11 07:25:43.336#Z#DEBUG#5b06605e-6566-11f1-bbb5-eeee0a95761a.Leave_SAP-db-deployer#flowable-async-job-executor-thread-4141#
[PollExecuteTaskStatusExecution] 34a6a01a-8300-4b82-9c1e-ff6752a8bf21 [2026-06-11T07:25:40.767123] { (STDOUT, APP/TASK/deploy)#
#2026 06 11 07:25:43.336#Z#DEBUG#5b06605e-6566-11f1-bbb5-eeee0a95761a.Leave_SAP-db-deployer#flowable-async-job-executor-thread-4141#
[PollExecuteTaskStatusExecution] 34a6a01a-8300-4b82-9c1e-ff6752a8bf21 [2026-06-11T07:25:40.767143] "hana": [ (STDOUT, APP/TASK/deploy)#
#2026 06 11 07:25:43.336#Z#DEBUG#5b06605e-6566-11f1-bbb5-eeee0a95761a.Leave_SAP-db-deployer#flowable-async-job-executor-thread-4141#
[PollExecuteTaskStatusExecution] 34a6a01a-8300-4b82-9c1e-ff6752a8bf21 [2026-06-11T07:25:40.767146] { (STDOUT, APP/TASK/deploy)#
#2026 06 11 07:25:43.336#Z#DEBUG#5b06605e-6566-11f1-bbb5-eeee0a95761a.Leave_SAP-db-deployer#flowable-async-job-executor-thread-4141#
[PollExecuteTaskStatusExecution] 34a6a01a-8300-4b82-9c1e-ff6752a8bf21 [2026-06-11T07:25:40.767153] "name": "Leave_SAP-db", (STDOUT, APP/TASK/deploy)#
#2026 06 11 07:25:43.336#Z#DEBUG#5b06605e-6566-11f1-bbb5-eeee0a95761a.Leave_SAP-db-deployer#flowable-async-job-executor-thread-4141#
[PollExecuteTaskStatusExecution] 34a6a01a-8300-4b82-9c1e-ff6752a8bf21 [2026-06-11T07:25:40.767158] "label": "hana", (STDOUT, APP/TASK/deploy)#
#2026 06 11 07:25:43.336#Z#DEBUG#5b06605e-6566-11f1-bbb5-eeee0a95761a.Leave_SAP-db-deployer#flowable-async-job-executor-thread-4141#
[PollExecuteTaskStatusExecution] 34a6a01a-8300-4b82-9c1e-ff6752a8bf21 [2026-06-11T07:25:40.767160] "plan": "hdi-shared", (STDOUT, APP/TASK/deploy)#
#2026 06 11 07:25:43.336#Z#DEBUG#5b06605e-6566-11f1-bbb5-eeee0a95761a.Leave_SAP-db-deployer#flowable-async-job-executor-thread-4141#
[PollExecuteTaskStatusExecution] 34a6a01a-8300-4b82-9c1e-ff6752a8bf21 [2026-06-11T07:25:40.767162] "credentials": { (STDOUT, APP/TASK/deploy)#
#2026 06 11 07:25:43.336#Z#DEBUG#5b06605e-6566-11f1-bbb5-eeee0a95761a.Leave_SAP-db-deployer#flowable-async-job-executor-thread-4141#
[PollExecuteTaskStatusExecution] 34a6a01a-8300-4b82-9c1e-ff6752a8bf21 [2026-06-11T07:25:40.767169] "schema": "FA5858CF9BE64AE6905E02DD83499BCC", (STDOUT, APP/TASK/deploy)#
#2026 06 11 07:25:43.336#Z#DEBUG#5b06605e-6566-11f1-bbb5-eeee0a95761a.Leave_SAP-db-deployer#flowable-async-job-executor-thread-4141#
[PollExecuteTaskStatusExecution] 34a6a01a-8300-4b82-9c1e-ff6752a8bf21 [2026-06-11T07:25:40.767171] "database_id": "6ab8cb38-a0ef-491e-a531-35829eb66583", (STDOUT, APP/TASK/deploy)#
#2026 06 11 07:25:43.336#Z#DEBUG#5b06605e-6566-11f1-bbb5-eeee0a95761a.Leave_SAP-db-deployer#flowable-async-job-executor-thread-4141#
[PollExecuteTaskStatusExecution] 34a6a01a-8300-4b82-9c1e-ff6752a8bf21 [2026-06-11T07:25:40.767175] "user": "FA5858CF9BE64AE6905E02DD83499BCC_E4J4SZXS3BLJEHAQUFDK9V70P_RT", (STDOUT, APP/TASK/deploy)#
#2026 06 11 07:25:43.336#Z#DEBUG#5b06605e-6566-11f1-bbb5-eeee0a95761a.Leave_SAP-db-deployer#flowable-async-job-executor-thread-4141#
[PollExecuteTaskStatusExecution] 34a6a01a-8300-4b82-9c1e-ff6752a8bf21 [2026-06-11T07:25:40.767183] "hdi_user": "FA5858CF9BE64AE6905E02DD83499BCC_E4J4SZXS3BLJEHAQUFDK9V70P_DT" (STDOUT, APP/TASK/deploy)#
#2026 06 11 07:25:43.336#Z#DEBUG#5b06605e-6566-11f1-bbb5-eeee0a95761a.Leave_SAP-db-deployer#flowable-async-job-executor-thread-4141#
[PollExecuteTaskStatusExecution] 34a6a01a-8300-4b82-9c1e-ff6752a8bf21 [2026-06-11T07:25:40.767188] }, (STDOUT, APP/TASK/deploy)#
#2026 06 11 07:25:43.336#Z#DEBUG#5b06605e-6566-11f1-bbb5-eeee0a95761a.Leave_SAP-db-deployer#flowable-async-job-executor-thread-4141#
[PollExecuteTaskStatusExecution] 34a6a01a-8300-4b82-9c1e-ff6752a8bf21 [2026-06-11T07:25:40.767190] "tags": [ (STDOUT, APP/TASK/deploy)#
#2026 06 11 07:25:43.336#Z#DEBUG#5b06605e-6566-11f1-bbb5-eeee0a95761a.Leave_SAP-db-deployer#flowable-async-job-executor-thread-4141#
[PollExecuteTaskStatusExecution] 34a6a01a-8300-4b82-9c1e-ff6752a8bf21 [2026-06-11T07:25:40.767195] "hana", (STDOUT, APP/TASK/deploy)#
#2026 06 11 07:25:43.336#Z#DEBUG#5b06605e-6566-11f1-bbb5-eeee0a95761a.Leave_SAP-db-deployer#flowable-async-job-executor-thread-4141#
[PollExecuteTaskStatusExecution] 34a6a01a-8300-4b82-9c1e-ff6752a8bf21 [2026-06-11T07:25:40.767197] "database", (STDOUT, APP/TASK/deploy)#
#2026 06 11 07:25:43.336#Z#DEBUG#5b06605e-6566-11f1-bbb5-eeee0a95761a.Leave_SAP-db-deployer#flowable-async-job-executor-thread-4141#
[PollExecuteTaskStatusExecution] 34a6a01a-8300-4b82-9c1e-ff6752a8bf21 [2026-06-11T07:25:40.767200] "relational" (STDOUT, APP/TASK/deploy)#
#2026 06 11 07:25:43.336#Z#DEBUG#5b06605e-6566-11f1-bbb5-eeee0a95761a.Leave_SAP-db-deployer#flowable-async-job-executor-thread-4141#
[PollExecuteTaskStatusExecution] 34a6a01a-8300-4b82-9c1e-ff6752a8bf21 [2026-06-11T07:25:40.767203] ] (STDOUT, APP/TASK/deploy)#
#2026 06 11 07:25:43.336#Z#DEBUG#5b06605e-6566-11f1-bbb5-eeee0a95761a.Leave_SAP-db-deployer#flowable-async-job-executor-thread-4141#
[PollExecuteTaskStatusExecution] 34a6a01a-8300-4b82-9c1e-ff6752a8bf21 [2026-06-11T07:25:40.767205] } (STDOUT, APP/TASK/deploy)#
#2026 06 11 07:25:43.336#Z#DEBUG#5b06605e-6566-11f1-bbb5-eeee0a95761a.Leave_SAP-db-deployer#flowable-async-job-executor-thread-4141#
[PollExecuteTaskStatusExecution] 34a6a01a-8300-4b82-9c1e-ff6752a8bf21 [2026-06-11T07:25:40.767207] ] (STDOUT, APP/TASK/deploy)#
#2026 06 11 07:25:43.336#Z#DEBUG#5b06605e-6566-11f1-bbb5-eeee0a95761a.Leave_SAP-db-deployer#flowable-async-job-executor-thread-4141#
[PollExecuteTaskStatusExecution] 34a6a01a-8300-4b82-9c1e-ff6752a8bf21 [2026-06-11T07:25:40.767210] } (STDOUT, APP/TASK/deploy)#
#2026 06 11 07:25:43.336#Z#DEBUG#5b06605e-6566-11f1-bbb5-eeee0a95761a.Leave_SAP-db-deployer#flowable-async-job-executor-thread-4141#
[PollExecuteTaskStatusExecution] 34a6a01a-8300-4b82-9c1e-ff6752a8bf21 [2026-06-11T07:25:41.181571] @sap/hdi-deploy, version 5.6.1 (mode default), server version 4.00.000.00.1778573239 (4.0.0.0), cloud version 2026.2.14, node version 24.15.0, HDI version 1016, container API version 1007 (STDOUT, APP/TASK/deploy)#
#2026 06 11 07:25:43.336#Z#DEBUG#5b06605e-6566-11f1-bbb5-eeee0a95761a.Leave_SAP-db-deployer#flowable-async-job-executor-thread-4141#
[PollExecuteTaskStatusExecution] 34a6a01a-8300-4b82-9c1e-ff6752a8bf21 [2026-06-11T07:25:41.181647] Deployment started at 2026-06-11 07:25:41 (STDOUT, APP/TASK/deploy)#
#2026 06 11 07:25:43.336#Z#DEBUG#5b06605e-6566-11f1-bbb5-eeee0a95761a.Leave_SAP-db-deployer#flowable-async-job-executor-thread-4141#
[PollExecuteTaskStatusExecution] 34a6a01a-8300-4b82-9c1e-ff6752a8bf21 [2026-06-11T07:25:41.181933] Using hdb@2.27.1 for connection (STDOUT, APP/TASK/deploy)#
#2026 06 11 07:25:43.336#Z#DEBUG#5b06605e-6566-11f1-bbb5-eeee0a95761a.Leave_SAP-db-deployer#flowable-async-job-executor-thread-4141#
[PollExecuteTaskStatusExecution] 34a6a01a-8300-4b82-9c1e-ff6752a8bf21 [2026-06-11T07:25:41.201677] No ignore file at /home/vcap/app/.hdiignore. (STDOUT, APP/TASK/deploy)#
#2026 06 11 07:25:43.336#Z#DEBUG#5b06605e-6566-11f1-bbb5-eeee0a95761a.Leave_SAP-db-deployer#flowable-async-job-executor-thread-4141#
[PollExecuteTaskStatusExecution] 34a6a01a-8300-4b82-9c1e-ff6752a8bf21 [2026-06-11T07:25:41.202049] Collecting files... (STDOUT, APP/TASK/deploy)#
#2026 06 11 07:25:43.336#Z#DEBUG#5b06605e-6566-11f1-bbb5-eeee0a95761a.Leave_SAP-db-deployer#flowable-async-job-executor-thread-4141#
[PollExecuteTaskStatusExecution] 34a6a01a-8300-4b82-9c1e-ff6752a8bf21 [2026-06-11T07:25:41.206549] Collecting files... ok (0s 4ms) (STDOUT, APP/TASK/deploy)#
#2026 06 11 07:25:43.336#Z#DEBUG#5b06605e-6566-11f1-bbb5-eeee0a95761a.Leave_SAP-db-deployer#flowable-async-job-executor-thread-4141#
[PollExecuteTaskStatusExecution] 34a6a01a-8300-4b82-9c1e-ff6752a8bf21 [2026-06-11T07:25:41.206759] 3 directories collected (STDOUT, APP/TASK/deploy)#
#2026 06 11 07:25:43.336#Z#DEBUG#5b06605e-6566-11f1-bbb5-eeee0a95761a.Leave_SAP-db-deployer#flowable-async-job-executor-thread-4141#
[PollExecuteTaskStatusExecution] 34a6a01a-8300-4b82-9c1e-ff6752a8bf21 [2026-06-11T07:25:41.206770] 15 files collected (STDOUT, APP/TASK/deploy)#
#2026 06 11 07:25:43.336#Z#DEBUG#5b06605e-6566-11f1-bbb5-eeee0a95761a.Leave_SAP-db-deployer#flowable-async-job-executor-thread-4141#
[PollExecuteTaskStatusExecution] 34a6a01a-8300-4b82-9c1e-ff6752a8bf21 [2026-06-11T07:25:41.206855] 0 reusable modules collected (STDOUT, APP/TASK/deploy)#
#2026 06 11 07:25:43.336#Z#DEBUG#5b06605e-6566-11f1-bbb5-eeee0a95761a.Leave_SAP-db-deployer#flowable-async-job-executor-thread-4141#
[PollExecuteTaskStatusExecution] 34a6a01a-8300-4b82-9c1e-ff6752a8bf21 [2026-06-11T07:25:41.206875] Target service: Leave_SAP-db (STDOUT, APP/TASK/deploy)#
#2026 06 11 07:25:43.336#Z#DEBUG#5b06605e-6566-11f1-bbb5-eeee0a95761a.Leave_SAP-db-deployer#flowable-async-job-executor-thread-4141#
[PollExecuteTaskStatusExecution] 34a6a01a-8300-4b82-9c1e-ff6752a8bf21 [2026-06-11T07:25:41.388561] Previous build with request ID 121 finished at 2026-06-11T06:54:34.812 with status Committed and message: Make succeeded (0 warnings): 4 files deployed (effective 4), 1 files undeployed (effective 1), 1 dependent files redeployed. (STDOUT, APP/TASK/deploy)#
#2026 06 11 07:25:43.336#Z#DEBUG#5b06605e-6566-11f1-bbb5-eeee0a95761a.Leave_SAP-db-deployer#flowable-async-job-executor-thread-4141#
[PollExecuteTaskStatusExecution] 34a6a01a-8300-4b82-9c1e-ff6752a8bf21 [2026-06-11T07:25:41.388768] Processing revoke files... (STDOUT, APP/TASK/deploy)#
#2026 06 11 07:25:43.336#Z#DEBUG#5b06605e-6566-11f1-bbb5-eeee0a95761a.Leave_SAP-db-deployer#flowable-async-job-executor-thread-4141#
[PollExecuteTaskStatusExecution] 34a6a01a-8300-4b82-9c1e-ff6752a8bf21 [2026-06-11T07:25:41.388960] Processing revoke files... ok (0s 0ms) (STDOUT, APP/TASK/deploy)#
#2026 06 11 07:25:43.336#Z#DEBUG#5b06605e-6566-11f1-bbb5-eeee0a95761a.Leave_SAP-db-deployer#flowable-async-job-executor-thread-4141#
[PollExecuteTaskStatusExecution] 34a6a01a-8300-4b82-9c1e-ff6752a8bf21 [2026-06-11T07:25:41.389257] Processing grants files... (STDOUT, APP/TASK/deploy)#
#2026 06 11 07:25:43.336#Z#DEBUG#5b06605e-6566-11f1-bbb5-eeee0a95761a.Leave_SAP-db-deployer#flowable-async-job-executor-thread-4141#
[PollExecuteTaskStatusExecution] 34a6a01a-8300-4b82-9c1e-ff6752a8bf21 [2026-06-11T07:25:41.389302] Processing grants files... ok (0s 0ms) (STDOUT, APP/TASK/deploy)#
#2026 06 11 07:25:43.336#Z#DEBUG#5b06605e-6566-11f1-bbb5-eeee0a95761a.Leave_SAP-db-deployer#flowable-async-job-executor-thread-4141#
[PollExecuteTaskStatusExecution] 34a6a01a-8300-4b82-9c1e-ff6752a8bf21 [2026-06-11T07:25:41.392177] Preprocessing files... (STDOUT, APP/TASK/deploy)#
#2026 06 11 07:25:43.336#Z#DEBUG#5b06605e-6566-11f1-bbb5-eeee0a95761a.Leave_SAP-db-deployer#flowable-async-job-executor-thread-4141#
[PollExecuteTaskStatusExecution] 34a6a01a-8300-4b82-9c1e-ff6752a8bf21 [2026-06-11T07:25:41.392672] Preprocessing files... ok (0s 0ms) (STDOUT, APP/TASK/deploy)#
#2026 06 11 07:25:43.336#Z#DEBUG#5b06605e-6566-11f1-bbb5-eeee0a95761a.Leave_SAP-db-deployer#flowable-async-job-executor-thread-4141#
[PollExecuteTaskStatusExecution] 34a6a01a-8300-4b82-9c1e-ff6752a8bf21 [2026-06-11T07:25:41.392825] Connecting to the container "FA5858CF9BE64AE6905E02DD83499BCC"... (STDOUT, APP/TASK/deploy)#
#2026 06 11 07:25:43.336#Z#DEBUG#5b06605e-6566-11f1-bbb5-eeee0a95761a.Leave_SAP-db-deployer#flowable-async-job-executor-thread-4141#
[PollExecuteTaskStatusExecution] 34a6a01a-8300-4b82-9c1e-ff6752a8bf21 [2026-06-11T07:25:41.463392] Connecting to the container "FA5858CF9BE64AE6905E02DD83499BCC"... ok (0s 70ms) (STDOUT, APP/TASK/deploy)#
#2026 06 11 07:25:43.336#Z#DEBUG#5b06605e-6566-11f1-bbb5-eeee0a95761a.Leave_SAP-db-deployer#flowable-async-job-executor-thread-4141#
[PollExecuteTaskStatusExecution] 34a6a01a-8300-4b82-9c1e-ff6752a8bf21 [2026-06-11T07:25:41.463429] Locking the container "FA5858CF9BE64AE6905E02DD83499BCC"... (STDOUT, APP/TASK/deploy)#
#2026 06 11 07:25:43.336#Z#DEBUG#5b06605e-6566-11f1-bbb5-eeee0a95761a.Leave_SAP-db-deployer#flowable-async-job-executor-thread-4141#
[PollExecuteTaskStatusExecution] 34a6a01a-8300-4b82-9c1e-ff6752a8bf21 [2026-06-11T07:25:41.589252] Locking the container "FA5858CF9BE64AE6905E02DD83499BCC"... ok (0s 126ms) (STDOUT, APP/TASK/deploy)#
#2026 06 11 07:25:43.336#Z#DEBUG#5b06605e-6566-11f1-bbb5-eeee0a95761a.Leave_SAP-db-deployer#flowable-async-job-executor-thread-4141#
[PollExecuteTaskStatusExecution] 34a6a01a-8300-4b82-9c1e-ff6752a8bf21 [2026-06-11T07:25:41.589273] Synchronizing files with the container "FA5858CF9BE64AE6905E02DD83499BCC"... (STDOUT, APP/TASK/deploy)#
#2026 06 11 07:25:43.336#Z#DEBUG#5b06605e-6566-11f1-bbb5-eeee0a95761a.Leave_SAP-db-deployer#flowable-async-job-executor-thread-4141#
[PollExecuteTaskStatusExecution] 34a6a01a-8300-4b82-9c1e-ff6752a8bf21 [2026-06-11T07:25:41.828715] Deleting files... (STDOUT, APP/TASK/deploy)#
#2026 06 11 07:25:43.336#Z#DEBUG#5b06605e-6566-11f1-bbb5-eeee0a95761a.Leave_SAP-db-deployer#flowable-async-job-executor-thread-4141#
[PollExecuteTaskStatusExecution] 34a6a01a-8300-4b82-9c1e-ff6752a8bf21 [2026-06-11T07:25:41.982097] Deleting files... ok (STDOUT, APP/TASK/deploy)#
#2026 06 11 07:25:43.336#Z#DEBUG#5b06605e-6566-11f1-bbb5-eeee0a95761a.Leave_SAP-db-deployer#flowable-async-job-executor-thread-4141#
[PollExecuteTaskStatusExecution] 34a6a01a-8300-4b82-9c1e-ff6752a8bf21 [2026-06-11T07:25:41.982222] Writing files... (STDOUT, APP/TASK/deploy)#
#2026 06 11 07:25:43.336#Z#DEBUG#5b06605e-6566-11f1-bbb5-eeee0a95761a.Leave_SAP-db-deployer#flowable-async-job-executor-thread-4141#
[PollExecuteTaskStatusExecution] 34a6a01a-8300-4b82-9c1e-ff6752a8bf21 [2026-06-11T07:25:41.982339] Writing 3 items (STDOUT, APP/TASK/deploy)#
#2026 06 11 07:25:43.336#Z#DEBUG#5b06605e-6566-11f1-bbb5-eeee0a95761a.Leave_SAP-db-deployer#flowable-async-job-executor-thread-4141#
[PollExecuteTaskStatusExecution] 34a6a01a-8300-4b82-9c1e-ff6752a8bf21 [2026-06-11T07:25:42.138814] Writing files... ok (STDOUT, APP/TASK/deploy)#
#2026 06 11 07:25:43.336#Z#DEBUG#5b06605e-6566-11f1-bbb5-eeee0a95761a.Leave_SAP-db-deployer#flowable-async-job-executor-thread-4141#
[PollExecuteTaskStatusExecution] 34a6a01a-8300-4b82-9c1e-ff6752a8bf21 [2026-06-11T07:25:42.139091] Synchronizing files with the container "FA5858CF9BE64AE6905E02DD83499BCC"... ok (0s 545ms) (STDOUT, APP/TASK/deploy)#
#2026 06 11 07:25:43.336#Z#DEBUG#5b06605e-6566-11f1-bbb5-eeee0a95761a.Leave_SAP-db-deployer#flowable-async-job-executor-thread-4141#
[PollExecuteTaskStatusExecution] 34a6a01a-8300-4b82-9c1e-ff6752a8bf21 [2026-06-11T07:25:42.139095] added files: [] (STDOUT, APP/TASK/deploy)#
#2026 06 11 07:25:43.336#Z#DEBUG#5b06605e-6566-11f1-bbb5-eeee0a95761a.Leave_SAP-db-deployer#flowable-async-job-executor-thread-4141#
[PollExecuteTaskStatusExecution] 34a6a01a-8300-4b82-9c1e-ff6752a8bf21 [2026-06-11T07:25:42.139136] modified files: [] (STDOUT, APP/TASK/deploy)#
#2026 06 11 07:25:43.336#Z#DEBUG#5b06605e-6566-11f1-bbb5-eeee0a95761a.Leave_SAP-db-deployer#flowable-async-job-executor-thread-4141#
[PollExecuteTaskStatusExecution] 34a6a01a-8300-4b82-9c1e-ff6752a8bf21 [2026-06-11T07:25:42.139139] Undeploy allowlist file "undeploy.json" found; deleted files will be filtered by the allowlist (STDOUT, APP/TASK/deploy)#
#2026 06 11 07:25:43.336#Z#DEBUG#5b06605e-6566-11f1-bbb5-eeee0a95761a.Leave_SAP-db-deployer#flowable-async-job-executor-thread-4141#
[PollExecuteTaskStatusExecution] 34a6a01a-8300-4b82-9c1e-ff6752a8bf21 [2026-06-11T07:25:42.139178] 1 deleted files are scheduled for undeploy before filtering it by undeploy allowlist (STDOUT, APP/TASK/deploy)#
#2026 06 11 07:25:43.336#Z#DEBUG#5b06605e-6566-11f1-bbb5-eeee0a95761a.Leave_SAP-db-deployer#flowable-async-job-executor-thread-4141#
[PollExecuteTaskStatusExecution] 34a6a01a-8300-4b82-9c1e-ff6752a8bf21 [2026-06-11T07:25:42.139438] deleted files before filtering it by the undeploy allowlist: [ (STDOUT, APP/TASK/deploy)#
#2026 06 11 07:25:43.336#Z#DEBUG#5b06605e-6566-11f1-bbb5-eeee0a95761a.Leave_SAP-db-deployer#flowable-async-job-executor-thread-4141#
[PollExecuteTaskStatusExecution] 34a6a01a-8300-4b82-9c1e-ff6752a8bf21 [2026-06-11T07:25:42.139441] "src/gen/db.EmployeeLeaveBalance.hdbtable" (STDOUT, APP/TASK/deploy)#
#2026 06 11 07:25:43.336#Z#DEBUG#5b06605e-6566-11f1-bbb5-eeee0a95761a.Leave_SAP-db-deployer#flowable-async-job-executor-thread-4141#
[PollExecuteTaskStatusExecution] 34a6a01a-8300-4b82-9c1e-ff6752a8bf21 [2026-06-11T07:25:42.139444] ] (STDOUT, APP/TASK/deploy)#
#2026 06 11 07:25:43.336#Z#DEBUG#5b06605e-6566-11f1-bbb5-eeee0a95761a.Leave_SAP-db-deployer#flowable-async-job-executor-thread-4141#
[PollExecuteTaskStatusExecution] 34a6a01a-8300-4b82-9c1e-ff6752a8bf21 [2026-06-11T07:25:42.139472] deleted files: [] (STDOUT, APP/TASK/deploy)#
#2026 06 11 07:25:43.336#Z#DEBUG#5b06605e-6566-11f1-bbb5-eeee0a95761a.Leave_SAP-db-deployer#flowable-async-job-executor-thread-4141#
[PollExecuteTaskStatusExecution] 34a6a01a-8300-4b82-9c1e-ff6752a8bf21 [2026-06-11T07:25:42.139474] WARNING: deleted files not in undeploy.json: [ (STDOUT, APP/TASK/deploy)#
#2026 06 11 07:25:43.336#Z#DEBUG#5b06605e-6566-11f1-bbb5-eeee0a95761a.Leave_SAP-db-deployer#flowable-async-job-executor-thread-4141#
[PollExecuteTaskStatusExecution] 34a6a01a-8300-4b82-9c1e-ff6752a8bf21 [2026-06-11T07:25:42.139476] "src/gen/db.EmployeeLeaveBalance.hdbtable" (STDOUT, APP/TASK/deploy)#
#2026 06 11 07:25:43.336#Z#DEBUG#5b06605e-6566-11f1-bbb5-eeee0a95761a.Leave_SAP-db-deployer#flowable-async-job-executor-thread-4141#
[PollExecuteTaskStatusExecution] 34a6a01a-8300-4b82-9c1e-ff6752a8bf21 [2026-06-11T07:25:42.139514] ] (STDOUT, APP/TASK/deploy)#
#2026 06 11 07:25:43.336#Z#DEBUG#5b06605e-6566-11f1-bbb5-eeee0a95761a.Leave_SAP-db-deployer#flowable-async-job-executor-thread-4141#
[PollExecuteTaskStatusExecution] 34a6a01a-8300-4b82-9c1e-ff6752a8bf21 [2026-06-11T07:25:42.139517] 0 modified or added files are scheduled for deploy based on delta detection (STDOUT, APP/TASK/deploy)#
#2026 06 11 07:25:43.336#Z#DEBUG#5b06605e-6566-11f1-bbb5-eeee0a95761a.Leave_SAP-db-deployer#flowable-async-job-executor-thread-4141#
[PollExecuteTaskStatusExecution] 34a6a01a-8300-4b82-9c1e-ff6752a8bf21 [2026-06-11T07:25:42.139521] 0 deleted files are scheduled for undeploy based on delta detection (filtered by undeploy allowlist) (STDOUT, APP/TASK/deploy)#
#2026 06 11 07:25:43.336#Z#DEBUG#5b06605e-6566-11f1-bbb5-eeee0a95761a.Leave_SAP-db-deployer#flowable-async-job-executor-thread-4141#
[PollExecuteTaskStatusExecution] 34a6a01a-8300-4b82-9c1e-ff6752a8bf21 [2026-06-11T07:25:42.139523] 0 files are scheduled for deploy based on explicit specification (STDOUT, APP/TASK/deploy)#
#2026 06 11 07:25:43.336#Z#DEBUG#5b06605e-6566-11f1-bbb5-eeee0a95761a.Leave_SAP-db-deployer#flowable-async-job-executor-thread-4141#
[PollExecuteTaskStatusExecution] 34a6a01a-8300-4b82-9c1e-ff6752a8bf21 [2026-06-11T07:25:42.139525] 0 files are scheduled for undeploy based on explicit specification (STDOUT, APP/TASK/deploy)#
#2026 06 11 07:25:43.336#Z#DEBUG#5b06605e-6566-11f1-bbb5-eeee0a95761a.Leave_SAP-db-deployer#flowable-async-job-executor-thread-4141#
[PollExecuteTaskStatusExecution] 34a6a01a-8300-4b82-9c1e-ff6752a8bf21 [2026-06-11T07:25:42.139530] Deploying to the container "FA5858CF9BE64AE6905E02DD83499BCC"... (STDOUT, APP/TASK/deploy)#
#2026 06 11 07:25:43.336#Z#DEBUG#5b06605e-6566-11f1-bbb5-eeee0a95761a.Leave_SAP-db-deployer#flowable-async-job-executor-thread-4141#
[PollExecuteTaskStatusExecution] 34a6a01a-8300-4b82-9c1e-ff6752a8bf21 [2026-06-11T07:25:42.544446] Starting make in the container "FA5858CF9BE64AE6905E02DD83499BCC" with 0 files to deploy, 0 files to undeploy... (STDOUT, APP/TASK/deploy)#
#2026 06 11 07:25:43.336#Z#DEBUG#5b06605e-6566-11f1-bbb5-eeee0a95761a.Leave_SAP-db-deployer#flowable-async-job-executor-thread-4141#
[PollExecuteTaskStatusExecution] 34a6a01a-8300-4b82-9c1e-ff6752a8bf21 [2026-06-11T07:25:42.544479] Disabling table replication for the container schema "FA5858CF9BE64AE6905E02DD83499BCC"... (STDOUT, APP/TASK/deploy)#
#2026 06 11 07:25:43.336#Z#DEBUG#5b06605e-6566-11f1-bbb5-eeee0a95761a.Leave_SAP-db-deployer#flowable-async-job-executor-thread-4141#
[PollExecuteTaskStatusExecution] 34a6a01a-8300-4b82-9c1e-ff6752a8bf21 [2026-06-11T07:25:42.544483] Disabling table replication for the container schema "FA5858CF9BE64AE6905E02DD83499BCC"... ok (0s 13ms) (STDOUT, APP/TASK/deploy)#
#2026 06 11 07:25:43.336#Z#DEBUG#5b06605e-6566-11f1-bbb5-eeee0a95761a.Leave_SAP-db-deployer#flowable-async-job-executor-thread-4141#
[PollExecuteTaskStatusExecution] 34a6a01a-8300-4b82-9c1e-ff6752a8bf21 [2026-06-11T07:25:42.544488] Migrating libraries... (STDOUT, APP/TASK/deploy)#
#2026 06 11 07:25:43.336#Z#DEBUG#5b06605e-6566-11f1-bbb5-eeee0a95761a.Leave_SAP-db-deployer#flowable-async-job-executor-thread-4141#
[PollExecuteTaskStatusExecution] 34a6a01a-8300-4b82-9c1e-ff6752a8bf21 [2026-06-11T07:25:42.544491] Migrating libraries... ok (0s 16ms) (STDOUT, APP/TASK/deploy)#
#2026 06 11 07:25:43.336#Z#DEBUG#5b06605e-6566-11f1-bbb5-eeee0a95761a.Leave_SAP-db-deployer#flowable-async-job-executor-thread-4141#
[PollExecuteTaskStatusExecution] 34a6a01a-8300-4b82-9c1e-ff6752a8bf21 [2026-06-11T07:25:42.544495] Making... (STDOUT, APP/TASK/deploy)#
#2026 06 11 07:25:43.336#Z#DEBUG#5b06605e-6566-11f1-bbb5-eeee0a95761a.Leave_SAP-db-deployer#flowable-async-job-executor-thread-4141#
[PollExecuteTaskStatusExecution] 34a6a01a-8300-4b82-9c1e-ff6752a8bf21 [2026-06-11T07:25:42.544496] Preparing... (STDOUT, APP/TASK/deploy)#
#2026 06 11 07:25:43.336#Z#DEBUG#5b06605e-6566-11f1-bbb5-eeee0a95761a.Leave_SAP-db-deployer#flowable-async-job-executor-thread-4141#
[PollExecuteTaskStatusExecution] 34a6a01a-8300-4b82-9c1e-ff6752a8bf21 [2026-06-11T07:25:42.544499] Preparing... ok (0s 0ms) (STDOUT, APP/TASK/deploy)#
#2026 06 11 07:25:43.336#Z#DEBUG#5b06605e-6566-11f1-bbb5-eeee0a95761a.Leave_SAP-db-deployer#flowable-async-job-executor-thread-4141#
[PollExecuteTaskStatusExecution] 34a6a01a-8300-4b82-9c1e-ff6752a8bf21 [2026-06-11T07:25:42.544501] Preparing the make transaction... (STDOUT, APP/TASK/deploy)#
#2026 06 11 07:25:43.336#Z#DEBUG#5b06605e-6566-11f1-bbb5-eeee0a95761a.Leave_SAP-db-deployer#flowable-async-job-executor-thread-4141#
[PollExecuteTaskStatusExecution] 34a6a01a-8300-4b82-9c1e-ff6752a8bf21 [2026-06-11T07:25:42.544503] Preparing the make transaction... ok (0s 17ms) (STDOUT, APP/TASK/deploy)#
#2026 06 11 07:25:43.336#Z#DEBUG#5b06605e-6566-11f1-bbb5-eeee0a95761a.Leave_SAP-db-deployer#flowable-async-job-executor-thread-4141#
[PollExecuteTaskStatusExecution] 34a6a01a-8300-4b82-9c1e-ff6752a8bf21 [2026-06-11T07:25:42.544506] Calculating dependencies... (STDOUT, APP/TASK/deploy)#
#2026 06 11 07:25:43.336#Z#DEBUG#5b06605e-6566-11f1-bbb5-eeee0a95761a.Leave_SAP-db-deployer#flowable-async-job-executor-thread-4141#
[PollExecuteTaskStatusExecution] 34a6a01a-8300-4b82-9c1e-ff6752a8bf21 [2026-06-11T07:25:42.544509] Expanding... (STDOUT, APP/TASK/deploy)#
#2026 06 11 07:25:43.336#Z#DEBUG#5b06605e-6566-11f1-bbb5-eeee0a95761a.Leave_SAP-db-deployer#flowable-async-job-executor-thread-4141#
[PollExecuteTaskStatusExecution] 34a6a01a-8300-4b82-9c1e-ff6752a8bf21 [2026-06-11T07:25:42.544511] Expanding... ok (0s 9ms) (STDOUT, APP/TASK/deploy)#
#2026 06 11 07:25:43.336#Z#DEBUG#5b06605e-6566-11f1-bbb5-eeee0a95761a.Leave_SAP-db-deployer#flowable-async-job-executor-thread-4141#
[PollExecuteTaskStatusExecution] 34a6a01a-8300-4b82-9c1e-ff6752a8bf21 [2026-06-11T07:25:42.544519] Precompiling... (STDOUT, APP/TASK/deploy)#
#2026 06 11 07:25:43.336#Z#DEBUG#5b06605e-6566-11f1-bbb5-eeee0a95761a.Leave_SAP-db-deployer#flowable-async-job-executor-thread-4141#
[PollExecuteTaskStatusExecution] 34a6a01a-8300-4b82-9c1e-ff6752a8bf21 [2026-06-11T07:25:42.544522] Precompiling... ok (0s 0ms) (STDOUT, APP/TASK/deploy)#
#2026 06 11 07:25:43.336#Z#DEBUG#5b06605e-6566-11f1-bbb5-eeee0a95761a.Leave_SAP-db-deployer#flowable-async-job-executor-thread-4141#
[PollExecuteTaskStatusExecution] 34a6a01a-8300-4b82-9c1e-ff6752a8bf21 [2026-06-11T07:25:42.544524] Merging... (STDOUT, APP/TASK/deploy)#
#2026 06 11 07:25:43.336#Z#DEBUG#5b06605e-6566-11f1-bbb5-eeee0a95761a.Leave_SAP-db-deployer#flowable-async-job-executor-thread-4141#
[PollExecuteTaskStatusExecution] 34a6a01a-8300-4b82-9c1e-ff6752a8bf21 [2026-06-11T07:25:42.544528] Merging... ok (0s 0ms) (STDOUT, APP/TASK/deploy)#
#2026 06 11 07:25:43.336#Z#DEBUG#5b06605e-6566-11f1-bbb5-eeee0a95761a.Leave_SAP-db-deployer#flowable-async-job-executor-thread-4141#
[PollExecuteTaskStatusExecution] 34a6a01a-8300-4b82-9c1e-ff6752a8bf21 [2026-06-11T07:25:42.544531] Calculating dependencies... ok (0s 9ms) (STDOUT, APP/TASK/deploy)#
#2026 06 11 07:25:43.336#Z#DEBUG#5b06605e-6566-11f1-bbb5-eeee0a95761a.Leave_SAP-db-deployer#flowable-async-job-executor-thread-4141#
[PollExecuteTaskStatusExecution] 34a6a01a-8300-4b82-9c1e-ff6752a8bf21 [2026-06-11T07:25:42.544533] No make necessary (STDOUT, APP/TASK/deploy)#
#2026 06 11 07:25:43.336#Z#DEBUG#5b06605e-6566-11f1-bbb5-eeee0a95761a.Leave_SAP-db-deployer#flowable-async-job-executor-thread-4141#
[PollExecuteTaskStatusExecution] 34a6a01a-8300-4b82-9c1e-ff6752a8bf21 [2026-06-11T07:25:42.544538] Making... ok (0s 112ms) (STDOUT, APP/TASK/deploy)#
#2026 06 11 07:25:43.336#Z#DEBUG#5b06605e-6566-11f1-bbb5-eeee0a95761a.Leave_SAP-db-deployer#flowable-async-job-executor-thread-4141#
[PollExecuteTaskStatusExecution] 34a6a01a-8300-4b82-9c1e-ff6752a8bf21 [2026-06-11T07:25:42.544540] Enabling table replication for the container schema "FA5858CF9BE64AE6905E02DD83499BCC"... (STDOUT, APP/TASK/deploy)#
#2026 06 11 07:25:43.336#Z#DEBUG#5b06605e-6566-11f1-bbb5-eeee0a95761a.Leave_SAP-db-deployer#flowable-async-job-executor-thread-4141#
[PollExecuteTaskStatusExecution] 34a6a01a-8300-4b82-9c1e-ff6752a8bf21 [2026-06-11T07:25:42.544542] Enabling table replication for the container schema "FA5858CF9BE64AE6905E02DD83499BCC"... ok (0s 13ms) (STDOUT, APP/TASK/deploy)#
#2026 06 11 07:25:43.336#Z#DEBUG#5b06605e-6566-11f1-bbb5-eeee0a95761a.Leave_SAP-db-deployer#flowable-async-job-executor-thread-4141#
[PollExecuteTaskStatusExecution] 34a6a01a-8300-4b82-9c1e-ff6752a8bf21 [2026-06-11T07:25:42.544545] Starting make in the container "FA5858CF9BE64AE6905E02DD83499BCC" with 0 files to deploy, 0 files to undeploy... ok (0s 160ms) (STDOUT, APP/TASK/deploy)#
#2026 06 11 07:25:43.336#Z#DEBUG#5b06605e-6566-11f1-bbb5-eeee0a95761a.Leave_SAP-db-deployer#flowable-async-job-executor-thread-4141#
[PollExecuteTaskStatusExecution] 34a6a01a-8300-4b82-9c1e-ff6752a8bf21 [2026-06-11T07:25:42.544552] Deploying to the container "FA5858CF9BE64AE6905E02DD83499BCC"... ok (0s 401ms) (STDOUT, APP/TASK/deploy)#
#2026 06 11 07:25:43.336#Z#DEBUG#5b06605e-6566-11f1-bbb5-eeee0a95761a.Leave_SAP-db-deployer#flowable-async-job-executor-thread-4141#
[PollExecuteTaskStatusExecution] 34a6a01a-8300-4b82-9c1e-ff6752a8bf21 [2026-06-11T07:25:42.544554] No default-access-role handling needed; global role "FA5858CF9BE64AE6905E02DD83499BCC::access_role" will not be adapted (STDOUT, APP/TASK/deploy)#
#2026 06 11 07:25:43.336#Z#DEBUG#5b06605e-6566-11f1-bbb5-eeee0a95761a.Leave_SAP-db-deployer#flowable-async-job-executor-thread-4141#
[PollExecuteTaskStatusExecution] 34a6a01a-8300-4b82-9c1e-ff6752a8bf21 [2026-06-11T07:25:42.544557] Unlocking the container "FA5858CF9BE64AE6905E02DD83499BCC"... (STDOUT, APP/TASK/deploy)#
#2026 06 11 07:25:43.336#Z#DEBUG#5b06605e-6566-11f1-bbb5-eeee0a95761a.Leave_SAP-db-deployer#flowable-async-job-executor-thread-4141#
[PollExecuteTaskStatusExecution] 34a6a01a-8300-4b82-9c1e-ff6752a8bf21 [2026-06-11T07:25:42.544562] Unlocking the container "FA5858CF9BE64AE6905E02DD83499BCC"... ok (0s 0ms) (STDOUT, APP/TASK/deploy)#
#2026 06 11 07:25:43.336#Z#DEBUG#5b06605e-6566-11f1-bbb5-eeee0a95761a.Leave_SAP-db-deployer#flowable-async-job-executor-thread-4141#
[PollExecuteTaskStatusExecution] 34a6a01a-8300-4b82-9c1e-ff6752a8bf21 [2026-06-11T07:25:42.544564] Deployment to container FA5858CF9BE64AE6905E02DD83499BCC done [Deployment ID: none]. (STDOUT, APP/TASK/deploy)#
#2026 06 11 07:25:43.336#Z#DEBUG#5b06605e-6566-11f1-bbb5-eeee0a95761a.Leave_SAP-db-deployer#flowable-async-job-executor-thread-4141#
[PollExecuteTaskStatusExecution] 34a6a01a-8300-4b82-9c1e-ff6752a8bf21 [2026-06-11T07:25:42.544566] Deployment ended at 2026-06-11 07:25:42 (STDOUT, APP/TASK/deploy)#
#2026 06 11 07:25:43.336#Z#DEBUG#5b06605e-6566-11f1-bbb5-eeee0a95761a.Leave_SAP-db-deployer#flowable-async-job-executor-thread-4141#
[PollExecuteTaskStatusExecution] 34a6a01a-8300-4b82-9c1e-ff6752a8bf21 [2026-06-11T07:25:42.544568] (1s 902ms) (STDOUT, APP/TASK/deploy)#
#2026 06 11 07:25:43.336#Z#DEBUG#5b06605e-6566-11f1-bbb5-eeee0a95761a.Leave_SAP-db-deployer#flowable-async-job-executor-thread-4141#
[PollExecuteTaskStatusExecution] 34a6a01a-8300-4b82-9c1e-ff6752a8bf21 [2026-06-11T07:25:42.560991] npm notice (STDERR, APP/TASK/deploy)#
#2026 06 11 07:25:43.336#Z#DEBUG#5b06605e-6566-11f1-bbb5-eeee0a95761a.Leave_SAP-db-deployer#flowable-async-job-executor-thread-4141#
[PollExecuteTaskStatusExecution] 34a6a01a-8300-4b82-9c1e-ff6752a8bf21 [2026-06-11T07:25:42.561023] npm notice New minor version of npm available! 11.12.1 -> 11.16.0 (STDERR, APP/TASK/deploy)#
#2026 06 11 07:25:43.336#Z#DEBUG#5b06605e-6566-11f1-bbb5-eeee0a95761a.Leave_SAP-db-deployer#flowable-async-job-executor-thread-4141#
[PollExecuteTaskStatusExecution] 34a6a01a-8300-4b82-9c1e-ff6752a8bf21 [2026-06-11T07:25:42.561027] npm notice Changelog: https://github.com/npm/cli/releases/tag/v11.16.0 (STDERR, APP/TASK/deploy)#
#2026 06 11 07:25:43.336#Z#DEBUG#5b06605e-6566-11f1-bbb5-eeee0a95761a.Leave_SAP-db-deployer#flowable-async-job-executor-thread-4141#
[PollExecuteTaskStatusExecution] 34a6a01a-8300-4b82-9c1e-ff6752a8bf21 [2026-06-11T07:25:42.561030] npm notice To update run: npm install -g npm@11.16.0 (STDERR, APP/TASK/deploy)#
#2026 06 11 07:25:43.336#Z#DEBUG#5b06605e-6566-11f1-bbb5-eeee0a95761a.Leave_SAP-db-deployer#flowable-async-job-executor-thread-4141#
[PollExecuteTaskStatusExecution] 34a6a01a-8300-4b82-9c1e-ff6752a8bf21 [2026-06-11T07:25:42.561032] npm notice (STDERR, APP/TASK/deploy)#
#2026 06 11 07:25:43.336#Z#DEBUG#5b06605e-6566-11f1-bbb5-eeee0a95761a.Leave_SAP-db-deployer#flowable-async-job-executor-thread-4141#
[PollExecuteTaskStatusExecution] 34a6a01a-8300-4b82-9c1e-ff6752a8bf21 [2026-06-11T07:25:42.624744] Exit status 0 (STDOUT, APP/TASK/deploy)#
#2026 06 11 07:25:54.325#Z#DEBUG#5b06605e-6566-11f1-bbb5-eeee0a95761a.Leave_SAP-db-deployer#flowable-async-job-executor-thread-4150#
[PollExecuteTaskStatusExecution] 34a6a01a-8300-4b82-9c1e-ff6752a8bf21 [2026-06-11T07:25:43.255547] Cell c839c7b1-088e-41af-b9b7-66256aacd457 stopping instance 1aca8389-220b-42b8-ac0f-b04c52622ae5 (STDOUT, CELL)#
#2026 06 11 07:25:54.325#Z#DEBUG#5b06605e-6566-11f1-bbb5-eeee0a95761a.Leave_SAP-db-deployer#flowable-async-job-executor-thread-4150#
[PollExecuteTaskStatusExecution] 34a6a01a-8300-4b82-9c1e-ff6752a8bf21 [2026-06-11T07:25:43.255589] Cell c839c7b1-088e-41af-b9b7-66256aacd457 destroying container for instance 1aca8389-220b-42b8-ac0f-b04c52622ae5 (STDOUT, CELL)#
#2026 06 11 07:25:54.325#Z#DEBUG#5b06605e-6566-11f1-bbb5-eeee0a95761a.Leave_SAP-db-deployer#flowable-async-job-executor-thread-4150#
[PollExecuteTaskStatusExecution] 34a6a01a-8300-4b82-9c1e-ff6752a8bf21 [2026-06-11T07:25:47.124500] Cell c839c7b1-088e-41af-b9b7-66256aacd457 successfully destroyed container for instance 1aca8389-220b-42b8-ac0f-b04c52622ae5 (STDOUT, CELL)#
